#
# There is insufficient memory for the Java Runtime Environment to continue.
# Native memory allocation (malloc) failed to allocate 2097152 bytes for AllocateHeap
# Possible reasons:
#   The system is out of physical RAM or swap space
#   The process is running with CompressedOops enabled, and the Java Heap may be blocking the growth of the native heap
# Possible solutions:
#   Reduce memory load on the system
#   Increase physical memory or swap space
#   Check if swap backing store is full
#   Decrease Java heap size (-Xmx/-Xms)
#   Decrease number of Java threads
#   Decrease Java thread stack sizes (-Xss)
#   Set larger code cache with -XX:ReservedCodeCacheSize=
#   JVM is running with Unscaled Compressed Oops mode in which the Java heap is
#     placed in the first 4GB address space. The Java Heap base address is the
#     maximum limit for the native heap growth. Please use -XX:HeapBaseMinAddress
#     to set the Java Heap base and to place the Java Heap above 4GB virtual address.
# This output file may be truncated or incomplete.
#
#  Out of Memory Error (allocation.cpp:44), pid=23596, tid=34228
#
# JRE version: Java(TM) SE Runtime Environment (21.0.3+7) (build 21.0.3+7-LTS-152)
# Java VM: Java HotSpot(TM) 64-Bit Server VM (21.0.3+7-LTS-152, mixed mode, sharing, tiered, compressed oops, compressed class ptrs, g1 gc, windows-amd64)
# No core dump will be written. Minidumps are not enabled by default on client versions of Windows
#

---------------  S U M M A R Y ------------

Command Line: -Dfile.encoding=UTF8 -ea -Xmx1024m 

Host: 11th Gen Intel(R) Core(TM) i5-1135G7 @ 2.40GHz, 8 cores, 15G,  Windows 11 , 64 bit Build 22621 (10.0.22621.3672)
Time: Tue Jul 23 16:05:49 2024 대한민국 표준시 elapsed time: 4.326673 seconds (0d 0h 0m 4s)

---------------  T H R E A D  ---------------

Current thread (0x000002a0950ca520):  VMThread "VM Thread"          [id=34228, stack(0x000000a73f7e0000,0x000000a73f9d0000) (1984K)]

Stack: [0x000000a73f7e0000,0x000000a73f9d0000]
Native frames: (J=compiled Java code, j=interpreted, Vv=VM code, C=native code)
C  0x00007ffdac3a63b9
C  0x00007ffdac52fa11
C  0x00007ffdac531f3e
C  0x00007ffdac532613
C  0x00007ffdabf5cd46
C  0x00007ffdabd9f657
C  0x00007ffdac02108e
C  0x00007ffdac01b98e
C  0x00007ffdac0043e8
C  0x00007ffdac047234
C  0x00007ffdac537fd0
C  0x00007ffdac5390d4
C  0x00007ffdac539610
C  0x00007ffdac5398b3
C  0x00007ffdac4d9ffb
C  0x00007ffdac3a4a9d
C  [ucrtbase.dll+0x29333]
C  [KERNEL32.DLL+0x1257d]
C  [ntdll.dll+0x5af28]

VM_Operation (0x000000a740f1e720): G1CollectFull, mode: safepoint, requested by thread 0x000002a0950c45a0


---------------  P R O C E S S  ---------------

Threads class SMR info:
_java_thread_list=0x000002a095c3bd90, length=12, elements={
0x000002a0950c7390, 0x000002a0950c5fe0, 0x000002a0950c52c0, 0x000002a0950c1120,
0x000002a0950c6d00, 0x000002a0950c17b0, 0x000002a0950c0400, 0x000002a085b8e1c0,
0x000002a085b88930, 0x000002a0950c0a90, 0x000002a0950c3f10, 0x000002a0950c45a0
}

Java Threads: ( => current thread )
  0x000002a0950c7390 JavaThread "main"                              [_thread_blocked, id=14876, stack(0x000000a73b600000,0x000000a73b7f0000) (1984K)]
  0x000002a0950c5fe0 JavaThread "Reference Handler"          daemon [_thread_blocked, id=24496, stack(0x000000a73f9d0000,0x000000a73fbc0000) (1984K)]
  0x000002a0950c52c0 JavaThread "Finalizer"                  daemon [_thread_blocked, id=6428, stack(0x000000a73fbc0000,0x000000a73fdb0000) (1984K)]
  0x000002a0950c1120 JavaThread "Signal Dispatcher"          daemon [_thread_blocked, id=27724, stack(0x000000a73fdb0000,0x000000a73ffa0000) (1984K)]
  0x000002a0950c6d00 JavaThread "Attach Listener"            daemon [_thread_blocked, id=25788, stack(0x000000a73ffa0000,0x000000a740190000) (1984K)]
  0x000002a0950c17b0 JavaThread "Service Thread"             daemon [_thread_blocked, id=18332, stack(0x000000a740190000,0x000000a740380000) (1984K)]
  0x000002a0950c0400 JavaThread "Monitor Deflation Thread"   daemon [_thread_blocked, id=26732, stack(0x000000a740380000,0x000000a740570000) (1984K)]
  0x000002a085b8e1c0 JavaThread "C2 CompilerThread0"         daemon [_thread_blocked, id=17876, stack(0x000000a740570000,0x000000a740760000) (1984K)]
  0x000002a085b88930 JavaThread "C1 CompilerThread0"         daemon [_thread_blocked, id=22800, stack(0x000000a740760000,0x000000a740950000) (1984K)]
  0x000002a0950c0a90 JavaThread "Notification Thread"        daemon [_thread_blocked, id=31928, stack(0x000000a740950000,0x000000a740b40000) (1984K)]
  0x000002a0950c3f10 JavaThread "Common-Cleaner"             daemon [_thread_blocked, id=18280, stack(0x000000a740b40000,0x000000a740d30000) (1984K)]
  0x000002a0950c45a0 JavaThread "Python Reference Queue"     daemon [_thread_blocked, id=14984, stack(0x000000a740d30000,0x000000a740f20000) (1984K)]
Total: 12

Other Threads:
=>0x000002a0950ca520 VMThread "VM Thread"                           [id=34228, stack(0x000000a73f7e0000,0x000000a73f9d0000) (1984K)]
  0x000002a085b11050 WatcherThread "VM Periodic Task Thread"        [id=28580, stack(0x000000a73f5f0000,0x000000a73f7e0000) (1984K)]
  0x000002a0950cd440 WorkerThread "GC Thread#0"                     [id=28352, stack(0x000000a73ec40000,0x000000a73ee30000) (1984K)]
  0x000002a095efb6f0 WorkerThread "GC Thread#1"                     [id=20144, stack(0x000000a741110000,0x000000a741300000) (1984K)]
  0x000002a095ef8430 WorkerThread "GC Thread#2"                     [id=11420, stack(0x000000a741300000,0x000000a7414f0000) (1984K)]
  0x000002a095ef8b70 WorkerThread "GC Thread#3"                     [id=16724, stack(0x000000a7414f0000,0x000000a7416e0000) (1984K)]
  0x000002a095ef4a30 WorkerThread "GC Thread#4"                     [id=34416, stack(0x000000a7416e0000,0x000000a7418d0000) (1984K)]
  0x000002a095ef8090 WorkerThread "GC Thread#5"                     [id=20824, stack(0x000000a7418d0000,0x000000a741ac0000) (1984K)]
  0x000002a085ba9920 ConcurrentGCThread "G1 Main Marker"            [id=9628, stack(0x000000a73ee30000,0x000000a73f020000) (1984K)]
  0x000002a0950cd7e0 WorkerThread "G1 Conc#0"                       [id=33688, stack(0x000000a73f020000,0x000000a73f210000) (1984K)]
  0x000002a095efac10 WorkerThread "G1 Conc#1"                       [id=34216, stack(0x000000a741cb0000,0x000000a741ea0000) (1984K)]
  0x000002a0857aa860 ConcurrentGCThread "G1 Refine#0"               [id=33276, stack(0x000000a73f210000,0x000000a73f400000) (1984K)]
  0x000002a0950d56f0 ConcurrentGCThread "G1 Service"                [id=32948, stack(0x000000a73f400000,0x000000a73f5f0000) (1984K)]
Total: 13

Threads with active compile tasks:
Total: 0

VM state: at safepoint (normal execution)

VM Mutex/Monitor currently owned by a thread:  ([mutex/lock_event])
[0x00007ffdac912da8] Threads_lock - owner thread: 0x000002a0950ca520
[0x00007ffdac912ea8] Heap_lock - owner thread: 0x000002a0950c45a0

Heap address: 0x00000000c0000000, size: 1024 MB, Compressed Oops mode: 32-bit

CDS archive(s) mapped at: [0x000002a100000000-0x000002a100c90000-0x000002a100c90000), size 13172736, SharedBaseAddress: 0x000002a100000000, ArchiveRelocationMode: 1.
Compressed class space mapped at: 0x000002a101000000-0x000002a141000000, reserved size: 1073741824
Narrow klass base: 0x000002a100000000, Narrow klass shift: 0, Narrow klass range: 0x100000000

GC Precious Log:
 CardTable entry size: 512
 Card Set container configuration: InlinePtr #cards 5 size 8 Array Of Cards #cards 12 size 40 Howl #buckets 4 coarsen threshold 1843 Howl Bitmap #cards 512 size 80 coarsen threshold 460 Card regions per heap region 1 cards per card region 2048
 CPUs: 8 total, 8 available
 Memory: 16107M
 Large Page Support: Disabled
 NUMA Support: Disabled
 Compressed Oops: Enabled (32-bit)
 Heap Region Size: 1M
 Heap Min Capacity: 8M
 Heap Initial Capacity: 252M
 Heap Max Capacity: 1G
 Pre-touch: Disabled
 Parallel Workers: 8
 Concurrent Workers: 2
 Concurrent Refinement Workers: 8
 Periodic GC: Disabled

Heap:
 garbage-first heap   total 137216K, used 90885K [0x00000000c0000000, 0x0000000100000000)
  region size 1024K, 11 young (11264K), 0 survivors (0K)
 Metaspace       used 3637K, committed 3840K, reserved 1114112K
  class space    used 328K, committed 448K, reserved 1048576K

Heap Regions: E=young(eden), S=young(survivor), O=old, HS=humongous(starts), HC=humongous(continues), CS=collection set, F=free, TAMS=top-at-mark-start, PB=parsable bottom
|   0|0x00000000c0000000, 0x00000000c00fffd8, 0x00000000c0100000| 99%| O|  |TAMS 0x00000000c0000000| PB 0x00000000c0000000| Untracked 
|   1|0x00000000c0100000, 0x00000000c01fffb8, 0x00000000c0200000| 99%| O|  |TAMS 0x00000000c0100000| PB 0x00000000c0100000| Untracked 
|   2|0x00000000c0200000, 0x00000000c02fffe8, 0x00000000c0300000| 99%| O|  |TAMS 0x00000000c0200000| PB 0x00000000c0200000| Untracked 
|   3|0x00000000c0300000, 0x00000000c03ffff0, 0x00000000c0400000| 99%| O|  |TAMS 0x00000000c0300000| PB 0x00000000c0300000| Untracked 
|   4|0x00000000c0400000, 0x00000000c04ffff0, 0x00000000c0500000| 99%| O|  |TAMS 0x00000000c0400000| PB 0x00000000c0400000| Untracked 
|   5|0x00000000c0500000, 0x00000000c05fffe0, 0x00000000c0600000| 99%| O|  |TAMS 0x00000000c0500000| PB 0x00000000c0500000| Untracked 
|   6|0x00000000c0600000, 0x00000000c0700000, 0x00000000c0700000|100%| O|  |TAMS 0x00000000c0600000| PB 0x00000000c0600000| Untracked 
|   7|0x00000000c0700000, 0x00000000c0800000, 0x00000000c0800000|100%| O|  |TAMS 0x00000000c0700000| PB 0x00000000c0700000| Untracked 
|   8|0x00000000c0800000, 0x00000000c0900000, 0x00000000c0900000|100%| O|  |TAMS 0x00000000c0800000| PB 0x00000000c0800000| Untracked 
|   9|0x00000000c0900000, 0x00000000c09ffff0, 0x00000000c0a00000| 99%| O|  |TAMS 0x00000000c0900000| PB 0x00000000c0900000| Untracked 
|  10|0x00000000c0a00000, 0x00000000c0b00000, 0x00000000c0b00000|100%| O|  |TAMS 0x00000000c0a00000| PB 0x00000000c0a00000| Untracked 
|  11|0x00000000c0b00000, 0x00000000c0c00000, 0x00000000c0c00000|100%| O|  |TAMS 0x00000000c0b00000| PB 0x00000000c0b00000| Untracked 
|  12|0x00000000c0c00000, 0x00000000c0d00000, 0x00000000c0d00000|100%| O|  |TAMS 0x00000000c0c00000| PB 0x00000000c0c00000| Untracked 
|  13|0x00000000c0d00000, 0x00000000c0e00000, 0x00000000c0e00000|100%| O|  |TAMS 0x00000000c0d00000| PB 0x00000000c0d00000| Untracked 
|  14|0x00000000c0e00000, 0x00000000c0f00000, 0x00000000c0f00000|100%| O|  |TAMS 0x00000000c0e00000| PB 0x00000000c0e00000| Untracked 
|  15|0x00000000c0f00000, 0x00000000c0fffff8, 0x00000000c1000000| 99%| O|  |TAMS 0x00000000c0f00000| PB 0x00000000c0f00000| Untracked 
|  16|0x00000000c1000000, 0x00000000c10ffff0, 0x00000000c1100000| 99%| O|  |TAMS 0x00000000c1000000| PB 0x00000000c1000000| Untracked 
|  17|0x00000000c1100000, 0x00000000c11ffff0, 0x00000000c1200000| 99%| O|  |TAMS 0x00000000c1100000| PB 0x00000000c1100000| Untracked 
|  18|0x00000000c1200000, 0x00000000c12fffe8, 0x00000000c1300000| 99%| O|  |TAMS 0x00000000c1200000| PB 0x00000000c1200000| Untracked 
|  19|0x00000000c1300000, 0x00000000c13ffff8, 0x00000000c1400000| 99%| O|  |TAMS 0x00000000c1300000| PB 0x00000000c1300000| Untracked 
|  20|0x00000000c1400000, 0x00000000c14fffe0, 0x00000000c1500000| 99%| O|  |TAMS 0x00000000c1400000| PB 0x00000000c1400000| Untracked 
|  21|0x00000000c1500000, 0x00000000c15ffff0, 0x00000000c1600000| 99%| O|  |TAMS 0x00000000c1500000| PB 0x00000000c1500000| Untracked 
|  22|0x00000000c1600000, 0x00000000c16fffe8, 0x00000000c1700000| 99%| O|  |TAMS 0x00000000c1600000| PB 0x00000000c1600000| Untracked 
|  23|0x00000000c1700000, 0x00000000c1800000, 0x00000000c1800000|100%| O|  |TAMS 0x00000000c1700000| PB 0x00000000c1700000| Untracked 
|  24|0x00000000c1800000, 0x00000000c18ffff0, 0x00000000c1900000| 99%| O|  |TAMS 0x00000000c1800000| PB 0x00000000c1800000| Untracked 
|  25|0x00000000c1900000, 0x00000000c19ffff8, 0x00000000c1a00000| 99%| O|  |TAMS 0x00000000c1900000| PB 0x00000000c1900000| Untracked 
|  26|0x00000000c1a00000, 0x00000000c1affff0, 0x00000000c1b00000| 99%| O|  |TAMS 0x00000000c1a00000| PB 0x00000000c1a00000| Untracked 
|  27|0x00000000c1b00000, 0x00000000c1c00000, 0x00000000c1c00000|100%| O|  |TAMS 0x00000000c1b00000| PB 0x00000000c1b00000| Untracked 
|  28|0x00000000c1c00000, 0x00000000c1cffff0, 0x00000000c1d00000| 99%| O|  |TAMS 0x00000000c1c00000| PB 0x00000000c1c00000| Untracked 
|  29|0x00000000c1d00000, 0x00000000c1dfffe0, 0x00000000c1e00000| 99%| O|  |TAMS 0x00000000c1d00000| PB 0x00000000c1d00000| Untracked 
|  30|0x00000000c1e00000, 0x00000000c1effff0, 0x00000000c1f00000| 99%| O|  |TAMS 0x00000000c1e00000| PB 0x00000000c1e00000| Untracked 
|  31|0x00000000c1f00000, 0x00000000c1ffffe8, 0x00000000c2000000| 99%| O|  |TAMS 0x00000000c1f00000| PB 0x00000000c1f00000| Untracked 
|  32|0x00000000c2000000, 0x00000000c20fffe0, 0x00000000c2100000| 99%| O|  |TAMS 0x00000000c2000000| PB 0x00000000c2000000| Untracked 
|  33|0x00000000c2100000, 0x00000000c21f5fc8, 0x00000000c2200000| 96%| O|  |TAMS 0x00000000c2100000| PB 0x00000000c2100000| Untracked 
|  34|0x00000000c2200000, 0x00000000c22ffff8, 0x00000000c2300000| 99%| O|  |TAMS 0x00000000c2200000| PB 0x00000000c2200000| Untracked 
|  35|0x00000000c2300000, 0x00000000c23ffff8, 0x00000000c2400000| 99%| O|  |TAMS 0x00000000c2300000| PB 0x00000000c2300000| Untracked 
|  36|0x00000000c2400000, 0x00000000c24ffff0, 0x00000000c2500000| 99%| O|  |TAMS 0x00000000c2400000| PB 0x00000000c2400000| Untracked 
|  37|0x00000000c2500000, 0x00000000c25ffff0, 0x00000000c2600000| 99%| O|  |TAMS 0x00000000c2500000| PB 0x00000000c2500000| Untracked 
|  38|0x00000000c2600000, 0x00000000c26ffff8, 0x00000000c2700000| 99%| O|  |TAMS 0x00000000c2600000| PB 0x00000000c2600000| Untracked 
|  39|0x00000000c2700000, 0x00000000c27ffff8, 0x00000000c2800000| 99%| O|  |TAMS 0x00000000c2700000| PB 0x00000000c2700000| Untracked 
|  40|0x00000000c2800000, 0x00000000c28ffff8, 0x00000000c2900000| 99%| O|  |TAMS 0x00000000c2800000| PB 0x00000000c2800000| Untracked 
|  41|0x00000000c2900000, 0x00000000c29fffe8, 0x00000000c2a00000| 99%| O|  |TAMS 0x00000000c2900000| PB 0x00000000c2900000| Untracked 
|  42|0x00000000c2a00000, 0x00000000c2afffe0, 0x00000000c2b00000| 99%| O|  |TAMS 0x00000000c2a00000| PB 0x00000000c2a00000| Untracked 
|  43|0x00000000c2b00000, 0x00000000c2bffff0, 0x00000000c2c00000| 99%| O|  |TAMS 0x00000000c2b00000| PB 0x00000000c2b00000| Untracked 
|  44|0x00000000c2c00000, 0x00000000c2cffff8, 0x00000000c2d00000| 99%| O|  |TAMS 0x00000000c2c00000| PB 0x00000000c2c00000| Untracked 
|  45|0x00000000c2d00000, 0x00000000c2dfffe8, 0x00000000c2e00000| 99%| O|  |TAMS 0x00000000c2d00000| PB 0x00000000c2d00000| Untracked 
|  46|0x00000000c2e00000, 0x00000000c2efffe0, 0x00000000c2f00000| 99%| O|  |TAMS 0x00000000c2e00000| PB 0x00000000c2e00000| Untracked 
|  47|0x00000000c2f00000, 0x00000000c2ffffe0, 0x00000000c3000000| 99%| O|  |TAMS 0x00000000c2f00000| PB 0x00000000c2f00000| Untracked 
|  48|0x00000000c3000000, 0x00000000c3100000, 0x00000000c3100000|100%|HS|  |TAMS 0x00000000c3000000| PB 0x00000000c3000000| Untracked 
|  49|0x00000000c3100000, 0x00000000c3200000, 0x00000000c3200000|100%|HC|  |TAMS 0x00000000c3100000| PB 0x00000000c3100000| Untracked 
|  50|0x00000000c3200000, 0x00000000c3300000, 0x00000000c3300000|100%|HS|  |TAMS 0x00000000c3200000| PB 0x00000000c3200000| Untracked 
|  51|0x00000000c3300000, 0x00000000c3400000, 0x00000000c3400000|100%|HC|  |TAMS 0x00000000c3300000| PB 0x00000000c3300000| Untracked 
|  52|0x00000000c3400000, 0x00000000c3500000, 0x00000000c3500000|100%| O|  |TAMS 0x00000000c3400000| PB 0x00000000c3400000| Untracked 
|  53|0x00000000c3500000, 0x00000000c35ffff8, 0x00000000c3600000| 99%| O|  |TAMS 0x00000000c3500000| PB 0x00000000c3500000| Untracked 
|  54|0x00000000c3600000, 0x00000000c36ffff8, 0x00000000c3700000| 99%| O|  |TAMS 0x00000000c3600000| PB 0x00000000c3600000| Untracked 
|  55|0x00000000c3700000, 0x00000000c37ffff0, 0x00000000c3800000| 99%| O|  |TAMS 0x00000000c3700000| PB 0x00000000c3700000| Untracked 
|  56|0x00000000c3800000, 0x00000000c38ffff0, 0x00000000c3900000| 99%| O|  |TAMS 0x00000000c3800000| PB 0x00000000c3800000| Untracked 
|  57|0x00000000c3900000, 0x00000000c39ffff8, 0x00000000c3a00000| 99%| O|  |TAMS 0x00000000c3900000| PB 0x00000000c3900000| Untracked 
|  58|0x00000000c3a00000, 0x00000000c3b00000, 0x00000000c3b00000|100%| O|  |TAMS 0x00000000c3a00000| PB 0x00000000c3a00000| Untracked 
|  59|0x00000000c3b00000, 0x00000000c3bffff8, 0x00000000c3c00000| 99%| O|  |TAMS 0x00000000c3b00000| PB 0x00000000c3b00000| Untracked 
|  60|0x00000000c3c00000, 0x00000000c3cfffe8, 0x00000000c3d00000| 99%| O|  |TAMS 0x00000000c3c00000| PB 0x00000000c3c00000| Untracked 
|  61|0x00000000c3d00000, 0x00000000c3dffff8, 0x00000000c3e00000| 99%| O|  |TAMS 0x00000000c3d00000| PB 0x00000000c3d00000| Untracked 
|  62|0x00000000c3e00000, 0x00000000c3efffe8, 0x00000000c3f00000| 99%| O|  |TAMS 0x00000000c3e00000| PB 0x00000000c3e00000| Untracked 
|  63|0x00000000c3f00000, 0x00000000c3fffff0, 0x00000000c4000000| 99%| O|  |TAMS 0x00000000c3f00000| PB 0x00000000c3f00000| Untracked 
|  64|0x00000000c4000000, 0x00000000c4100000, 0x00000000c4100000|100%| O|  |TAMS 0x00000000c4000000| PB 0x00000000c4000000| Untracked 
|  65|0x00000000c4100000, 0x00000000c4200000, 0x00000000c4200000|100%| O|  |TAMS 0x00000000c4100000| PB 0x00000000c4100000| Untracked 
|  66|0x00000000c4200000, 0x00000000c4300000, 0x00000000c4300000|100%| O|  |TAMS 0x00000000c4200000| PB 0x00000000c4200000| Untracked 
|  67|0x00000000c4300000, 0x00000000c43fffe8, 0x00000000c4400000| 99%| O|  |TAMS 0x00000000c4300000| PB 0x00000000c4300000| Untracked 
|  68|0x00000000c4400000, 0x00000000c4500000, 0x00000000c4500000|100%| O|  |TAMS 0x00000000c4400000| PB 0x00000000c4400000| Untracked 
|  69|0x00000000c4500000, 0x00000000c45ffff8, 0x00000000c4600000| 99%| O|  |TAMS 0x00000000c4500000| PB 0x00000000c4500000| Untracked 
|  70|0x00000000c4600000, 0x00000000c4700000, 0x00000000c4700000|100%| O|  |TAMS 0x00000000c4600000| PB 0x00000000c4600000| Untracked 
|  71|0x00000000c4700000, 0x00000000c47ffff8, 0x00000000c4800000| 99%| O|  |TAMS 0x00000000c4700000| PB 0x00000000c4700000| Untracked 
|  72|0x00000000c4800000, 0x00000000c48ffff8, 0x00000000c4900000| 99%| O|  |TAMS 0x00000000c4800000| PB 0x00000000c4800000| Untracked 
|  73|0x00000000c4900000, 0x00000000c49ffff0, 0x00000000c4a00000| 99%| O|  |TAMS 0x00000000c4900000| PB 0x00000000c4900000| Untracked 
|  74|0x00000000c4a00000, 0x00000000c4affff8, 0x00000000c4b00000| 99%| O|  |TAMS 0x00000000c4a00000| PB 0x00000000c4a00000| Untracked 
|  75|0x00000000c4b00000, 0x00000000c4bffff0, 0x00000000c4c00000| 99%| O|  |TAMS 0x00000000c4b00000| PB 0x00000000c4b00000| Untracked 
|  76|0x00000000c4c00000, 0x00000000c4c17e78, 0x00000000c4d00000|  9%| O|  |TAMS 0x00000000c4c00000| PB 0x00000000c4c00000| Untracked 
|  77|0x00000000c4d00000, 0x00000000c4e00000, 0x00000000c4e00000|100%| O|  |TAMS 0x00000000c4d00000| PB 0x00000000c4d00000| Untracked 
|  78|0x00000000c4e00000, 0x00000000c4eb3cf0, 0x00000000c4f00000| 70%| O|  |TAMS 0x00000000c4e00000| PB 0x00000000c4e00000| Untracked 
|  79|0x00000000c4f00000, 0x00000000c4f00000, 0x00000000c5000000|  0%| F|  |TAMS 0x00000000c4f00000| PB 0x00000000c4f00000| Untracked 
|  80|0x00000000c5000000, 0x00000000c5000000, 0x00000000c5100000|  0%| F|  |TAMS 0x00000000c5000000| PB 0x00000000c5000000| Untracked 
|  81|0x00000000c5100000, 0x00000000c5100000, 0x00000000c5200000|  0%| F|  |TAMS 0x00000000c5100000| PB 0x00000000c5100000| Untracked 
|  82|0x00000000c5200000, 0x00000000c5200000, 0x00000000c5300000|  0%| F|  |TAMS 0x00000000c5200000| PB 0x00000000c5200000| Untracked 
|  83|0x00000000c5300000, 0x00000000c5300000, 0x00000000c5400000|  0%| F|  |TAMS 0x00000000c5300000| PB 0x00000000c5300000| Untracked 
|  84|0x00000000c5400000, 0x00000000c5400000, 0x00000000c5500000|  0%| F|  |TAMS 0x00000000c5400000| PB 0x00000000c5400000| Untracked 
|  85|0x00000000c5500000, 0x00000000c5500000, 0x00000000c5600000|  0%| F|  |TAMS 0x00000000c5500000| PB 0x00000000c5500000| Untracked 
|  86|0x00000000c5600000, 0x00000000c5600000, 0x00000000c5700000|  0%| F|  |TAMS 0x00000000c5600000| PB 0x00000000c5600000| Untracked 
|  87|0x00000000c5700000, 0x00000000c5700000, 0x00000000c5800000|  0%| F|  |TAMS 0x00000000c5700000| PB 0x00000000c5700000| Untracked 
|  88|0x00000000c5800000, 0x00000000c5800000, 0x00000000c5900000|  0%| F|  |TAMS 0x00000000c5800000| PB 0x00000000c5800000| Untracked 
|  89|0x00000000c5900000, 0x00000000c5900000, 0x00000000c5a00000|  0%| F|  |TAMS 0x00000000c5900000| PB 0x00000000c5900000| Untracked 
|  90|0x00000000c5a00000, 0x00000000c5a00000, 0x00000000c5b00000|  0%| F|  |TAMS 0x00000000c5a00000| PB 0x00000000c5a00000| Untracked 
|  91|0x00000000c5b00000, 0x00000000c5b00000, 0x00000000c5c00000|  0%| F|  |TAMS 0x00000000c5b00000| PB 0x00000000c5b00000| Untracked 
|  92|0x00000000c5c00000, 0x00000000c5c00000, 0x00000000c5d00000|  0%| F|  |TAMS 0x00000000c5c00000| PB 0x00000000c5c00000| Untracked 
|  93|0x00000000c5d00000, 0x00000000c5d00000, 0x00000000c5e00000|  0%| F|  |TAMS 0x00000000c5d00000| PB 0x00000000c5d00000| Untracked 
|  94|0x00000000c5e00000, 0x00000000c5e00000, 0x00000000c5f00000|  0%| F|  |TAMS 0x00000000c5e00000| PB 0x00000000c5e00000| Untracked 
|  95|0x00000000c5f00000, 0x00000000c5f00000, 0x00000000c6000000|  0%| F|  |TAMS 0x00000000c5f00000| PB 0x00000000c5f00000| Untracked 
|  96|0x00000000c6000000, 0x00000000c6000000, 0x00000000c6100000|  0%| F|  |TAMS 0x00000000c6000000| PB 0x00000000c6000000| Untracked 
|  97|0x00000000c6100000, 0x00000000c6100000, 0x00000000c6200000|  0%| F|  |TAMS 0x00000000c6100000| PB 0x00000000c6100000| Untracked 
|  98|0x00000000c6200000, 0x00000000c6200000, 0x00000000c6300000|  0%| F|  |TAMS 0x00000000c6200000| PB 0x00000000c6200000| Untracked 
|  99|0x00000000c6300000, 0x00000000c6300000, 0x00000000c6400000|  0%| F|  |TAMS 0x00000000c6300000| PB 0x00000000c6300000| Untracked 
| 100|0x00000000c6400000, 0x00000000c6400000, 0x00000000c6500000|  0%| F|  |TAMS 0x00000000c6400000| PB 0x00000000c6400000| Untracked 
| 101|0x00000000c6500000, 0x00000000c6500000, 0x00000000c6600000|  0%| F|  |TAMS 0x00000000c6500000| PB 0x00000000c6500000| Untracked 
| 102|0x00000000c6600000, 0x00000000c6600000, 0x00000000c6700000|  0%| F|  |TAMS 0x00000000c6600000| PB 0x00000000c6600000| Untracked 
| 103|0x00000000c6700000, 0x00000000c6700000, 0x00000000c6800000|  0%| F|  |TAMS 0x00000000c6700000| PB 0x00000000c6700000| Untracked 
| 104|0x00000000c6800000, 0x00000000c6800000, 0x00000000c6900000|  0%| F|  |TAMS 0x00000000c6800000| PB 0x00000000c6800000| Untracked 
| 105|0x00000000c6900000, 0x00000000c6900000, 0x00000000c6a00000|  0%| F|  |TAMS 0x00000000c6900000| PB 0x00000000c6900000| Untracked 
| 106|0x00000000c6a00000, 0x00000000c6a00000, 0x00000000c6b00000|  0%| F|  |TAMS 0x00000000c6a00000| PB 0x00000000c6a00000| Untracked 
| 107|0x00000000c6b00000, 0x00000000c6b00000, 0x00000000c6c00000|  0%| F|  |TAMS 0x00000000c6b00000| PB 0x00000000c6b00000| Untracked 
| 108|0x00000000c6c00000, 0x00000000c6c00000, 0x00000000c6d00000|  0%| F|  |TAMS 0x00000000c6c00000| PB 0x00000000c6c00000| Untracked 
| 109|0x00000000c6d00000, 0x00000000c6d00000, 0x00000000c6e00000|  0%| F|  |TAMS 0x00000000c6d00000| PB 0x00000000c6d00000| Untracked 
| 110|0x00000000c6e00000, 0x00000000c6e00000, 0x00000000c6f00000|  0%| F|  |TAMS 0x00000000c6e00000| PB 0x00000000c6e00000| Untracked 
| 111|0x00000000c6f00000, 0x00000000c6f00000, 0x00000000c7000000|  0%| F|  |TAMS 0x00000000c6f00000| PB 0x00000000c6f00000| Untracked 
| 112|0x00000000c7000000, 0x00000000c7000000, 0x00000000c7100000|  0%| F|  |TAMS 0x00000000c7000000| PB 0x00000000c7000000| Untracked 
| 113|0x00000000c7100000, 0x00000000c7100000, 0x00000000c7200000|  0%| F|  |TAMS 0x00000000c7100000| PB 0x00000000c7100000| Untracked 
| 114|0x00000000c7200000, 0x00000000c7200000, 0x00000000c7300000|  0%| F|  |TAMS 0x00000000c7200000| PB 0x00000000c7200000| Untracked 
| 115|0x00000000c7300000, 0x00000000c7300000, 0x00000000c7400000|  0%| F|  |TAMS 0x00000000c7300000| PB 0x00000000c7300000| Untracked 
| 116|0x00000000c7400000, 0x00000000c7400000, 0x00000000c7500000|  0%| F|  |TAMS 0x00000000c7400000| PB 0x00000000c7400000| Untracked 
| 117|0x00000000c7500000, 0x00000000c7500000, 0x00000000c7600000|  0%| F|  |TAMS 0x00000000c7500000| PB 0x00000000c7500000| Untracked 
| 118|0x00000000c7600000, 0x00000000c7600000, 0x00000000c7700000|  0%| F|  |TAMS 0x00000000c7600000| PB 0x00000000c7600000| Untracked 
| 119|0x00000000c7700000, 0x00000000c7700000, 0x00000000c7800000|  0%| F|  |TAMS 0x00000000c7700000| PB 0x00000000c7700000| Untracked 
| 120|0x00000000c7800000, 0x00000000c7800000, 0x00000000c7900000|  0%| F|  |TAMS 0x00000000c7800000| PB 0x00000000c7800000| Untracked 
| 121|0x00000000c7900000, 0x00000000c7900000, 0x00000000c7a00000|  0%| F|  |TAMS 0x00000000c7900000| PB 0x00000000c7900000| Untracked 
| 122|0x00000000c7a00000, 0x00000000c7ae22e0, 0x00000000c7b00000| 88%| E|  |TAMS 0x00000000c7a00000| PB 0x00000000c7a00000| Complete 
| 123|0x00000000c7b00000, 0x00000000c7c00000, 0x00000000c7c00000|100%| E|CS|TAMS 0x00000000c7b00000| PB 0x00000000c7b00000| Complete 
| 124|0x00000000c7c00000, 0x00000000c7d00000, 0x00000000c7d00000|100%| E|CS|TAMS 0x00000000c7c00000| PB 0x00000000c7c00000| Complete 
| 125|0x00000000c7d00000, 0x00000000c7e00000, 0x00000000c7e00000|100%| E|CS|TAMS 0x00000000c7d00000| PB 0x00000000c7d00000| Complete 
| 126|0x00000000c7e00000, 0x00000000c7f00000, 0x00000000c7f00000|100%| E|CS|TAMS 0x00000000c7e00000| PB 0x00000000c7e00000| Complete 
| 127|0x00000000c7f00000, 0x00000000c8000000, 0x00000000c8000000|100%| E|CS|TAMS 0x00000000c7f00000| PB 0x00000000c7f00000| Complete 
| 128|0x00000000c8000000, 0x00000000c8100000, 0x00000000c8100000|100%| E|CS|TAMS 0x00000000c8000000| PB 0x00000000c8000000| Complete 
| 129|0x00000000c8100000, 0x00000000c8200000, 0x00000000c8200000|100%| E|CS|TAMS 0x00000000c8100000| PB 0x00000000c8100000| Complete 
| 130|0x00000000c8200000, 0x00000000c8300000, 0x00000000c8300000|100%| E|CS|TAMS 0x00000000c8200000| PB 0x00000000c8200000| Complete 
| 138|0x00000000c8a00000, 0x00000000c8b00000, 0x00000000c8b00000|100%| E|CS|TAMS 0x00000000c8a00000| PB 0x00000000c8a00000| Complete 
|1022|0x00000000ffe00000, 0x00000000fff00000, 0x00000000fff00000|100%| E|CS|TAMS 0x00000000ffe00000| PB 0x00000000ffe00000| Complete 
|1023|0x00000000fff00000, 0x0000000100000000, 0x0000000100000000|100%| O|  |TAMS 0x00000000fff00000| PB 0x00000000fff00000| Untracked 

Card table byte_map: [0x000002a0ae7a0000,0x000002a0ae9a0000] _byte_map_base: 0x000002a0ae1a0000

Marking Bits: (CMBitMap*) 0x000002a0950c3890
 Bits: [0x000002a0ae9a0000, 0x000002a0af9a0000)

Polling page: 0x000002a0966c0000

Metaspace:

Usage:
  Non-class:      3.23 MB used.
      Class:    328.47 KB used.
       Both:      3.55 MB used.

Virtual space:
  Non-class space:       64.00 MB reserved,       3.31 MB (  5%) committed,  1 nodes.
      Class space:        1.00 GB reserved,     448.00 KB ( <1%) committed,  1 nodes.
             Both:        1.06 GB reserved,       3.75 MB ( <1%) committed. 

Chunk freelists:
   Non-Class:  11.39 MB
       Class:  15.51 MB
        Both:  26.91 MB

MaxMetaspaceSize: unlimited
CompressedClassSpaceSize: 1.00 GB
Initial GC threshold: 21.00 MB
Current GC threshold: 21.00 MB
CDS: on
 - commit_granule_bytes: 65536.
 - commit_granule_words: 8192.
 - virtual_space_node_default_size: 8388608.
 - enlarge_chunks_in_place: 1.
 - use_allocation_guard: 0.


Internal statistics:

num_allocs_failed_limit: 0.
num_arena_births: 94.
num_arena_deaths: 0.
num_vsnodes_births: 2.
num_vsnodes_deaths: 0.
num_space_committed: 60.
num_space_uncommitted: 0.
num_chunks_returned_to_freelist: 0.
num_chunks_taken_from_freelist: 149.
num_chunk_merges: 0.
num_chunk_splits: 91.
num_chunks_enlarged: 47.
num_inconsistent_stats: 0.

CodeHeap 'non-profiled nmethods': size=120000Kb used=646Kb max_used=647Kb free=119353Kb
 bounds [0x000002a0a6610000, 0x000002a0a6880000, 0x000002a0adb40000]
CodeHeap 'profiled nmethods': size=120000Kb used=1763Kb max_used=2161Kb free=118236Kb
 bounds [0x000002a09eb40000, 0x000002a09edb0000, 0x000002a0a6070000]
CodeHeap 'non-nmethods': size=5760Kb used=1488Kb max_used=1522Kb free=4271Kb
 bounds [0x000002a0a6070000, 0x000002a0a62e0000, 0x000002a0a6610000]
 total_blobs=1635 nmethods=1174 adapters=365
 compilation: enabled
              stopped_count=0, restarted_count=0
 full_count=0

Compilation events (20 events):
Event: 3.668 Thread 0x000002a085b88930 1339       3       java.util.zip.CRC32::update (38 bytes)
Event: 3.669 Thread 0x000002a085b88930 nmethod 1339 0x000002a09eb8b110 code [0x000002a09eb8b300, 0x000002a09eb8b738]
Event: 3.809 Thread 0x000002a085b88930 1340       3       java.util.zip.CRC32::updateBytesCheck (35 bytes)
Event: 3.809 Thread 0x000002a085b88930 nmethod 1340 0x000002a09ec52690 code [0x000002a09ec52860, 0x000002a09ec52bb8]
Event: 3.809 Thread 0x000002a085b88930 1341       3       java.util.zip.GZIPInputStream::read (65 bytes)
Event: 3.810 Thread 0x000002a085b88930 nmethod 1341 0x000002a09eb73490 code [0x000002a09eb736a0, 0x000002a09eb73c20]
Event: 3.811 Thread 0x000002a085b88930 1342   !   3       java.util.zip.Inflater::needsInput (55 bytes)
Event: 3.811 Thread 0x000002a085b88930 nmethod 1342 0x000002a09ecd7890 code [0x000002a09ecd7a40, 0x000002a09ecd7df8]
Event: 3.812 Thread 0x000002a085b88930 1343   !   3       java.util.zip.Inflater::inflate (456 bytes)
Event: 3.815 Thread 0x000002a085b88930 nmethod 1343 0x000002a09ecdad90 code [0x000002a09ecdb180, 0x000002a09ecdd0b8]
Event: 3.844 Thread 0x000002a085b88930 1344   !   3       java.util.zip.Inflater::setInput (56 bytes)
Event: 3.844 Thread 0x000002a085b88930 nmethod 1344 0x000002a09eb75c90 code [0x000002a09eb75e60, 0x000002a09eb76248]
Event: 4.009 Thread 0x000002a085b88930 1345   !   3       java.io.FileInputStream::read (32 bytes)
Event: 4.009 Thread 0x000002a085b88930 nmethod 1345 0x000002a09eb47490 code [0x000002a09eb47660, 0x000002a09eb47888]
Event: 4.013 Thread 0x000002a085b88930 1346       3       java.util.zip.InflaterInputStream::fill (60 bytes)
Event: 4.014 Thread 0x000002a085b88930 nmethod 1346 0x000002a09ed53c90 code [0x000002a09ed53ea0, 0x000002a09ed54328]
Event: 4.033 Thread 0x000002a085b88930 1347       3       java.io.BufferedInputStream::fill (204 bytes)
Event: 4.034 Thread 0x000002a085b88930 nmethod 1347 0x000002a09eb66110 code [0x000002a09eb66380, 0x000002a09eb66f00]
Event: 4.073 Thread 0x000002a085b88930 1348       3       java.util.zip.InflaterInputStream::available (32 bytes)
Event: 4.073 Thread 0x000002a085b88930 nmethod 1348 0x000002a09eb55510 code [0x000002a09eb55700, 0x000002a09eb55bb8]

GC Heap History (20 events):
Event: 2.277 GC heap after
{Heap after GC invocations=11 (full 2):
 garbage-first heap   total 144384K, used 20623K [0x00000000c0000000, 0x0000000100000000)
  region size 1024K, 1 young (1024K), 1 survivors (1024K)
 Metaspace       used 3630K, committed 3840K, reserved 1114112K
  class space    used 328K, committed 448K, reserved 1048576K
}
Event: 2.704 GC heap before
{Heap before GC invocations=12 (full 2):
 garbage-first heap   total 78848K, used 29839K [0x00000000c0000000, 0x0000000100000000)
  region size 1024K, 12 young (12288K), 1 survivors (1024K)
 Metaspace       used 3637K, committed 3840K, reserved 1114112K
  class space    used 328K, committed 448K, reserved 1048576K
}
Event: 2.769 GC heap after
{Heap after GC invocations=13 (full 3):
 garbage-first heap   total 78848K, used 26026K [0x00000000c0000000, 0x0000000100000000)
  region size 1024K, 0 young (0K), 0 survivors (0K)
 Metaspace       used 3637K, committed 3840K, reserved 1114112K
  class space    used 328K, committed 448K, reserved 1048576K
}
Event: 2.842 GC heap before
{Heap before GC invocations=13 (full 3):
 garbage-first heap   total 78848K, used 41386K [0x00000000c0000000, 0x0000000100000000)
  region size 1024K, 14 young (14336K), 0 survivors (0K)
 Metaspace       used 3637K, committed 3840K, reserved 1114112K
  class space    used 328K, committed 448K, reserved 1048576K
}
Event: 2.932 GC heap after
{Heap after GC invocations=14 (full 4):
 garbage-first heap   total 78848K, used 35624K [0x00000000c0000000, 0x0000000100000000)
  region size 1024K, 0 young (0K), 0 survivors (0K)
 Metaspace       used 3637K, committed 3840K, reserved 1114112K
  class space    used 328K, committed 448K, reserved 1048576K
}
Event: 3.034 GC heap before
{Heap before GC invocations=14 (full 4):
 garbage-first heap   total 78848K, used 46888K [0x00000000c0000000, 0x0000000100000000)
  region size 1024K, 12 young (12288K), 0 survivors (0K)
 Metaspace       used 3637K, committed 3840K, reserved 1114112K
  class space    used 328K, committed 448K, reserved 1048576K
}
Event: 3.123 GC heap after
{Heap after GC invocations=15 (full 5):
 garbage-first heap   total 78848K, used 42003K [0x00000000c0000000, 0x0000000100000000)
  region size 1024K, 0 young (0K), 0 survivors (0K)
 Metaspace       used 3637K, committed 3840K, reserved 1114112K
  class space    used 328K, committed 448K, reserved 1048576K
}
Event: 3.229 GC heap before
{Heap before GC invocations=15 (full 5):
 garbage-first heap   total 78848K, used 52243K [0x00000000c0000000, 0x0000000100000000)
  region size 1024K, 11 young (11264K), 0 survivors (0K)
 Metaspace       used 3637K, committed 3840K, reserved 1114112K
  class space    used 328K, committed 448K, reserved 1048576K
}
Event: 3.354 GC heap after
{Heap after GC invocations=16 (full 6):
 garbage-first heap   total 83968K, used 48379K [0x00000000c0000000, 0x0000000100000000)
  region size 1024K, 0 young (0K), 0 survivors (0K)
 Metaspace       used 3637K, committed 3840K, reserved 1114112K
  class space    used 328K, committed 448K, reserved 1048576K
}
Event: 3.377 GC heap before
{Heap before GC invocations=16 (full 6):
 garbage-first heap   total 83968K, used 50427K [0x00000000c0000000, 0x0000000100000000)
  region size 1024K, 3 young (3072K), 0 survivors (0K)
 Metaspace       used 3637K, committed 3840K, reserved 1114112K
  class space    used 328K, committed 448K, reserved 1048576K
}
Event: 3.380 GC heap after
{Heap after GC invocations=17 (full 6):
 garbage-first heap   total 83968K, used 50240K [0x00000000c0000000, 0x0000000100000000)
  region size 1024K, 2 young (2048K), 2 survivors (2048K)
 Metaspace       used 3637K, committed 3840K, reserved 1114112K
  class space    used 328K, committed 448K, reserved 1048576K
}
Event: 3.484 GC heap before
{Heap before GC invocations=17 (full 6):
 garbage-first heap   total 102400K, used 61504K [0x00000000c0000000, 0x0000000100000000)
  region size 1024K, 10 young (10240K), 2 survivors (2048K)
 Metaspace       used 3637K, committed 3840K, reserved 1114112K
  class space    used 328K, committed 448K, reserved 1048576K
}
Event: 3.614 GC heap after
{Heap after GC invocations=18 (full 7):
 garbage-first heap   total 102400K, used 56579K [0x00000000c0000000, 0x0000000100000000)
  region size 1024K, 0 young (0K), 0 survivors (0K)
 Metaspace       used 3637K, committed 3840K, reserved 1114112K
  class space    used 328K, committed 448K, reserved 1048576K
}
Event: 3.677 GC heap before
{Heap before GC invocations=18 (full 7):
 garbage-first heap   total 102400K, used 71939K [0x00000000c0000000, 0x0000000100000000)
  region size 1024K, 16 young (16384K), 0 survivors (0K)
 Metaspace       used 3637K, committed 3840K, reserved 1114112K
  class space    used 328K, committed 448K, reserved 1048576K
}
Event: 3.792 GC heap after
{Heap after GC invocations=19 (full 8):
 garbage-first heap   total 112640K, used 66042K [0x00000000c0000000, 0x0000000100000000)
  region size 1024K, 0 young (0K), 0 survivors (0K)
 Metaspace       used 3637K, committed 3840K, reserved 1114112K
  class space    used 328K, committed 448K, reserved 1048576K
}
Event: 3.850 GC heap before
{Heap before GC invocations=19 (full 8):
 garbage-first heap   total 112640K, used 76282K [0x00000000c0000000, 0x0000000100000000)
  region size 1024K, 11 young (11264K), 0 survivors (0K)
 Metaspace       used 3637K, committed 3840K, reserved 1114112K
  class space    used 328K, committed 448K, reserved 1048576K
}
Event: 4.006 GC heap after
{Heap after GC invocations=20 (full 9):
 garbage-first heap   total 122880K, used 72556K [0x00000000c0000000, 0x0000000100000000)
  region size 1024K, 0 young (0K), 0 survivors (0K)
 Metaspace       used 3637K, committed 3840K, reserved 1114112K
  class space    used 328K, committed 448K, reserved 1048576K
}
Event: 4.082 GC heap before
{Heap before GC invocations=20 (full 9):
 garbage-first heap   total 122880K, used 85868K [0x00000000c0000000, 0x0000000100000000)
  region size 1024K, 14 young (14336K), 0 survivors (0K)
 Metaspace       used 3637K, committed 3840K, reserved 1114112K
  class space    used 328K, committed 448K, reserved 1048576K
}
Event: 4.242 GC heap after
{Heap after GC invocations=21 (full 10):
 garbage-first heap   total 137216K, used 80645K [0x00000000c0000000, 0x0000000100000000)
  region size 1024K, 0 young (0K), 0 survivors (0K)
 Metaspace       used 3637K, committed 3840K, reserved 1114112K
  class space    used 328K, committed 448K, reserved 1048576K
}
Event: 4.323 GC heap before
{Heap before GC invocations=21 (full 10):
 garbage-first heap   total 137216K, used 90885K [0x00000000c0000000, 0x0000000100000000)
  region size 1024K, 11 young (11264K), 0 survivors (0K)
 Metaspace       used 3637K, committed 3840K, reserved 1114112K
  class space    used 328K, committed 448K, reserved 1048576K
}

Dll operation events (7 events):
Event: 0.031 Loaded shared library C:\Program Files\Java\jdk-21\bin\java.dll
Event: 0.182 Loaded shared library C:\Program Files\Java\jdk-21\bin\jsvml.dll
Event: 0.300 Loaded shared library C:\Program Files\Java\jdk-21\bin\net.dll
Event: 0.307 Loaded shared library C:\Program Files\Java\jdk-21\bin\nio.dll
Event: 0.342 Loaded shared library C:\Program Files\Java\jdk-21\bin\zip.dll
Event: 0.440 Loaded shared library C:\Python312\Lib\site-packages\_jpype.cp312-win_amd64.pyd
Event: 0.855 Loaded shared library C:\Program Files\Java\jdk-21\bin\jimage.dll

Deoptimization events (20 events):
Event: 1.193 Thread 0x000002a0950c7390 DEOPT PACKING pc=0x000002a0a6621db0 sp=0x000000a73b7ed130
Event: 1.193 Thread 0x000002a0950c7390 DEOPT UNPACKING pc=0x000002a0a60c7da2 sp=0x000000a73b7ed0e0 mode 2
Event: 1.197 Thread 0x000002a0950c7390 Uncommon trap: trap_request=0xffffffc6 fr.pc=0x000002a0a66400a0 relative=0x00000000000002c0
Event: 1.197 Thread 0x000002a0950c7390 Uncommon trap: reason=bimorphic_or_optimized_type_check action=maybe_recompile pc=0x000002a0a66400a0 method=java.util.HashMap.getNode(Ljava/lang/Object;)Ljava/util/HashMap$Node; @ 128 c2
Event: 1.197 Thread 0x000002a0950c7390 DEOPT PACKING pc=0x000002a0a66400a0 sp=0x000000a73b7ed130
Event: 1.197 Thread 0x000002a0950c7390 DEOPT UNPACKING pc=0x000002a0a60c7da2 sp=0x000000a73b7ed0a8 mode 2
Event: 1.197 Thread 0x000002a0950c7390 Uncommon trap: trap_request=0xffffffc6 fr.pc=0x000002a0a66400a0 relative=0x00000000000002c0
Event: 1.197 Thread 0x000002a0950c7390 Uncommon trap: reason=bimorphic_or_optimized_type_check action=maybe_recompile pc=0x000002a0a66400a0 method=java.util.HashMap.getNode(Ljava/lang/Object;)Ljava/util/HashMap$Node; @ 128 c2
Event: 1.197 Thread 0x000002a0950c7390 DEOPT PACKING pc=0x000002a0a66400a0 sp=0x000000a73b7ed130
Event: 1.197 Thread 0x000002a0950c7390 DEOPT UNPACKING pc=0x000002a0a60c7da2 sp=0x000000a73b7ed0a8 mode 2
Event: 1.205 Thread 0x000002a0950c7390 Uncommon trap: trap_request=0xffffff45 fr.pc=0x000002a0a6649758 relative=0x0000000000000578
Event: 1.205 Thread 0x000002a0950c7390 Uncommon trap: reason=unstable_if action=reinterpret pc=0x000002a0a6649758 method=java.lang.String.<init>(Ljava/nio/charset/Charset;[BII)V @ 417 c2
Event: 1.205 Thread 0x000002a0950c7390 DEOPT PACKING pc=0x000002a0a6649758 sp=0x000000a73b7ec8e0
Event: 1.205 Thread 0x000002a0950c7390 DEOPT UNPACKING pc=0x000002a0a60c7da2 sp=0x000000a73b7ec860 mode 2
Event: 1.265 Thread 0x000002a0950c7390 DEOPT PACKING pc=0x000002a09ececb77 sp=0x000000a73b7eb570
Event: 1.265 Thread 0x000002a0950c7390 DEOPT UNPACKING pc=0x000002a0a60c88e2 sp=0x000000a73b7ea9c0 mode 0
Event: 2.769 Thread 0x000002a0950c5fe0 Uncommon trap: trap_request=0xffffff45 fr.pc=0x000002a0a6693b78 relative=0x0000000000000158
Event: 2.769 Thread 0x000002a0950c5fe0 Uncommon trap: reason=unstable_if action=reinterpret pc=0x000002a0a6693b78 method=java.util.concurrent.locks.ReentrantLock$NonfairSync.initialTryLock()Z @ 10 c2
Event: 2.769 Thread 0x000002a0950c5fe0 DEOPT PACKING pc=0x000002a0a6693b78 sp=0x000000a73fbbf550
Event: 2.769 Thread 0x000002a0950c5fe0 DEOPT UNPACKING pc=0x000002a0a60c7da2 sp=0x000000a73fbbf4f8 mode 2

Classes loaded (20 events):
Event: 1.482 Loading class jdk/internal/reflect/SerializationConstructorAccessorImpl
Event: 1.482 Loading class jdk/internal/reflect/SerializationConstructorAccessorImpl done
Event: 1.483 Loading class java/util/function/UnaryOperator
Event: 1.483 Loading class java/util/function/UnaryOperator done
Event: 1.483 Loading class java/io/ClassCache$CacheRef
Event: 1.483 Loading class java/io/ClassCache$CacheRef done
Event: 1.483 Loading class java/io/ObjectStreamClass$FieldReflectorKey
Event: 1.483 Loading class java/io/ObjectStreamClass$FieldReflectorKey done
Event: 1.483 Loading class java/io/ObjectStreamClass$FieldReflector
Event: 1.483 Loading class java/io/ObjectStreamClass$FieldReflector done
Event: 1.484 Loading class java/io/ObjectStreamClass$ClassDataSlot
Event: 1.484 Loading class java/io/ObjectStreamClass$ClassDataSlot done
Event: 1.484 Loading class java/io/ObjectInputStream$FieldValues
Event: 1.484 Loading class java/io/ObjectInputStream$GetField
Event: 1.484 Loading class java/io/ObjectInputStream$GetField done
Event: 1.484 Loading class java/io/ObjectInputStream$FieldValues done
Event: 1.484 Loading class java/io/SerialCallbackContext
Event: 1.484 Loading class java/io/SerialCallbackContext done
Event: 1.505 Loading class java/lang/invoke/MethodHandle$1
Event: 1.505 Loading class java/lang/invoke/MethodHandle$1 done

Classes unloaded (0 events):
No events

Classes redefined (0 events):
No events

Internal exceptions (13 events):
Event: 0.362 Thread 0x000002a0950c7390 Exception <a 'java/lang/NoClassDefFoundError'{0x00000000cf97b470}: org/jpype/classloader/DynamicClassLoader> (0x00000000cf97b470) 
thrown [s\open\src\hotspot\share\classfile\systemDictionary.cpp, line 301]
Event: 0.461 Thread 0x000002a0950c7390 Exception <a 'java/lang/NoSuchMethodError'{0x00000000cf844568}: 'int java.lang.invoke.DirectMethodHandle$Holder.invokeStaticInit(java.lang.Object, java.lang.Object)'> (0x00000000cf844568) 
thrown [s\open\src\hotspot\share\interpreter\linkResolver.cpp, line 773]
Event: 0.463 Thread 0x000002a0950c7390 Exception <a 'java/lang/NoSuchMethodError'{0x00000000cf84a8a0}: 'java.lang.Object java.lang.invoke.DirectMethodHandle$Holder.invokeStaticInit(java.lang.Object, int)'> (0x00000000cf84a8a0) 
thrown [s\open\src\hotspot\share\interpreter\linkResolver.cpp, line 773]
Event: 0.466 Thread 0x000002a0950c7390 Exception <a 'java/lang/NoSuchMethodError'{0x00000000cf8552c0}: 'int java.lang.invoke.DirectMethodHandle$Holder.invokeSpecial(java.lang.Object, java.lang.Object, java.lang.Object)'> (0x00000000cf8552c0) 
thrown [s\open\src\hotspot\share\interpreter\linkResolver.cpp, line 773]
Event: 0.469 Thread 0x000002a0950c7390 Exception <a 'java/lang/NoSuchMethodError'{0x00000000cf865570}: 'java.lang.Object java.lang.invoke.DirectMethodHandle$Holder.invokeStatic(java.lang.Object, java.lang.Object, int)'> (0x00000000cf865570) 
thrown [s\open\src\hotspot\share\interpreter\linkResolver.cpp, line 773]
Event: 0.470 Thread 0x000002a0950c7390 Exception <a 'java/lang/NoSuchMethodError'{0x00000000cf8708b8}: 'void java.lang.invoke.DelegatingMethodHandle$Holder.delegate(java.lang.Object, java.lang.Object, int, java.lang.Object)'> (0x00000000cf8708b8) 
thrown [s\open\src\hotspot\share\interpreter\linkResolver.cpp, line 773]
Event: 0.539 Thread 0x000002a0950c7390 Exception <a 'java/lang/NoSuchMethodError'{0x00000000cf76a3c0}: 'java.lang.Object java.lang.invoke.DirectMethodHandle$Holder.invokeInterface(java.lang.Object, java.lang.Object)'> (0x00000000cf76a3c0) 
thrown [s\open\src\hotspot\share\interpreter\linkResolver.cpp, line 773]
Event: 0.540 Thread 0x000002a0950c7390 Exception <a 'java/lang/IncompatibleClassChangeError'{0x00000000cf76d6b8}: Found class java.lang.Object, but interface was expected> (0x00000000cf76d6b8) 
thrown [s\open\src\hotspot\share\interpreter\linkResolver.cpp, line 840]
Event: 0.727 Thread 0x000002a0950c7390 Exception <a 'java/lang/NoSuchMethodError'{0x00000000c124c078}: method resolution failed> (0x00000000c124c078) 
thrown [s\open\src\hotspot\share\prims\methodHandles.cpp, line 1144]
Event: 0.729 Thread 0x000002a0950c7390 Exception <a 'java/lang/NoSuchMethodError'{0x00000000c12557c0}: 'java.lang.Object java.lang.invoke.Invokers$Holder.invokeExact_MT(java.lang.Object, java.lang.Object, java.lang.Object, java.lang.Object, java.lang.Object)'> (0x00000000c12557c0) 
thrown [s\open\src\hotspot\share\interpreter\linkResolver.cpp, line 773]
Event: 1.478 Thread 0x000002a0950c7390 Exception <a 'java/lang/NoSuchMethodError'{0x00000000c193ae48}: 'long java.lang.invoke.DirectMethodHandle$Holder.invokeSpecial(java.lang.Object, java.lang.Object)'> (0x00000000c193ae48) 
thrown [s\open\src\hotspot\share\interpreter\linkResolver.cpp, line 773]
Event: 1.479 Thread 0x000002a0950c7390 Exception <a 'java/lang/NoSuchMethodError'{0x00000000c193e260}: 'long java.lang.invoke.Invokers$Holder.invokeExact_MT(java.lang.Object, java.lang.Object)'> (0x00000000c193e260) 
thrown [s\open\src\hotspot\share\interpreter\linkResolver.cpp, line 773]
Event: 1.484 Thread 0x000002a0950c7390 Exception <a 'java/lang/NoSuchMethodError'{0x00000000c194c7e8}: 'void java.lang.invoke.DirectMethodHandle$Holder.invokeSpecial(java.lang.Object, java.lang.Object, java.lang.Object)'> (0x00000000c194c7e8) 
thrown [s\open\src\hotspot\share\interpreter\linkResolver.cpp, line 773]

ZGC Phase Switch (0 events):
No events

VM Operations (20 events):
Event: 2.933 Executing VM operation: G1CollectFull (System.gc()) done
Event: 3.018 Executing VM operation: G1CollectFull (System.gc())
Event: 3.123 Executing VM operation: G1CollectFull (System.gc()) done
Event: 3.229 Executing VM operation: G1CollectFull (System.gc())
Event: 3.354 Executing VM operation: G1CollectFull (System.gc()) done
Event: 3.377 Executing VM operation: G1TryInitiateConcMark (G1 Humongous Allocation)
Event: 3.380 Executing VM operation: G1TryInitiateConcMark (G1 Humongous Allocation) done
Event: 3.470 Executing VM operation: G1PauseRemark
Event: 3.474 Executing VM operation: G1PauseRemark done
Event: 3.484 Executing VM operation: G1CollectFull (System.gc())
Event: 3.484 Executing VM operation: G1CollectFull (System.gc()) done
Event: 3.484 Executing VM operation: G1CollectFull (System.gc())
Event: 3.614 Executing VM operation: G1CollectFull (System.gc()) done
Event: 3.677 Executing VM operation: G1CollectFull (System.gc())
Event: 3.792 Executing VM operation: G1CollectFull (System.gc()) done
Event: 3.850 Executing VM operation: G1CollectFull (System.gc())
Event: 4.007 Executing VM operation: G1CollectFull (System.gc()) done
Event: 4.082 Executing VM operation: G1CollectFull (System.gc())
Event: 4.242 Executing VM operation: G1CollectFull (System.gc()) done
Event: 4.323 Executing VM operation: G1CollectFull (System.gc())

Events (20 events):
Event: 2.901 Thread 0x000002a0950ca520 flushing nmethod 0x000002a09ecdca90
Event: 2.901 Thread 0x000002a0950ca520 flushing nmethod 0x000002a09ecdc290
Event: 2.901 Thread 0x000002a0950ca520 flushing nmethod 0x000002a09ecdb710
Event: 2.901 Thread 0x000002a0950ca520 flushing nmethod 0x000002a09ecd7890
Event: 2.901 Thread 0x000002a0950ca520 flushing nmethod 0x000002a09ecd6210
Event: 2.901 Thread 0x000002a0950ca520 flushing nmethod 0x000002a09ecd5490
Event: 2.901 Thread 0x000002a0950ca520 flushing nmethod 0x000002a09ecd4190
Event: 2.901 Thread 0x000002a0950ca520 flushing nmethod 0x000002a09eb6ce90
Event: 3.090 Thread 0x000002a0950ca520 flushing nmethod 0x000002a09ec4c310
Event: 3.090 Thread 0x000002a0950ca520 flushing nmethod 0x000002a09eb73490
Event: 3.090 Thread 0x000002a0950ca520 flushing nmethod 0x000002a0a6693890
Event: 3.315 Thread 0x000002a0950ca520 flushing nmethod 0x000002a09ec4ec90
Event: 3.967 Thread 0x000002a0950ca520 flushing nmethod 0x000002a09ed56510
Event: 3.967 Thread 0x000002a0950ca520 flushing nmethod 0x000002a09ed55490
Event: 3.967 Thread 0x000002a0950ca520 flushing nmethod 0x000002a09ed55010
Event: 4.189 Thread 0x000002a0950ca520 flushing nmethod 0x000002a09ed5ad90
Event: 4.189 Thread 0x000002a0950ca520 flushing nmethod 0x000002a09ed5a210
Event: 4.189 Thread 0x000002a0950ca520 flushing nmethod 0x000002a09ed58590
Event: 4.189 Thread 0x000002a0950ca520 flushing nmethod 0x000002a09ed58010
Event: 4.189 Thread 0x000002a0950ca520 flushing nmethod 0x000002a09ed57b10


Dynamic libraries:
0x00007ff755770000 - 0x00007ff75578a000 	C:\Python312\python.exe
0x00007ffdffe70000 - 0x00007ffe00087000 	C:\WINDOWS\SYSTEM32\ntdll.dll
0x00007ffdfddc0000 - 0x00007ffdfde84000 	C:\WINDOWS\System32\KERNEL32.DLL
0x00007ffdfd1a0000 - 0x00007ffdfd54d000 	C:\WINDOWS\System32\KERNELBASE.dll
0x00007ffdfd7e0000 - 0x00007ffdfd8f1000 	C:\WINDOWS\System32\ucrtbase.dll
0x00007ffdb7b00000 - 0x00007ffdb81a9000 	C:\Python312\python312.dll
0x00007ffdffa40000 - 0x00007ffdffab1000 	C:\WINDOWS\System32\WS2_32.dll
0x00007ffdfe940000 - 0x00007ffdfea54000 	C:\WINDOWS\System32\RPCRT4.dll
0x00007ffdfd550000 - 0x00007ffdfd578000 	C:\WINDOWS\System32\bcrypt.dll
0x00007ffdff120000 - 0x00007ffdff1d2000 	C:\WINDOWS\System32\ADVAPI32.dll
0x00007ffdff950000 - 0x00007ffdff9f7000 	C:\WINDOWS\System32\msvcrt.dll
0x00007ffdff8a0000 - 0x00007ffdff949000 	C:\WINDOWS\System32\sechost.dll
0x00007ffde3880000 - 0x00007ffde389d000 	C:\Python312\VCRUNTIME140.dll
0x00007ffdeec70000 - 0x00007ffdeec7a000 	C:\WINDOWS\SYSTEM32\VERSION.dll
0x00007ffdfd580000 - 0x00007ffdfd5fb000 	C:\WINDOWS\System32\bcryptprimitives.dll
0x000002a0f0ab0000 - 0x000002a0f0abf000 	C:\Python312\python3.DLL
0x00007ffde01f0000 - 0x00007ffde0206000 	C:\Python312\DLLs\_socket.pyd
0x00007ffdfbbf0000 - 0x00007ffdfbc1d000 	C:\WINDOWS\SYSTEM32\IPHLPAPI.DLL
0x00007ffdf3f40000 - 0x00007ffdf3f49000 	C:\Python312\DLLs\select.pyd
0x00007ffddfe90000 - 0x00007ffddfebd000 	C:\Python312\DLLs\_ssl.pyd
0x00007ffdfda40000 - 0x00007ffdfdba7000 	C:\WINDOWS\System32\CRYPT32.dll
0x00007ffdb6af0000 - 0x00007ffdb6fe9000 	C:\Python312\DLLs\libcrypto-3.dll
0x00007ffdff660000 - 0x00007ffdff80e000 	C:\WINDOWS\System32\USER32.dll
0x00007ffdfd900000 - 0x00007ffdfd926000 	C:\WINDOWS\System32\win32u.dll
0x00007ffdfe910000 - 0x00007ffdfe939000 	C:\WINDOWS\System32\GDI32.dll
0x00007ffdfd6c0000 - 0x00007ffdfd7d9000 	C:\WINDOWS\System32\gdi32full.dll
0x00007ffdfd9a0000 - 0x00007ffdfda3a000 	C:\WINDOWS\System32\msvcp_win.dll
0x00007ffdc8e80000 - 0x00007ffdc8f42000 	C:\Python312\DLLs\libssl-3.dll
0x00007ffdffa00000 - 0x00007ffdffa31000 	C:\WINDOWS\System32\IMM32.DLL
0x00007ffddbf50000 - 0x00007ffddbf62000 	C:\Python312\DLLs\_asyncio.pyd
0x00007ffde3870000 - 0x00007ffde387e000 	C:\Python312\DLLs\_overlapped.pyd
0x00007ffdfc5f0000 - 0x00007ffdfc659000 	C:\WINDOWS\system32\mswsock.dll
0x00007ffddbf30000 - 0x00007ffddbf46000 	C:\Python312\DLLs\_bz2.pyd
0x00007ffdd0710000 - 0x00007ffdd0739000 	C:\Python312\DLLs\_lzma.pyd
0x00007ffde0df0000 - 0x00007ffde0df9000 	C:\Python312\DLLs\_queue.pyd
0x00007ffdd0bf0000 - 0x00007ffdd0c10000 	C:\Python312\DLLs\_ctypes.pyd
0x00007ffdffac0000 - 0x00007ffdffc65000 	C:\WINDOWS\System32\ole32.dll
0x00007ffdfed90000 - 0x00007ffdff118000 	C:\WINDOWS\System32\combase.dll
0x00007ffdfebd0000 - 0x00007ffdfeca7000 	C:\WINDOWS\System32\OLEAUT32.dll
0x00007ffde08e0000 - 0x00007ffde08eb000 	C:\Python312\DLLs\libffi-8.dll
0x00007ffdfdea0000 - 0x00007ffdfe6ff000 	C:\WINDOWS\System32\shell32.DLL
0x00007ffddbdf0000 - 0x00007ffddbdfa000 	C:\Python312\DLLs\_wmi.pyd
0x00007ffdf9710000 - 0x00007ffdf9810000 	C:\WINDOWS\SYSTEM32\PROPSYS.dll
0x00007ffdd06e0000 - 0x00007ffdd06ec000 	C:\Python312\VCRUNTIME140_1.dll
0x00007ffdcff90000 - 0x00007ffdcff9a000 	C:\Python312\DLLs\_multiprocessing.pyd
0x00007ffdba6c0000 - 0x00007ffdba763000 	C:\Python312\Lib\site-packages\watchfiles\_rust_notify.cp312-win_amd64.pyd
0x00007ffdd06f0000 - 0x00007ffdd0701000 	C:\Python312\DLLs\_hashlib.pyd
0x00007ffdf3650000 - 0x00007ffdf3669000 	C:\Python312\Lib\site-packages\httptools\parser\parser.cp312-win_amd64.pyd
0x00007ffdf2c70000 - 0x00007ffdf2c7f000 	C:\Python312\Lib\site-packages\httptools\parser\url_parser.cp312-win_amd64.pyd
0x00007ffdf2c60000 - 0x00007ffdf2c68000 	C:\Python312\Lib\site-packages\websockets\speedups.cp312-win_amd64.pyd
0x00007ffddfe80000 - 0x00007ffddfe87000 	C:\Python312\DLLs\_uuid.pyd
0x00007ffdc9c40000 - 0x00007ffdc9c7e000 	C:\Python312\DLLs\_decimal.pyd
0x00007ffdd06d0000 - 0x00007ffdd06df000 	C:\Python312\Lib\site-packages\bson\_cbson.cp312-win_amd64.pyd
0x00007ffdbcdb0000 - 0x00007ffdbcec7000 	C:\Python312\DLLs\unicodedata.pyd
0x00007ffdd0680000 - 0x00007ffdd068c000 	C:\Python312\Lib\site-packages\pymongo\_cmessage.cp312-win_amd64.pyd
0x00007ffdfc190000 - 0x00007ffdfc1a8000 	C:\WINDOWS\SYSTEM32\kernel.appcore.dll
0x00007ffdfa0b0000 - 0x00007ffdfa15f000 	C:\WINDOWS\system32\uxtheme.dll
0x00007ffdfdbb0000 - 0x00007ffdfdc60000 	C:\WINDOWS\System32\clbcatq.dll
0x00007ffdd3280000 - 0x00007ffdd329d000 	C:\WINDOWS\SYSTEM32\amsi.dll
0x00007ffdfc690000 - 0x00007ffdfc6b8000 	C:\WINDOWS\SYSTEM32\USERENV.dll
0x00007ffdfd0d0000 - 0x00007ffdfd0f1000 	C:\WINDOWS\SYSTEM32\profapi.dll
0x00007ffdd2e10000 - 0x00007ffdd2e91000 	C:\ProgramData\Microsoft\Windows Defender\Platform\4.18.24060.7-0\MpOav.dll
0x00007ffdb8410000 - 0x00007ffdb88e2000 	C:\Python312\Lib\site-packages\pydantic_core\_pydantic_core.cp312-win_amd64.pyd
0x00007ffdfc920000 - 0x00007ffdfc92c000 	C:\WINDOWS\SYSTEM32\CRYPTBASE.DLL
0x00007ffdeec40000 - 0x00007ffdeec49000 	C:\Python312\Lib\site-packages\markupsafe\_speedups.cp312-win_amd64.pyd
0x00007ffdb8e50000 - 0x00007ffdb9129000 	C:\Python312\Lib\site-packages\numpy\core\_multiarray_umath.cp312-win_amd64.pyd
0x00007ffd027b0000 - 0x00007ffd04866000 	C:\Python312\Lib\site-packages\numpy.libs\libopenblas64__v0.3.23-293-gc2f4bdbb-gcc_10_3_0-2bde3a66a51006b2b53eb373ff767a3f.dll
0x00007ffdeec20000 - 0x00007ffdeec34000 	C:\Python312\Lib\site-packages\numpy\core\_multiarray_tests.cp312-win_amd64.pyd
0x00007ffdeea80000 - 0x00007ffdeea9d000 	C:\Python312\Lib\site-packages\numpy\linalg\_umath_linalg.cp312-win_amd64.pyd
0x00007ffdeea60000 - 0x00007ffdeea7e000 	C:\Python312\Lib\site-packages\numpy\fft\_pocketfft_internal.cp312-win_amd64.pyd
0x00007ffde00e0000 - 0x00007ffde0174000 	C:\Python312\Lib\site-packages\numpy\random\mtrand.cp312-win_amd64.pyd
0x00007ffdee6d0000 - 0x00007ffdee6fb000 	C:\Python312\Lib\site-packages\numpy\random\bit_generator.cp312-win_amd64.pyd
0x00007ffdc88e0000 - 0x00007ffdc890d000 	C:\Python312\Lib\site-packages\numpy\random\_common.cp312-win_amd64.pyd
0x00007ffdc8830000 - 0x00007ffdc886d000 	C:\Python312\Lib\site-packages\numpy\random\_bounded_integers.cp312-win_amd64.pyd
0x00007ffdee7f0000 - 0x00007ffdee806000 	C:\Python312\Lib\site-packages\numpy\random\_mt19937.cp312-win_amd64.pyd
0x00007ffded740000 - 0x00007ffded755000 	C:\Python312\Lib\site-packages\numpy\random\_philox.cp312-win_amd64.pyd
0x00007ffdc8690000 - 0x00007ffdc86a8000 	C:\Python312\Lib\site-packages\numpy\random\_pcg64.cp312-win_amd64.pyd
0x00007ffdd0af0000 - 0x00007ffdd0b00000 	C:\Python312\Lib\site-packages\numpy\random\_sfc64.cp312-win_amd64.pyd
0x00007ffdba290000 - 0x00007ffdba33d000 	C:\Python312\Lib\site-packages\numpy\random\_generator.cp312-win_amd64.pyd
0x00007ffdd08e0000 - 0x00007ffdd08eb000 	C:\Python312\Lib\site-packages\pandas\_libs\pandas_parser.cp312-win_amd64.pyd
0x00007ffdd0670000 - 0x00007ffdd067c000 	C:\Python312\Lib\site-packages\pandas\_libs\pandas_datetime.cp312-win_amd64.pyd
0x00007ffdb8bd0000 - 0x00007ffdb8ce8000 	C:\Python312\Lib\site-packages\pandas\_libs\interval.cp312-win_amd64.pyd
0x00007ffdb8a00000 - 0x00007ffdb8bc4000 	C:\Python312\Lib\site-packages\pandas\_libs\hashtable.cp312-win_amd64.pyd
0x00007ffdc7780000 - 0x00007ffdc77ae000 	C:\Python312\Lib\site-packages\pandas\_libs\missing.cp312-win_amd64.pyd
0x00007ffdc7750000 - 0x00007ffdc777d000 	C:\Python312\Lib\site-packages\pandas\_libs\tslibs\dtypes.cp312-win_amd64.pyd
0x00007ffdc8670000 - 0x00007ffdc8685000 	C:\Python312\Lib\site-packages\pandas\_libs\tslibs\ccalendar.cp312-win_amd64.pyd
0x00007ffdc7730000 - 0x00007ffdc7750000 	C:\Python312\Lib\site-packages\pandas\_libs\tslibs\np_datetime.cp312-win_amd64.pyd
0x00007ffdc2310000 - 0x00007ffdc234d000 	C:\Python312\Lib\site-packages\pandas\_libs\tslibs\conversion.cp312-win_amd64.pyd
0x00007ffdbdc40000 - 0x00007ffdbdc51000 	C:\Python312\Lib\site-packages\pandas\_libs\tslibs\base.cp312-win_amd64.pyd
0x00007ffdb8d70000 - 0x00007ffdb8e4e000 	C:\Python312\Lib\site-packages\pandas\_libs\tslibs\offsets.cp312-win_amd64.pyd
0x00007ffdb9190000 - 0x00007ffdb9211000 	C:\Python312\Lib\site-packages\pandas\_libs\tslibs\timestamps.cp312-win_amd64.pyd
0x00007ffdbdc00000 - 0x00007ffdbdc34000 	C:\Python312\Lib\site-packages\pandas\_libs\tslibs\nattype.cp312-win_amd64.pyd
0x00007ffdb8980000 - 0x00007ffdb89f9000 	C:\Python312\Lib\site-packages\pandas\_libs\tslibs\timedeltas.cp312-win_amd64.pyd
0x00007ffdba680000 - 0x00007ffdba6ba000 	C:\Python312\Lib\site-packages\pandas\_libs\tslibs\timezones.cp312-win_amd64.pyd
0x00007ffde00a0000 - 0x00007ffde00ad000 	C:\Python312\DLLs\_zoneinfo.pyd
0x000002a0ffff0000 - 0x000002a0ffff3000 	C:\WINDOWS\SYSTEM32\tzres.dll
0x00007ffdb83c0000 - 0x00007ffdb8406000 	C:\Python312\Lib\site-packages\pandas\_libs\tslibs\fields.cp312-win_amd64.pyd
0x00007ffdb8940000 - 0x00007ffdb8980000 	C:\Python312\Lib\site-packages\pandas\_libs\tslibs\tzconversion.cp312-win_amd64.pyd
0x00007ffdb9270000 - 0x00007ffdb9284000 	C:\Python312\Lib\site-packages\pandas\_libs\properties.cp312-win_amd64.pyd
0x00007ffdb8360000 - 0x00007ffdb83b4000 	C:\Python312\Lib\site-packages\pandas\_libs\tslibs\parsing.cp312-win_amd64.pyd
0x00007ffdb8310000 - 0x00007ffdb835f000 	C:\Python312\Lib\site-packages\pandas\_libs\tslibs\strptime.cp312-win_amd64.pyd
0x00007ffdb82a0000 - 0x00007ffdb830a000 	C:\Python312\Lib\site-packages\pandas\_libs\tslibs\period.cp312-win_amd64.pyd
0x00007ffdb78c0000 - 0x00007ffdb78f3000 	C:\Python312\Lib\site-packages\pandas\_libs\tslibs\vectorized.cp312-win_amd64.pyd
0x00007ffdc8a60000 - 0x00007ffdc8a70000 	C:\Python312\Lib\site-packages\pandas\_libs\ops_dispatch.cp312-win_amd64.pyd
0x00007ffdb7700000 - 0x00007ffdb78c0000 	C:\Python312\Lib\site-packages\pandas\_libs\algos.cp312-win_amd64.pyd
0x00007ffdb7650000 - 0x00007ffdb76f7000 	C:\Python312\Lib\site-packages\pandas\_libs\lib.cp312-win_amd64.pyd
0x00007ffdb7610000 - 0x00007ffdb7645000 	C:\Python312\Lib\site-packages\pandas\_libs\ops.cp312-win_amd64.pyd
0x00007ffdb8270000 - 0x00007ffdb829d000 	C:\Python312\Lib\site-packages\pandas\_libs\hashing.cp312-win_amd64.pyd
0x00007ffdb9170000 - 0x00007ffdb918c000 	C:\Python312\Lib\site-packages\pandas\_libs\arrays.cp312-win_amd64.pyd
0x00007ffdb75c0000 - 0x00007ffdb7603000 	C:\Python312\Lib\site-packages\pandas\_libs\tslib.cp312-win_amd64.pyd
0x00007ffdb74f0000 - 0x00007ffdb75c0000 	C:\Python312\Lib\site-packages\pandas\_libs\sparse.cp312-win_amd64.pyd
0x00007ffdb62b0000 - 0x00007ffdb6301000 	C:\Python312\Lib\site-packages\pandas\_libs\internals.cp312-win_amd64.pyd
0x00007ffdb79d0000 - 0x00007ffdb79e2000 	C:\Python312\Lib\site-packages\pandas\_libs\indexing.cp312-win_amd64.pyd
0x00007ffdb5980000 - 0x00007ffdb5a36000 	C:\Python312\Lib\site-packages\pandas\_libs\index.cp312-win_amd64.pyd
0x00007ffdb6270000 - 0x00007ffdb62a5000 	C:\Python312\Lib\site-packages\pandas\_libs\writers.cp312-win_amd64.pyd
0x00007ffdb0af0000 - 0x00007ffdb0bff000 	C:\Python312\Lib\site-packages\pandas\_libs\join.cp312-win_amd64.pyd
0x00007ffdb6210000 - 0x00007ffdb6267000 	C:\Python312\Lib\site-packages\pandas\_libs\window\aggregations.cp312-win_amd64.pyd
0x00007ffdb58e0000 - 0x00007ffdb597b000 	C:\Python312\Lib\site-packages\pandas.libs\msvcp140-ef6047a69b174ada5cb2eff1d2bc9a62.dll
0x00007ffdb74c0000 - 0x00007ffdb74ec000 	C:\Python312\Lib\site-packages\pandas\_libs\window\indexers.cp312-win_amd64.pyd
0x00007ffdb52f0000 - 0x00007ffdb5331000 	C:\Python312\Lib\site-packages\pandas\_libs\reshape.cp312-win_amd64.pyd
0x00007ffdb08c0000 - 0x00007ffdb0ae1000 	C:\Python312\Lib\site-packages\pandas\_libs\groupby.cp312-win_amd64.pyd
0x00007ffdb6a00000 - 0x00007ffdb6a11000 	C:\Python312\Lib\site-packages\pandas\_libs\json.cp312-win_amd64.pyd
0x00007ffdb5280000 - 0x00007ffdb52e5000 	C:\Python312\Lib\site-packages\pandas\_libs\parsers.cp312-win_amd64.pyd
0x00007ffdb5e00000 - 0x00007ffdb5e19000 	C:\Python312\Lib\site-packages\pandas\_libs\testing.cp312-win_amd64.pyd
0x00007ffdb5000000 - 0x00007ffdb5076000 	C:\Python312\Lib\site-packages\_jpype.cp312-win_amd64.pyd
0x00007ffdde920000 - 0x00007ffdde9ad000 	C:\WINDOWS\SYSTEM32\MSVCP140.dll
0x00007ffdb5260000 - 0x00007ffdb527d000 	C:\Python312\Lib\site-packages\scipy\_lib\_ccallback_c.cp312-win_amd64.pyd
0x00007ffdad520000 - 0x00007ffdad926000 	C:\Python312\Lib\site-packages\scipy\sparse\_sparsetools.cp312-win_amd64.pyd

dbghelp: loaded successfully - version: 4.0.5 - missing functions: none
symbol engine: initialized successfully - sym options: 0x614 - pdb path: .;C:\Python312;C:\WINDOWS\SYSTEM32;C:\Python312\DLLs;C:\Python312\Lib\site-packages\watchfiles;C:\Python312\Lib\site-packages\httptools\parser;C:\Python312\Lib\site-packages\websockets;C:\Python312\Lib\site-packages\bson;C:\Python312\Lib\site-packages\pymongo;C:\ProgramData\Microsoft\Windows Defender\Platform\4.18.24060.7-0;C:\Python312\Lib\site-packages\pydantic_core;C:\Python312\Lib\site-packages\markupsafe;C:\Python312\Lib\site-packages\numpy\core;C:\Python312\Lib\site-packages\numpy.libs;C:\Python312\Lib\site-packages\numpy\linalg;C:\Python312\Lib\site-packages\numpy\fft;C:\Python312\Lib\site-packages\numpy\random;C:\Python312\Lib\site-packages\pandas\_libs;C:\Python312\Lib\site-packages\pandas\_libs\tslibs;C:\Python312\Lib\site-packages\pandas\_libs\window;C:\Python312\Lib\site-packages\pandas.libs;C:\Python312\Lib\site-packages;C:\Python312\Lib\site-packages\scipy\_lib;C:\Python312\Lib\site-packages\scipy\sparse;C:\Python312\Lib\site-packages\scipy\linalg;C:\Python312\Lib\site-packages\scipy.libs;C:\Python312\Lib\site-packages\scipy\sparse\linalg\_dsolve;C:\Python312\Lib\site-packages\scipy\sparse\linalg\_eigen\arpack;C:\Python312\Lib\site-packages\scipy\sparse\linalg\_propack;C:\Python312\Lib\site-packages\scipy\sparse\csgraph;C:\Python312\Lib\site-packages\wrapt;C:\Python312\Lib\site-packages\charset_normalizer;C:\Python312\Lib\site-packages\scipy\spatial;C:\Python312\Lib\site-packages\scipy\special;C:\Python312\Lib\site-packages\scipy\spatial\transform;C:\Python312\Lib\site-packages\scipy\ndimage;C:\Python312\Lib\site-packages\scipy\optimize;C:\Python312\Lib\site-packages\scipy\optimize\_trlib;C:\Python312\Lib\site-packages\scipy\optimize\_lsq;C:\Python312\Lib\site-packages\scipy\optimize\_highs;C:\Python312\Lib\site-packages\scipy\integrate;C:\Python312\Lib\site-packages\scipy\stats;C:\Python312\Lib\site-packages\scipy\stats\_boost;C:\Python312\Lib\site-packages\scipy\interpolate;C:\Python312\Lib\site-packages\scipy\stats\_levy_stable;C:\Python312\Lib\site-packages\scipy\_lib\_uarray;C:\Python312\Lib\site-packages\scipy\fft\_pocketfft;C:\Python312\Lib\site-packages\scipy\stats\_rcont;C:\Python312\Lib\site-packages\scipy\stats\_unuran;C:\Python312\Lib\site-packages\gensim;C:\Python312\Lib\site-packages\gensim\corpora;C:\Python312\Lib\site-packages\gensim\models;C:\Python312\Lib\site-packages\gensim\similarities;C:\Python312\Lib\site-packages\sklearn\__check_build;C:\Python312\Lib\site-packages\sklearn\.libs;C:\Python312\Lib\site-packages\sklearn\utils;C:\Python312\Lib\site-packages\sklearn\metrics\cluster;C:\Python312\Lib\site-packages\sklearn\preprocessing;C:\Python312\Lib\site-packages\sklearn\metrics;C:\Python312\Lib\site-packages\sklearn\metrics\_pairwise_distances_reduction;C:\Program Files\Bonjour;C:\Program Files\Java\jdk-21\bin\server;C:\Program Files\Java\jdk-21\bin

VM Arguments:
jvm_args: -Dfile.encoding=UTF8 -ea -Xmx1024m 
java_command: <unknown>
java_class_path (initial): C:\Python312\Lib\site-packages\konlpy\java;C:\Python312\Lib\site-packages\konlpy\java\bin;C:\Python312\Lib\site-packages\konlpy\java\aho-corasick.jar;C:\Python312\Lib\site-packages\konlpy\java\jhannanum-0.8.4.jar;C:\Python312\Lib\site-packages\konlpy\java\kkma-2.0.jar;C:\Python312\Lib\site-packages\konlpy\java\komoran-3.0.jar;C:\Python312\Lib\site-packages\konlpy\java\open-korean-text-2.1.0.jar;C:\Python312\Lib\site-packages\konlpy\java\scala-library-2.12.3.jar;C:\Python312\Lib\site-packages\konlpy\java\shineware-common-1.0.jar;C:\Python312\Lib\site-packages\konlpy\java\shineware-ds-1.0.jar;C:\Python312\Lib\site-packages\konlpy\java\snakeyaml-1.12.jar;C:\Python312\Lib\site-packages\konlpy\java\twitter-text-1.14.7.jar;C:\Python312\Lib\site-packages\konlpy\java\jhannanum-0.8.4.jar;C:\Python312\Lib\site-packages\konlpy\java\kkma-2.0.jar;C:\Python312\Lib\site-packages\konlpy\java\aho-corasick.jar;C:\Python312\Lib\site-packages\konlpy\java\shineware-common-1.0.jar;C:\Python312\Lib\site-packages\konlpy\java\shineware-ds-1.0.jar;C:\Python312\Lib\site-packages\konlpy\java\komoran-3.0.jar;C:\Python312\Lib\site-packages\konlpy\java\snakeyaml-1.12.jar;C:\Python312\Lib\site-packages\konlpy\java\scala-library-2.12.3.jar;C:\Python312\Lib\site-packages\konlpy\java\open-korean-text-2.1.0.jar;C:\Python312\Lib\site-packages\konlpy\java\twitter-text-1.14.7.jar;C:\Python312\Lib\site-packages\konlpy\java\aho-corasick.jar;C:\Python312\Lib\site-packages\konlpy\java\jhannanum-0.8.4.jar;C:\Python312\Lib\site-packages\konlpy\java\kkma-2.0.jar;C:\Python312\Lib\site-packages\konlpy\java\komoran-3.0.jar;C:\Python312\Lib\site-packages\konlpy\java\open-korean-text-2.1.0.jar;C:\Python312\Lib\site-packages\konlpy\java\scala-library-2.12.3.jar;C:\Python312\Lib\site-packages\konlpy\java\shineware-common-1.0.jar;C:\Python312\Lib\site-packages\konlpy\java\shineware-ds-1.0.jar;C:\Python312\Lib\site-packages\konlpy\java\snakeyaml-1.12.jar;C:\Python312\Lib\site-packages\konlpy\java\twitter-text-1.14.7.jar
Launcher Type: generic

[Global flags]
     intx CICompilerCount                          = 4                                         {product} {ergonomic}
     uint ConcGCThreads                            = 2                                         {product} {ergonomic}
     uint G1ConcRefinementThreads                  = 8                                         {product} {ergonomic}
   size_t G1HeapRegionSize                         = 1048576                                   {product} {ergonomic}
    uintx GCDrainStackTargetSize                   = 64                                        {product} {ergonomic}
   size_t InitialHeapSize                          = 264241152                                 {product} {ergonomic}
   size_t MarkStackSize                            = 4194304                                   {product} {ergonomic}
   size_t MaxHeapSize                              = 1073741824                                {product} {command line}
   size_t MaxNewSize                               = 643825664                                 {product} {ergonomic}
   size_t MinHeapDeltaBytes                        = 1048576                                   {product} {ergonomic}
   size_t MinHeapSize                              = 8388608                                   {product} {ergonomic}
    uintx NonNMethodCodeHeapSize                   = 5839372                                {pd product} {ergonomic}
    uintx NonProfiledCodeHeapSize                  = 122909434                              {pd product} {ergonomic}
    uintx ProfiledCodeHeapSize                     = 122909434                              {pd product} {ergonomic}
    uintx ReservedCodeCacheSize                    = 251658240                              {pd product} {ergonomic}
     bool SegmentedCodeCache                       = true                                      {product} {ergonomic}
   size_t SoftMaxHeapSize                          = 1073741824                             {manageable} {ergonomic}
     bool UseCompressedOops                        = true                           {product lp64_product} {ergonomic}
     bool UseG1GC                                  = true                                      {product} {ergonomic}
     bool UseLargePagesIndividualAllocation        = false                                  {pd product} {ergonomic}

Logging:
Log output configuration:
 #0: stdout all=warning uptime,level,tags foldmultilines=false
 #1: stderr all=off uptime,level,tags foldmultilines=false

Environment Variables:
JAVA_HOME=C:\Program Files\Java\jdk-21
PATH=C:\Python312;C:\Python312\Scripts;C:\Program Files\Common Files\Oracle\Java\javapath;C:\Program Files (x86)\VMware\VMware Workstation\bin\;C:\WINDOWS\system32;C:\WINDOWS;C:\WINDOWS\System32\Wbem;C:\WINDOWS\System32\WindowsPowerShell\v1.0\;C:\WINDOWS\System32\OpenSSH\;C:\Program Files\nodejs\npm;C:\ProgramData\chocolatey\bin;C:\Program Files (x86)\Git\cmd;C:\Program Files\Kubernetes\Minikube;C:\Program Files\MongoDB\Server\7.0\bin;C:\Users\Playdata\Downloads\mongosh-2.2.9-win32-x64\mongosh-2.2.9-win32-x64\bin;C:\Program Files\Java\jdk-21\bin;C:\Program Files\MySQL\MySQL Server 8.0\bin;C:\WINDOWS\system32;C:\WINDOWS;C:\WINDOWS\System32\Wbem;C:\WINDOWS\System32\WindowsPowerShell\v1.0\;C:\WINDOWS\System32\OpenSSH\;C:\Program Files\MySQL\MySQL Server 8.0\bin;C:\WINDOWS\system32;C:\WINDOWS;C:\WINDOWS\System32\Wbem;C:\WINDOWS\System32\WindowsPowerShell\v1.0\;C:\WINDOWS\System32\OpenSSH\;C:\Users\Playdata\AppData\Local\Microsoft\WindowsApps;C:\Users\Playdata\AppData\Local\Programs\Microsoft VS Code\bin;C:\Program Files\JetBrains\IntelliJ IDEA 2024.1.1\bin;;C:\Program Files\nodejs\;C:\Program Files\JetBrains\PyCharm 2024.1.3\bin;;C:\Users\Playdata\AppData\Local\Programs\mongosh\
USERNAME=Playdata
OS=Windows_NT
PROCESSOR_IDENTIFIER=Intel64 Family 6 Model 140 Stepping 1, GenuineIntel
TMP=C:\Users\Playdata\AppData\Local\Temp
TEMP=C:\Users\Playdata\AppData\Local\Temp




Periodic native trim disabled

---------------  S Y S T E M  ---------------

OS:
 Windows 11 , 64 bit Build 22621 (10.0.22621.3672)
OS uptime: 3 days 3:57 hours
Hyper-V role detected

CPU: total 8 (initial active 8) (4 cores per cpu, 2 threads per core) family 6 model 140 stepping 1 microcode 0x8a, cx8, cmov, fxsr, ht, mmx, 3dnowpref, sse, sse2, sse3, ssse3, sse4.1, sse4.2, popcnt, lzcnt, tsc, tscinvbit, avx, avx2, aes, erms, clmul, bmi1, bmi2, adx, avx512f, avx512dq, avx512cd, avx512bw, avx512vl, sha, fma, vzeroupper, avx512_vpopcntdq, avx512_vpclmulqdq, avx512_vaes, avx512_vnni, clflush, clflushopt, clwb, avx512_vbmi2, avx512_vbmi, hv, rdtscp, rdpid, fsrm, gfni, avx512_bitalg, f16c, cet_ibt, cet_ss, avx512_ifma
Processor Information for all 8 processors :
  Max Mhz: 2419, Current Mhz: 2419, Mhz Limit: 2419

Memory: 4k page, system-wide physical 16107M (395M free)
TotalPageFile size 38256M (AvailPageFile size 9M)
current process WorkingSet (physical memory assigned to process): 341M, peak: 341M
current process commit charge ("private bytes"): 820M, peak: 934M

vm_info: Java HotSpot(TM) 64-Bit Server VM (21.0.3+7-LTS-152) for windows-amd64 JRE (21.0.3+7-LTS-152), built on 2024-03-11T17:42:26Z by "mach5one" with MS VC++ 17.6 (VS2022)

END.
