#
# There is insufficient memory for the Java Runtime Environment to continue.
# Native memory allocation (mmap) failed to map 1310720 bytes for G1 virtual space
# Possible reasons:
#   The system is out of physical RAM or swap space
#   The process is running with CompressedOops enabled, and the Java Heap may be blocking the growth of the native heap
# Possible solutions:
#   Reduce memory load on the system
#   Increase physical memory or swap space
#   Check if swap backing store is full
#   Decrease Java heap size (-Xmx/-Xms)
#   Decrease number of Java threads
#   Decrease Java thread stack sizes (-Xss)
#   Set larger code cache with -XX:ReservedCodeCacheSize=
#   JVM is running with Unscaled Compressed Oops mode in which the Java heap is
#     placed in the first 4GB address space. The Java Heap base address is the
#     maximum limit for the native heap growth. Please use -XX:HeapBaseMinAddress
#     to set the Java Heap base and to place the Java Heap above 4GB virtual address.
# This output file may be truncated or incomplete.
#
#  Out of Memory Error (os_windows.cpp:3600), pid=34096, tid=24956
#
# JRE version: Java(TM) SE Runtime Environment (21.0.3+7) (build 21.0.3+7-LTS-152)
# Java VM: Java HotSpot(TM) 64-Bit Server VM (21.0.3+7-LTS-152, mixed mode, sharing, tiered, compressed oops, compressed class ptrs, g1 gc, windows-amd64)
# No core dump will be written. Minidumps are not enabled by default on client versions of Windows
#

---------------  S U M M A R Y ------------

Command Line: -Dfile.encoding=UTF8 -ea -Xmx1024m 

Host: 11th Gen Intel(R) Core(TM) i5-1135G7 @ 2.40GHz, 8 cores, 15G,  Windows 11 , 64 bit Build 22621 (10.0.22621.3672)
Time: Tue Jul 23 17:02:28 2024 대한민국 표준시 elapsed time: 4.905763 seconds (0d 0h 0m 4s)

---------------  T H R E A D  ---------------

Current thread (0x0000025ce0ab2a20):  VMThread "VM Thread"          [id=24956, stack(0x00000082135c0000,0x00000082137b0000) (1984K)]

Stack: [0x00000082135c0000,0x00000082137b0000]
Native frames: (J=compiled Java code, j=interpreted, Vv=VM code, C=native code)
C  0x00007ffdac3a63b9
C  0x00007ffdac52fa11
C  0x00007ffdac531f3e
C  0x00007ffdac532613
C  0x00007ffdabf5cd46
C  0x00007ffdac3a2b55
C  0x00007ffdac3976da
C  0x00007ffdac03051a
C  0x00007ffdac038176
C  0x00007ffdac08a863
C  0x00007ffdac08aaf8
C  0x00007ffdac00491c
C  0x00007ffdac007166
C  0x00007ffdac011046
C  0x00007ffdac0473b5
C  0x00007ffdac537fd0
C  0x00007ffdac5390d4
C  0x00007ffdac539610
C  0x00007ffdac5398b3
C  0x00007ffdac4d9ffb
C  0x00007ffdac3a4a9d
C  [ucrtbase.dll+0x29333]
C  [KERNEL32.DLL+0x1257d]
C  [ntdll.dll+0x5af28]

VM_Operation (0x0000008212dff520): G1PauseRemark, mode: safepoint, requested by thread 0x0000025cd162f680


---------------  P R O C E S S  ---------------

Threads class SMR info:
_java_thread_list=0x0000025ce198c6f0, length=12, elements={
0x0000025ce0aa5710, 0x0000025ce0aa6ac0, 0x0000025ce0aa5da0, 0x0000025ce0aa6430,
0x0000025ce0aa7e70, 0x0000025ce0aa4360, 0x0000025ce0aa3640, 0x0000025cd164b140,
0x0000025cd164d350, 0x0000025ce0aa7150, 0x0000025ce0aa3cd0, 0x0000025ce0aa49f0
}

Java Threads: ( => current thread )
  0x0000025ce0aa5710 JavaThread "main"                              [_thread_blocked, id=25340, stack(0x000000820f000000,0x000000820f1f0000) (1984K)]
  0x0000025ce0aa6ac0 JavaThread "Reference Handler"          daemon [_thread_blocked, id=12096, stack(0x00000082137b0000,0x00000082139a0000) (1984K)]
  0x0000025ce0aa5da0 JavaThread "Finalizer"                  daemon [_thread_blocked, id=18192, stack(0x00000082139a0000,0x0000008213b90000) (1984K)]
  0x0000025ce0aa6430 JavaThread "Signal Dispatcher"          daemon [_thread_blocked, id=15500, stack(0x0000008213b90000,0x0000008213d80000) (1984K)]
  0x0000025ce0aa7e70 JavaThread "Attach Listener"            daemon [_thread_blocked, id=7452, stack(0x0000008213d80000,0x0000008213f70000) (1984K)]
  0x0000025ce0aa4360 JavaThread "Service Thread"             daemon [_thread_blocked, id=24144, stack(0x0000008213f70000,0x0000008214160000) (1984K)]
  0x0000025ce0aa3640 JavaThread "Monitor Deflation Thread"   daemon [_thread_blocked, id=27156, stack(0x0000008214160000,0x0000008214350000) (1984K)]
  0x0000025cd164b140 JavaThread "C2 CompilerThread0"         daemon [_thread_blocked, id=25660, stack(0x0000008214350000,0x0000008214540000) (1984K)]
  0x0000025cd164d350 JavaThread "C1 CompilerThread0"         daemon [_thread_blocked, id=6756, stack(0x0000008214540000,0x0000008214730000) (1984K)]
  0x0000025ce0aa7150 JavaThread "Notification Thread"        daemon [_thread_blocked, id=5744, stack(0x0000008214730000,0x0000008214920000) (1984K)]
  0x0000025ce0aa3cd0 JavaThread "Common-Cleaner"             daemon [_thread_blocked, id=24524, stack(0x0000008214920000,0x0000008214b10000) (1984K)]
  0x0000025ce0aa49f0 JavaThread "Python Reference Queue"     daemon [_thread_blocked, id=22740, stack(0x0000008214b10000,0x0000008214d00000) (1984K)]
Total: 12

Other Threads:
=>0x0000025ce0ab2a20 VMThread "VM Thread"                           [id=24956, stack(0x00000082135c0000,0x00000082137b0000) (1984K)]
  0x0000025cd1521b40 WatcherThread "VM Periodic Task Thread"        [id=21252, stack(0x00000082133d0000,0x00000082135c0000) (1984K)]
  0x0000025ce0aac4a0 WorkerThread "GC Thread#0"                     [id=11536, stack(0x0000008212a20000,0x0000008212c10000) (1984K)]
  0x0000025ce16b5950 WorkerThread "GC Thread#1"                     [id=17088, stack(0x0000008214d00000,0x0000008214ef0000) (1984K)]
  0x0000025ce16bbb30 WorkerThread "GC Thread#2"                     [id=32364, stack(0x0000008214ef0000,0x00000082150e0000) (1984K)]
  0x0000025ce16bb050 WorkerThread "GC Thread#3"                     [id=25280, stack(0x00000082150e0000,0x00000082152d0000) (1984K)]
  0x0000025ce16b8c10 WorkerThread "GC Thread#4"                     [id=4788, stack(0x00000082152d0000,0x00000082154c0000) (1984K)]
  0x0000025ce16b6090 WorkerThread "GC Thread#5"                     [id=18776, stack(0x00000082154c0000,0x00000082156b0000) (1984K)]
  0x0000025cd162f680 ConcurrentGCThread "G1 Main Marker"            [id=15740, stack(0x0000008212c10000,0x0000008212e00000) (1984K)]
  0x0000025ce0aac840 WorkerThread "G1 Conc#0"                       [id=22716, stack(0x0000008212e00000,0x0000008212ff0000) (1984K)]
  0x0000025ce16b8fb0 WorkerThread "G1 Conc#1"                       [id=26492, stack(0x00000082158a0000,0x0000008215a90000) (1984K)]
  0x0000025cd169bea0 ConcurrentGCThread "G1 Refine#0"               [id=21440, stack(0x0000008212ff0000,0x00000082131e0000) (1984K)]
  0x0000025cd16e09b0 ConcurrentGCThread "G1 Service"                [id=20364, stack(0x00000082131e0000,0x00000082133d0000) (1984K)]
Total: 13

Threads with active compile tasks:
C2 CompilerThread0     5352 1428   !   4       java.io.ObjectInputStream::readOrdinaryObject (373 bytes)
Total: 1

VM state: at safepoint (normal execution)

VM Mutex/Monitor currently owned by a thread:  ([mutex/lock_event])
[0x00007ffdac912da8] Threads_lock - owner thread: 0x0000025ce0ab2a20
[0x00007ffdac912ea8] Heap_lock - owner thread: 0x0000025cd162f680

Heap address: 0x00000000c0000000, size: 1024 MB, Compressed Oops mode: 32-bit

CDS archive(s) mapped at: [0x0000025cfe000000-0x0000025cfec90000-0x0000025cfec90000), size 13172736, SharedBaseAddress: 0x0000025cfe000000, ArchiveRelocationMode: 1.
Compressed class space mapped at: 0x0000025cff000000-0x0000025d3f000000, reserved size: 1073741824
Narrow klass base: 0x0000025cfe000000, Narrow klass shift: 0, Narrow klass range: 0x100000000

GC Precious Log:
 CardTable entry size: 512
 Card Set container configuration: InlinePtr #cards 5 size 8 Array Of Cards #cards 12 size 40 Howl #buckets 4 coarsen threshold 1843 Howl Bitmap #cards 512 size 80 coarsen threshold 460 Card regions per heap region 1 cards per card region 2048
 CPUs: 8 total, 8 available
 Memory: 16107M
 Large Page Support: Disabled
 NUMA Support: Disabled
 Compressed Oops: Enabled (32-bit)
 Heap Region Size: 1M
 Heap Min Capacity: 8M
 Heap Initial Capacity: 252M
 Heap Max Capacity: 1G
 Pre-touch: Disabled
 Parallel Workers: 8
 Concurrent Workers: 2
 Concurrent Refinement Workers: 8
 Periodic GC: Disabled

Heap:
 garbage-first heap   total 276480K, used 213063K [0x00000000c0000000, 0x0000000100000000)
  region size 1024K, 34 young (34816K), 7 survivors (7168K)
 Metaspace       used 3686K, committed 3968K, reserved 1114112K
  class space    used 331K, committed 512K, reserved 1048576K

Heap Regions: E=young(eden), S=young(survivor), O=old, HS=humongous(starts), HC=humongous(continues), CS=collection set, F=free, TAMS=top-at-mark-start, PB=parsable bottom
|   0|0x00000000c0000000, 0x00000000c00fffb8, 0x00000000c0100000| 99%| O|  |TAMS 0x00000000c00fffb8| PB 0x00000000c00fffb8| Untracked 
|   1|0x00000000c0100000, 0x00000000c01fffe0, 0x00000000c0200000| 99%| O|  |TAMS 0x00000000c01fffe0| PB 0x00000000c01fffe0| Untracked 
|   2|0x00000000c0200000, 0x00000000c02fffe8, 0x00000000c0300000| 99%| O|  |TAMS 0x00000000c02fffe8| PB 0x00000000c02fffe8| Untracked 
|   3|0x00000000c0300000, 0x00000000c03ffff8, 0x00000000c0400000| 99%| O|  |TAMS 0x00000000c03ffff8| PB 0x00000000c03ffff8| Untracked 
|   4|0x00000000c0400000, 0x00000000c04fffc8, 0x00000000c0500000| 99%| O|  |TAMS 0x00000000c04fffc8| PB 0x00000000c04fffc8| Untracked 
|   5|0x00000000c0500000, 0x00000000c05ffff0, 0x00000000c0600000| 99%| O|  |TAMS 0x00000000c05ffff0| PB 0x00000000c05ffff0| Untracked 
|   6|0x00000000c0600000, 0x00000000c0700000, 0x00000000c0700000|100%| O|  |TAMS 0x00000000c0700000| PB 0x00000000c0700000| Untracked 
|   7|0x00000000c0700000, 0x00000000c0800000, 0x00000000c0800000|100%| O|  |TAMS 0x00000000c0800000| PB 0x00000000c0800000| Untracked 
|   8|0x00000000c0800000, 0x00000000c0900000, 0x00000000c0900000|100%| O|  |TAMS 0x00000000c0900000| PB 0x00000000c0900000| Untracked 
|   9|0x00000000c0900000, 0x00000000c0a00000, 0x00000000c0a00000|100%| O|  |TAMS 0x00000000c0a00000| PB 0x00000000c0a00000| Untracked 
|  10|0x00000000c0a00000, 0x00000000c0b00000, 0x00000000c0b00000|100%| O|  |TAMS 0x00000000c0b00000| PB 0x00000000c0b00000| Untracked 
|  11|0x00000000c0b00000, 0x00000000c0c00000, 0x00000000c0c00000|100%| O|  |TAMS 0x00000000c0c00000| PB 0x00000000c0c00000| Untracked 
|  12|0x00000000c0c00000, 0x00000000c0d00000, 0x00000000c0d00000|100%| O|  |TAMS 0x00000000c0d00000| PB 0x00000000c0d00000| Untracked 
|  13|0x00000000c0d00000, 0x00000000c0e00000, 0x00000000c0e00000|100%| O|  |TAMS 0x00000000c0e00000| PB 0x00000000c0e00000| Untracked 
|  14|0x00000000c0e00000, 0x00000000c0f00000, 0x00000000c0f00000|100%| O|  |TAMS 0x00000000c0f00000| PB 0x00000000c0f00000| Untracked 
|  15|0x00000000c0f00000, 0x00000000c0fffff8, 0x00000000c1000000| 99%| O|  |TAMS 0x00000000c0fffff8| PB 0x00000000c0fffff8| Untracked 
|  16|0x00000000c1000000, 0x00000000c10ffff8, 0x00000000c1100000| 99%| O|  |TAMS 0x00000000c10ffff8| PB 0x00000000c10ffff8| Untracked 
|  17|0x00000000c1100000, 0x00000000c1200000, 0x00000000c1200000|100%| O|  |TAMS 0x00000000c1200000| PB 0x00000000c1200000| Untracked 
|  18|0x00000000c1200000, 0x00000000c12fffe8, 0x00000000c1300000| 99%| O|  |TAMS 0x00000000c12fffe8| PB 0x00000000c12fffe8| Untracked 
|  19|0x00000000c1300000, 0x00000000c1400000, 0x00000000c1400000|100%| O|  |TAMS 0x00000000c1400000| PB 0x00000000c1400000| Untracked 
|  20|0x00000000c1400000, 0x00000000c14ffff0, 0x00000000c1500000| 99%| O|  |TAMS 0x00000000c14ffff0| PB 0x00000000c14ffff0| Untracked 
|  21|0x00000000c1500000, 0x00000000c1600000, 0x00000000c1600000|100%| O|  |TAMS 0x00000000c1600000| PB 0x00000000c1600000| Untracked 
|  22|0x00000000c1600000, 0x00000000c16fffe8, 0x00000000c1700000| 99%| O|  |TAMS 0x00000000c16fffe8| PB 0x00000000c16fffe8| Untracked 
|  23|0x00000000c1700000, 0x00000000c1800000, 0x00000000c1800000|100%| O|  |TAMS 0x00000000c1800000| PB 0x00000000c1800000| Untracked 
|  24|0x00000000c1800000, 0x00000000c1892038, 0x00000000c1900000| 57%| O|  |TAMS 0x00000000c1892038| PB 0x00000000c1892038| Updating 
|  25|0x00000000c1900000, 0x00000000c1a00000, 0x00000000c1a00000|100%| O|  |TAMS 0x00000000c1a00000| PB 0x00000000c1a00000| Untracked 
|  26|0x00000000c1a00000, 0x00000000c1b00000, 0x00000000c1b00000|100%| O|  |TAMS 0x00000000c1b00000| PB 0x00000000c1b00000| Untracked 
|  27|0x00000000c1b00000, 0x00000000c1c00000, 0x00000000c1c00000|100%| O|  |TAMS 0x00000000c1c00000| PB 0x00000000c1c00000| Untracked 
|  28|0x00000000c1c00000, 0x00000000c1d00000, 0x00000000c1d00000|100%| O|  |TAMS 0x00000000c1d00000| PB 0x00000000c1d00000| Untracked 
|  29|0x00000000c1d00000, 0x00000000c1e00000, 0x00000000c1e00000|100%| O|  |TAMS 0x00000000c1e00000| PB 0x00000000c1e00000| Untracked 
|  30|0x00000000c1e00000, 0x00000000c1f00000, 0x00000000c1f00000|100%| O|  |TAMS 0x00000000c1f00000| PB 0x00000000c1f00000| Untracked 
|  31|0x00000000c1f00000, 0x00000000c2000000, 0x00000000c2000000|100%| O|  |TAMS 0x00000000c2000000| PB 0x00000000c2000000| Untracked 
|  32|0x00000000c2000000, 0x00000000c2100000, 0x00000000c2100000|100%| O|  |TAMS 0x00000000c2100000| PB 0x00000000c2100000| Untracked 
|  33|0x00000000c2100000, 0x00000000c2200000, 0x00000000c2200000|100%| O|  |TAMS 0x00000000c2200000| PB 0x00000000c2200000| Untracked 
|  34|0x00000000c2200000, 0x00000000c2300000, 0x00000000c2300000|100%| O|  |TAMS 0x00000000c2300000| PB 0x00000000c2300000| Untracked 
|  35|0x00000000c2300000, 0x00000000c2400000, 0x00000000c2400000|100%| O|  |TAMS 0x00000000c2400000| PB 0x00000000c2400000| Untracked 
|  36|0x00000000c2400000, 0x00000000c2500000, 0x00000000c2500000|100%| O|  |TAMS 0x00000000c2400000| PB 0x00000000c2400000| Untracked 
|  37|0x00000000c2500000, 0x00000000c2600000, 0x00000000c2600000|100%| O|  |TAMS 0x00000000c2600000| PB 0x00000000c2600000| Untracked 
|  38|0x00000000c2600000, 0x00000000c2700000, 0x00000000c2700000|100%| O|  |TAMS 0x00000000c2700000| PB 0x00000000c2700000| Untracked 
|  39|0x00000000c2700000, 0x00000000c2800000, 0x00000000c2800000|100%| O|  |TAMS 0x00000000c2800000| PB 0x00000000c2800000| Untracked 
|  40|0x00000000c2800000, 0x00000000c2900000, 0x00000000c2900000|100%| O|  |TAMS 0x00000000c2900000| PB 0x00000000c2900000| Untracked 
|  41|0x00000000c2900000, 0x00000000c2a00000, 0x00000000c2a00000|100%| O|  |TAMS 0x00000000c2a00000| PB 0x00000000c2a00000| Untracked 
|  42|0x00000000c2a00000, 0x00000000c2b00000, 0x00000000c2b00000|100%| O|  |TAMS 0x00000000c2b00000| PB 0x00000000c2b00000| Untracked 
|  43|0x00000000c2b00000, 0x00000000c2c00000, 0x00000000c2c00000|100%| O|  |TAMS 0x00000000c2c00000| PB 0x00000000c2c00000| Untracked 
|  44|0x00000000c2c00000, 0x00000000c2d00000, 0x00000000c2d00000|100%| O|  |TAMS 0x00000000c2d00000| PB 0x00000000c2d00000| Untracked 
|  45|0x00000000c2d00000, 0x00000000c2e00000, 0x00000000c2e00000|100%| O|  |TAMS 0x00000000c2e00000| PB 0x00000000c2e00000| Untracked 
|  46|0x00000000c2e00000, 0x00000000c2f00000, 0x00000000c2f00000|100%| O|  |TAMS 0x00000000c2f00000| PB 0x00000000c2f00000| Untracked 
|  47|0x00000000c2f00000, 0x00000000c3000000, 0x00000000c3000000|100%| O|  |TAMS 0x00000000c3000000| PB 0x00000000c3000000| Untracked 
|  48|0x00000000c3000000, 0x00000000c3000000, 0x00000000c3100000|  0%| F|  |TAMS 0x00000000c3000000| PB 0x00000000c3000000| Untracked 
|  49|0x00000000c3100000, 0x00000000c3100000, 0x00000000c3200000|  0%| F|  |TAMS 0x00000000c3100000| PB 0x00000000c3100000| Untracked 
|  50|0x00000000c3200000, 0x00000000c3200000, 0x00000000c3300000|  0%| F|  |TAMS 0x00000000c3200000| PB 0x00000000c3200000| Untracked 
|  51|0x00000000c3300000, 0x00000000c3300000, 0x00000000c3400000|  0%| F|  |TAMS 0x00000000c3300000| PB 0x00000000c3300000| Untracked 
|  52|0x00000000c3400000, 0x00000000c3500000, 0x00000000c3500000|100%| O|  |TAMS 0x00000000c3500000| PB 0x00000000c3500000| Untracked 
|  53|0x00000000c3500000, 0x00000000c3600000, 0x00000000c3600000|100%| O|  |TAMS 0x00000000c3600000| PB 0x00000000c3600000| Untracked 
|  54|0x00000000c3600000, 0x00000000c3700000, 0x00000000c3700000|100%| O|  |TAMS 0x00000000c3700000| PB 0x00000000c3700000| Untracked 
|  55|0x00000000c3700000, 0x00000000c3800000, 0x00000000c3800000|100%| O|  |TAMS 0x00000000c3800000| PB 0x00000000c3800000| Updating 
|  56|0x00000000c3800000, 0x00000000c3900000, 0x00000000c3900000|100%| O|  |TAMS 0x00000000c3900000| PB 0x00000000c3900000| Untracked 
|  57|0x00000000c3900000, 0x00000000c3a00000, 0x00000000c3a00000|100%| O|  |TAMS 0x00000000c3a00000| PB 0x00000000c3a00000| Untracked 
|  58|0x00000000c3a00000, 0x00000000c3b00000, 0x00000000c3b00000|100%| O|  |TAMS 0x00000000c3b00000| PB 0x00000000c3b00000| Untracked 
|  59|0x00000000c3b00000, 0x00000000c3c00000, 0x00000000c3c00000|100%| O|  |TAMS 0x00000000c3c00000| PB 0x00000000c3c00000| Untracked 
|  60|0x00000000c3c00000, 0x00000000c3d00000, 0x00000000c3d00000|100%| O|  |TAMS 0x00000000c3d00000| PB 0x00000000c3d00000| Untracked 
|  61|0x00000000c3d00000, 0x00000000c3e00000, 0x00000000c3e00000|100%| O|  |TAMS 0x00000000c3e00000| PB 0x00000000c3e00000| Untracked 
|  62|0x00000000c3e00000, 0x00000000c3f00000, 0x00000000c3f00000|100%| O|  |TAMS 0x00000000c3f00000| PB 0x00000000c3f00000| Updating 
|  63|0x00000000c3f00000, 0x00000000c4000000, 0x00000000c4000000|100%| O|  |TAMS 0x00000000c4000000| PB 0x00000000c4000000| Updating 
|  64|0x00000000c4000000, 0x00000000c4100000, 0x00000000c4100000|100%| O|  |TAMS 0x00000000c4100000| PB 0x00000000c4100000| Untracked 
|  65|0x00000000c4100000, 0x00000000c4200000, 0x00000000c4200000|100%| O|  |TAMS 0x00000000c4200000| PB 0x00000000c4200000| Untracked 
|  66|0x00000000c4200000, 0x00000000c4300000, 0x00000000c4300000|100%| O|  |TAMS 0x00000000c4300000| PB 0x00000000c4300000| Updating 
|  67|0x00000000c4300000, 0x00000000c4400000, 0x00000000c4400000|100%|HS|  |TAMS 0x00000000c4400000| PB 0x00000000c4300000| Complete 
|  68|0x00000000c4400000, 0x00000000c4500000, 0x00000000c4500000|100%|HS|  |TAMS 0x00000000c4500000| PB 0x00000000c4400000| Complete 
|  69|0x00000000c4500000, 0x00000000c4600000, 0x00000000c4600000|100%|HC|  |TAMS 0x00000000c4600000| PB 0x00000000c4500000| Complete 
|  70|0x00000000c4600000, 0x00000000c4700000, 0x00000000c4700000|100%|HC|  |TAMS 0x00000000c4700000| PB 0x00000000c4600000| Complete 
|  71|0x00000000c4700000, 0x00000000c4800000, 0x00000000c4800000|100%|HS|  |TAMS 0x00000000c4800000| PB 0x00000000c4700000| Complete 
|  72|0x00000000c4800000, 0x00000000c4900000, 0x00000000c4900000|100%|HC|  |TAMS 0x00000000c4900000| PB 0x00000000c4800000| Complete 
|  73|0x00000000c4900000, 0x00000000c4a00000, 0x00000000c4a00000|100%|HC|  |TAMS 0x00000000c4a00000| PB 0x00000000c4900000| Complete 
|  74|0x00000000c4a00000, 0x00000000c4b00000, 0x00000000c4b00000|100%| O|  |TAMS 0x00000000c4b00000| PB 0x00000000c4b00000| Untracked 
|  75|0x00000000c4b00000, 0x00000000c4c00000, 0x00000000c4c00000|100%| O|  |TAMS 0x00000000c4c00000| PB 0x00000000c4c00000| Untracked 
|  76|0x00000000c4c00000, 0x00000000c4d00000, 0x00000000c4d00000|100%| O|  |TAMS 0x00000000c4d00000| PB 0x00000000c4d00000| Untracked 
|  77|0x00000000c4d00000, 0x00000000c4e00000, 0x00000000c4e00000|100%| O|  |TAMS 0x00000000c4e00000| PB 0x00000000c4e00000| Untracked 
|  78|0x00000000c4e00000, 0x00000000c4f00000, 0x00000000c4f00000|100%| O|  |TAMS 0x00000000c4f00000| PB 0x00000000c4f00000| Untracked 
|  79|0x00000000c4f00000, 0x00000000c5000000, 0x00000000c5000000|100%| O|  |TAMS 0x00000000c5000000| PB 0x00000000c5000000| Untracked 
|  80|0x00000000c5000000, 0x00000000c5100000, 0x00000000c5100000|100%| O|  |TAMS 0x00000000c5100000| PB 0x00000000c5100000| Untracked 
|  81|0x00000000c5100000, 0x00000000c5200000, 0x00000000c5200000|100%| O|  |TAMS 0x00000000c5200000| PB 0x00000000c5200000| Untracked 
|  82|0x00000000c5200000, 0x00000000c5300000, 0x00000000c5300000|100%| O|  |TAMS 0x00000000c5300000| PB 0x00000000c5300000| Untracked 
|  83|0x00000000c5300000, 0x00000000c5400000, 0x00000000c5400000|100%| O|  |TAMS 0x00000000c5400000| PB 0x00000000c5400000| Untracked 
|  84|0x00000000c5400000, 0x00000000c5500000, 0x00000000c5500000|100%| O|  |TAMS 0x00000000c5500000| PB 0x00000000c5500000| Untracked 
|  85|0x00000000c5500000, 0x00000000c5600000, 0x00000000c5600000|100%| O|  |TAMS 0x00000000c5600000| PB 0x00000000c5600000| Untracked 
|  86|0x00000000c5600000, 0x00000000c5700000, 0x00000000c5700000|100%| O|  |TAMS 0x00000000c5700000| PB 0x00000000c5700000| Untracked 
|  87|0x00000000c5700000, 0x00000000c5800000, 0x00000000c5800000|100%| O|  |TAMS 0x00000000c5800000| PB 0x00000000c5800000| Untracked 
|  88|0x00000000c5800000, 0x00000000c5900000, 0x00000000c5900000|100%| O|  |TAMS 0x00000000c5900000| PB 0x00000000c5900000| Untracked 
|  89|0x00000000c5900000, 0x00000000c5a00000, 0x00000000c5a00000|100%| O|  |TAMS 0x00000000c5a00000| PB 0x00000000c5a00000| Untracked 
|  90|0x00000000c5a00000, 0x00000000c5b00000, 0x00000000c5b00000|100%| O|  |TAMS 0x00000000c5b00000| PB 0x00000000c5b00000| Untracked 
|  91|0x00000000c5b00000, 0x00000000c5c00000, 0x00000000c5c00000|100%| O|  |TAMS 0x00000000c5c00000| PB 0x00000000c5c00000| Untracked 
|  92|0x00000000c5c00000, 0x00000000c5d00000, 0x00000000c5d00000|100%| O|  |TAMS 0x00000000c5d00000| PB 0x00000000c5d00000| Untracked 
|  93|0x00000000c5d00000, 0x00000000c5e00000, 0x00000000c5e00000|100%| O|  |TAMS 0x00000000c5e00000| PB 0x00000000c5e00000| Untracked 
|  94|0x00000000c5e00000, 0x00000000c5f00000, 0x00000000c5f00000|100%| O|  |TAMS 0x00000000c5f00000| PB 0x00000000c5f00000| Untracked 
|  95|0x00000000c5f00000, 0x00000000c6000000, 0x00000000c6000000|100%| O|  |TAMS 0x00000000c6000000| PB 0x00000000c6000000| Untracked 
|  96|0x00000000c6000000, 0x00000000c6100000, 0x00000000c6100000|100%| O|  |TAMS 0x00000000c6100000| PB 0x00000000c6100000| Untracked 
|  97|0x00000000c6100000, 0x00000000c6200000, 0x00000000c6200000|100%| O|  |TAMS 0x00000000c6200000| PB 0x00000000c6200000| Untracked 
|  98|0x00000000c6200000, 0x00000000c6300000, 0x00000000c6300000|100%| O|  |TAMS 0x00000000c6300000| PB 0x00000000c6300000| Untracked 
|  99|0x00000000c6300000, 0x00000000c6400000, 0x00000000c6400000|100%| O|  |TAMS 0x00000000c6400000| PB 0x00000000c6400000| Untracked 
| 100|0x00000000c6400000, 0x00000000c6500000, 0x00000000c6500000|100%| O|  |TAMS 0x00000000c6500000| PB 0x00000000c6500000| Untracked 
| 101|0x00000000c6500000, 0x00000000c6600000, 0x00000000c6600000|100%| O|  |TAMS 0x00000000c6600000| PB 0x00000000c6600000| Untracked 
| 102|0x00000000c6600000, 0x00000000c6700000, 0x00000000c6700000|100%| O|  |TAMS 0x00000000c6700000| PB 0x00000000c6700000| Untracked 
| 103|0x00000000c6700000, 0x00000000c6800000, 0x00000000c6800000|100%| O|  |TAMS 0x00000000c6800000| PB 0x00000000c6800000| Untracked 
| 104|0x00000000c6800000, 0x00000000c6900000, 0x00000000c6900000|100%| O|  |TAMS 0x00000000c6900000| PB 0x00000000c6900000| Untracked 
| 105|0x00000000c6900000, 0x00000000c6a00000, 0x00000000c6a00000|100%| O|  |TAMS 0x00000000c6a00000| PB 0x00000000c6a00000| Untracked 
| 106|0x00000000c6a00000, 0x00000000c6b00000, 0x00000000c6b00000|100%| O|  |TAMS 0x00000000c6b00000| PB 0x00000000c6b00000| Untracked 
| 107|0x00000000c6b00000, 0x00000000c6c00000, 0x00000000c6c00000|100%| O|  |TAMS 0x00000000c6c00000| PB 0x00000000c6c00000| Untracked 
| 108|0x00000000c6c00000, 0x00000000c6d00000, 0x00000000c6d00000|100%| O|  |TAMS 0x00000000c6d00000| PB 0x00000000c6d00000| Untracked 
| 109|0x00000000c6d00000, 0x00000000c6e00000, 0x00000000c6e00000|100%| O|  |TAMS 0x00000000c6e00000| PB 0x00000000c6e00000| Untracked 
| 110|0x00000000c6e00000, 0x00000000c6f00000, 0x00000000c6f00000|100%| O|  |TAMS 0x00000000c6f00000| PB 0x00000000c6f00000| Untracked 
| 111|0x00000000c6f00000, 0x00000000c7000000, 0x00000000c7000000|100%| O|  |TAMS 0x00000000c7000000| PB 0x00000000c7000000| Untracked 
| 112|0x00000000c7000000, 0x00000000c7100000, 0x00000000c7100000|100%| O|  |TAMS 0x00000000c7100000| PB 0x00000000c7100000| Untracked 
| 113|0x00000000c7100000, 0x00000000c7200000, 0x00000000c7200000|100%| O|  |TAMS 0x00000000c7200000| PB 0x00000000c7200000| Updating 
| 114|0x00000000c7200000, 0x00000000c7300000, 0x00000000c7300000|100%| O|  |TAMS 0x00000000c7300000| PB 0x00000000c7300000| Updating 
| 115|0x00000000c7300000, 0x00000000c7400000, 0x00000000c7400000|100%| O|  |TAMS 0x00000000c7400000| PB 0x00000000c7400000| Updating 
| 116|0x00000000c7400000, 0x00000000c7500000, 0x00000000c7500000|100%| O|  |TAMS 0x00000000c7500000| PB 0x00000000c7500000| Untracked 
| 117|0x00000000c7500000, 0x00000000c7600000, 0x00000000c7600000|100%| O|  |TAMS 0x00000000c7600000| PB 0x00000000c7600000| Untracked 
| 118|0x00000000c7600000, 0x00000000c7700000, 0x00000000c7700000|100%| O|  |TAMS 0x00000000c7700000| PB 0x00000000c7700000| Untracked 
| 119|0x00000000c7700000, 0x00000000c7800000, 0x00000000c7800000|100%| O|  |TAMS 0x00000000c7800000| PB 0x00000000c7800000| Untracked 
| 120|0x00000000c7800000, 0x00000000c7900000, 0x00000000c7900000|100%| O|  |TAMS 0x00000000c7900000| PB 0x00000000c7900000| Untracked 
| 121|0x00000000c7900000, 0x00000000c7a00000, 0x00000000c7a00000|100%| O|  |TAMS 0x00000000c7a00000| PB 0x00000000c7a00000| Untracked 
| 122|0x00000000c7a00000, 0x00000000c7b00000, 0x00000000c7b00000|100%| O|  |TAMS 0x00000000c7b00000| PB 0x00000000c7b00000| Untracked 
| 123|0x00000000c7b00000, 0x00000000c7c00000, 0x00000000c7c00000|100%| O|  |TAMS 0x00000000c7c00000| PB 0x00000000c7c00000| Untracked 
| 124|0x00000000c7c00000, 0x00000000c7d00000, 0x00000000c7d00000|100%| O|  |TAMS 0x00000000c7d00000| PB 0x00000000c7d00000| Untracked 
| 125|0x00000000c7d00000, 0x00000000c7e00000, 0x00000000c7e00000|100%| O|  |TAMS 0x00000000c7e00000| PB 0x00000000c7e00000| Untracked 
| 126|0x00000000c7e00000, 0x00000000c7f00000, 0x00000000c7f00000|100%| O|  |TAMS 0x00000000c7f00000| PB 0x00000000c7f00000| Untracked 
| 127|0x00000000c7f00000, 0x00000000c8000000, 0x00000000c8000000|100%| O|  |TAMS 0x00000000c8000000| PB 0x00000000c8000000| Untracked 
| 128|0x00000000c8000000, 0x00000000c8100000, 0x00000000c8100000|100%| O|  |TAMS 0x00000000c8100000| PB 0x00000000c8100000| Untracked 
| 129|0x00000000c8100000, 0x00000000c8200000, 0x00000000c8200000|100%| O|  |TAMS 0x00000000c8200000| PB 0x00000000c8200000| Untracked 
| 130|0x00000000c8200000, 0x00000000c8300000, 0x00000000c8300000|100%| O|  |TAMS 0x00000000c8300000| PB 0x00000000c8300000| Untracked 
| 131|0x00000000c8300000, 0x00000000c8400000, 0x00000000c8400000|100%| O|  |TAMS 0x00000000c8400000| PB 0x00000000c8400000| Untracked 
| 132|0x00000000c8400000, 0x00000000c8500000, 0x00000000c8500000|100%| O|  |TAMS 0x00000000c8500000| PB 0x00000000c8500000| Untracked 
| 133|0x00000000c8500000, 0x00000000c8600000, 0x00000000c8600000|100%| O|  |TAMS 0x00000000c8600000| PB 0x00000000c8600000| Untracked 
| 134|0x00000000c8600000, 0x00000000c8700000, 0x00000000c8700000|100%| O|  |TAMS 0x00000000c8700000| PB 0x00000000c8700000| Untracked 
| 135|0x00000000c8700000, 0x00000000c8800000, 0x00000000c8800000|100%| O|  |TAMS 0x00000000c8800000| PB 0x00000000c8800000| Untracked 
| 136|0x00000000c8800000, 0x00000000c8900000, 0x00000000c8900000|100%| O|  |TAMS 0x00000000c8900000| PB 0x00000000c8900000| Untracked 
| 137|0x00000000c8900000, 0x00000000c8a00000, 0x00000000c8a00000|100%| O|  |TAMS 0x00000000c8a00000| PB 0x00000000c8a00000| Untracked 
| 138|0x00000000c8a00000, 0x00000000c8b00000, 0x00000000c8b00000|100%| O|  |TAMS 0x00000000c8b00000| PB 0x00000000c8b00000| Untracked 
| 139|0x00000000c8b00000, 0x00000000c8c00000, 0x00000000c8c00000|100%| O|  |TAMS 0x00000000c8c00000| PB 0x00000000c8c00000| Untracked 
| 140|0x00000000c8c00000, 0x00000000c8d00000, 0x00000000c8d00000|100%| O|  |TAMS 0x00000000c8d00000| PB 0x00000000c8d00000| Untracked 
| 141|0x00000000c8d00000, 0x00000000c8e00000, 0x00000000c8e00000|100%| O|  |TAMS 0x00000000c8e00000| PB 0x00000000c8e00000| Untracked 
| 142|0x00000000c8e00000, 0x00000000c8f00000, 0x00000000c8f00000|100%| O|  |TAMS 0x00000000c8f00000| PB 0x00000000c8f00000| Untracked 
| 143|0x00000000c8f00000, 0x00000000c9000000, 0x00000000c9000000|100%| O|  |TAMS 0x00000000c9000000| PB 0x00000000c9000000| Untracked 
| 144|0x00000000c9000000, 0x00000000c9100000, 0x00000000c9100000|100%| O|  |TAMS 0x00000000c9100000| PB 0x00000000c9100000| Untracked 
| 145|0x00000000c9100000, 0x00000000c9200000, 0x00000000c9200000|100%| O|  |TAMS 0x00000000c9200000| PB 0x00000000c9200000| Untracked 
| 146|0x00000000c9200000, 0x00000000c9300000, 0x00000000c9300000|100%| O|  |TAMS 0x00000000c9300000| PB 0x00000000c9300000| Updating 
| 147|0x00000000c9300000, 0x00000000c9400000, 0x00000000c9400000|100%| O|  |TAMS 0x00000000c9400000| PB 0x00000000c9400000| Updating 
| 148|0x00000000c9400000, 0x00000000c9500000, 0x00000000c9500000|100%| O|  |TAMS 0x00000000c9400000| PB 0x00000000c9400000| Untracked 
| 149|0x00000000c9500000, 0x00000000c9600000, 0x00000000c9600000|100%| O|  |TAMS 0x00000000c9500000| PB 0x00000000c9500000| Untracked 
| 150|0x00000000c9600000, 0x00000000c9700000, 0x00000000c9700000|100%| O|  |TAMS 0x00000000c9600000| PB 0x00000000c9600000| Untracked 
| 151|0x00000000c9700000, 0x00000000c9800000, 0x00000000c9800000|100%| O|  |TAMS 0x00000000c9700000| PB 0x00000000c9700000| Untracked 
| 152|0x00000000c9800000, 0x00000000c9900000, 0x00000000c9900000|100%| O|  |TAMS 0x00000000c9800000| PB 0x00000000c9800000| Untracked 
| 153|0x00000000c9900000, 0x00000000c9a00000, 0x00000000c9a00000|100%| O|  |TAMS 0x00000000c9900000| PB 0x00000000c9900000| Untracked 
| 154|0x00000000c9a00000, 0x00000000c9b00000, 0x00000000c9b00000|100%| O|  |TAMS 0x00000000c9a00000| PB 0x00000000c9a00000| Untracked 
| 155|0x00000000c9b00000, 0x00000000c9c00000, 0x00000000c9c00000|100%| O|  |TAMS 0x00000000c9b00000| PB 0x00000000c9b00000| Untracked 
| 156|0x00000000c9c00000, 0x00000000c9d00000, 0x00000000c9d00000|100%| O|  |TAMS 0x00000000c9c00000| PB 0x00000000c9c00000| Untracked 
| 157|0x00000000c9d00000, 0x00000000c9e00000, 0x00000000c9e00000|100%| O|  |TAMS 0x00000000c9d00000| PB 0x00000000c9d00000| Untracked 
| 158|0x00000000c9e00000, 0x00000000c9f00000, 0x00000000c9f00000|100%| O|  |TAMS 0x00000000c9e00000| PB 0x00000000c9e00000| Untracked 
| 159|0x00000000c9f00000, 0x00000000ca000000, 0x00000000ca000000|100%| O|  |TAMS 0x00000000c9f00000| PB 0x00000000c9f00000| Untracked 
| 160|0x00000000ca000000, 0x00000000ca100000, 0x00000000ca100000|100%| O|  |TAMS 0x00000000ca000000| PB 0x00000000ca000000| Untracked 
| 161|0x00000000ca100000, 0x00000000ca200000, 0x00000000ca200000|100%| O|  |TAMS 0x00000000ca100000| PB 0x00000000ca100000| Untracked 
| 162|0x00000000ca200000, 0x00000000ca300000, 0x00000000ca300000|100%| O|  |TAMS 0x00000000ca200000| PB 0x00000000ca200000| Untracked 
| 163|0x00000000ca300000, 0x00000000ca380000, 0x00000000ca400000| 50%| O|  |TAMS 0x00000000ca300000| PB 0x00000000ca300000| Updating 
| 164|0x00000000ca400000, 0x00000000ca500000, 0x00000000ca500000|100%|HS|  |TAMS 0x00000000ca400000| PB 0x00000000ca400000| Complete 
| 165|0x00000000ca500000, 0x00000000ca600000, 0x00000000ca600000|100%|HC|  |TAMS 0x00000000ca500000| PB 0x00000000ca500000| Complete 
| 166|0x00000000ca600000, 0x00000000ca700000, 0x00000000ca700000|100%|HS|  |TAMS 0x00000000ca600000| PB 0x00000000ca600000| Complete 
| 167|0x00000000ca700000, 0x00000000ca800000, 0x00000000ca800000|100%|HC|  |TAMS 0x00000000ca700000| PB 0x00000000ca700000| Complete 
| 168|0x00000000ca800000, 0x00000000ca900000, 0x00000000ca900000|100%|HC|  |TAMS 0x00000000ca800000| PB 0x00000000ca800000| Complete 
| 169|0x00000000ca900000, 0x00000000caa00000, 0x00000000caa00000|100%|HC|  |TAMS 0x00000000ca900000| PB 0x00000000ca900000| Complete 
| 170|0x00000000caa00000, 0x00000000cab00000, 0x00000000cab00000|100%|HC|  |TAMS 0x00000000caa00000| PB 0x00000000caa00000| Complete 
| 171|0x00000000cab00000, 0x00000000cac00000, 0x00000000cac00000|100%|HC|  |TAMS 0x00000000cab00000| PB 0x00000000cab00000| Complete 
| 172|0x00000000cac00000, 0x00000000cad00000, 0x00000000cad00000|100%|HS|  |TAMS 0x00000000cac00000| PB 0x00000000cac00000| Complete 
| 173|0x00000000cad00000, 0x00000000cae00000, 0x00000000cae00000|100%|HC|  |TAMS 0x00000000cad00000| PB 0x00000000cad00000| Complete 
| 174|0x00000000cae00000, 0x00000000caf00000, 0x00000000caf00000|100%|HC|  |TAMS 0x00000000cae00000| PB 0x00000000cae00000| Complete 
| 175|0x00000000caf00000, 0x00000000cb000000, 0x00000000cb000000|100%|HC|  |TAMS 0x00000000caf00000| PB 0x00000000caf00000| Complete 
| 176|0x00000000cb000000, 0x00000000cb100000, 0x00000000cb100000|100%|HC|  |TAMS 0x00000000cb000000| PB 0x00000000cb000000| Complete 
| 177|0x00000000cb100000, 0x00000000cb200000, 0x00000000cb200000|100%|HC|  |TAMS 0x00000000cb100000| PB 0x00000000cb100000| Complete 
| 178|0x00000000cb200000, 0x00000000cb200000, 0x00000000cb300000|  0%| F|  |TAMS 0x00000000cb200000| PB 0x00000000cb200000| Untracked 
| 179|0x00000000cb300000, 0x00000000cb300000, 0x00000000cb400000|  0%| F|  |TAMS 0x00000000cb300000| PB 0x00000000cb300000| Untracked 
| 180|0x00000000cb400000, 0x00000000cb400000, 0x00000000cb500000|  0%| F|  |TAMS 0x00000000cb400000| PB 0x00000000cb400000| Untracked 
| 181|0x00000000cb500000, 0x00000000cb500000, 0x00000000cb600000|  0%| F|  |TAMS 0x00000000cb500000| PB 0x00000000cb500000| Untracked 
| 182|0x00000000cb600000, 0x00000000cb600000, 0x00000000cb700000|  0%| F|  |TAMS 0x00000000cb600000| PB 0x00000000cb600000| Untracked 
| 183|0x00000000cb700000, 0x00000000cb700000, 0x00000000cb800000|  0%| F|  |TAMS 0x00000000cb700000| PB 0x00000000cb700000| Untracked 
| 184|0x00000000cb800000, 0x00000000cb800000, 0x00000000cb900000|  0%| F|  |TAMS 0x00000000cb800000| PB 0x00000000cb800000| Untracked 
| 185|0x00000000cb900000, 0x00000000cb900000, 0x00000000cba00000|  0%| F|  |TAMS 0x00000000cb900000| PB 0x00000000cb900000| Untracked 
| 186|0x00000000cba00000, 0x00000000cba00000, 0x00000000cbb00000|  0%| F|  |TAMS 0x00000000cba00000| PB 0x00000000cba00000| Untracked 
| 187|0x00000000cbb00000, 0x00000000cbb00000, 0x00000000cbc00000|  0%| F|  |TAMS 0x00000000cbb00000| PB 0x00000000cbb00000| Untracked 
| 188|0x00000000cbc00000, 0x00000000cbc00000, 0x00000000cbd00000|  0%| F|  |TAMS 0x00000000cbc00000| PB 0x00000000cbc00000| Untracked 
| 189|0x00000000cbd00000, 0x00000000cbd00000, 0x00000000cbe00000|  0%| F|  |TAMS 0x00000000cbd00000| PB 0x00000000cbd00000| Untracked 
| 190|0x00000000cbe00000, 0x00000000cbe00000, 0x00000000cbf00000|  0%| F|  |TAMS 0x00000000cbe00000| PB 0x00000000cbe00000| Untracked 
| 191|0x00000000cbf00000, 0x00000000cbf00000, 0x00000000cc000000|  0%| F|  |TAMS 0x00000000cbf00000| PB 0x00000000cbf00000| Untracked 
| 192|0x00000000cc000000, 0x00000000cc000000, 0x00000000cc100000|  0%| F|  |TAMS 0x00000000cc000000| PB 0x00000000cc000000| Untracked 
| 193|0x00000000cc100000, 0x00000000cc100000, 0x00000000cc200000|  0%| F|  |TAMS 0x00000000cc100000| PB 0x00000000cc100000| Untracked 
| 194|0x00000000cc200000, 0x00000000cc200000, 0x00000000cc300000|  0%| F|  |TAMS 0x00000000cc200000| PB 0x00000000cc200000| Untracked 
| 195|0x00000000cc300000, 0x00000000cc300000, 0x00000000cc400000|  0%| F|  |TAMS 0x00000000cc300000| PB 0x00000000cc300000| Untracked 
| 196|0x00000000cc400000, 0x00000000cc400000, 0x00000000cc500000|  0%| F|  |TAMS 0x00000000cc400000| PB 0x00000000cc400000| Untracked 
| 197|0x00000000cc500000, 0x00000000cc500000, 0x00000000cc600000|  0%| F|  |TAMS 0x00000000cc500000| PB 0x00000000cc500000| Untracked 
| 198|0x00000000cc600000, 0x00000000cc600000, 0x00000000cc700000|  0%| F|  |TAMS 0x00000000cc600000| PB 0x00000000cc600000| Untracked 
| 199|0x00000000cc700000, 0x00000000cc700000, 0x00000000cc800000|  0%| F|  |TAMS 0x00000000cc700000| PB 0x00000000cc700000| Untracked 
| 200|0x00000000cc800000, 0x00000000cc800000, 0x00000000cc900000|  0%| F|  |TAMS 0x00000000cc800000| PB 0x00000000cc800000| Untracked 
| 201|0x00000000cc900000, 0x00000000cc900000, 0x00000000cca00000|  0%| F|  |TAMS 0x00000000cc900000| PB 0x00000000cc900000| Untracked 
| 202|0x00000000cca00000, 0x00000000cca00000, 0x00000000ccb00000|  0%| F|  |TAMS 0x00000000cca00000| PB 0x00000000cca00000| Untracked 
| 203|0x00000000ccb00000, 0x00000000ccb00000, 0x00000000ccc00000|  0%| F|  |TAMS 0x00000000ccb00000| PB 0x00000000ccb00000| Untracked 
| 204|0x00000000ccc00000, 0x00000000ccc00000, 0x00000000ccd00000|  0%| F|  |TAMS 0x00000000ccc00000| PB 0x00000000ccc00000| Untracked 
| 205|0x00000000ccd00000, 0x00000000ccd00000, 0x00000000cce00000|  0%| F|  |TAMS 0x00000000ccd00000| PB 0x00000000ccd00000| Untracked 
| 206|0x00000000cce00000, 0x00000000cce00000, 0x00000000ccf00000|  0%| F|  |TAMS 0x00000000cce00000| PB 0x00000000cce00000| Untracked 
| 207|0x00000000ccf00000, 0x00000000ccf00000, 0x00000000cd000000|  0%| F|  |TAMS 0x00000000ccf00000| PB 0x00000000ccf00000| Untracked 
| 208|0x00000000cd000000, 0x00000000cd000000, 0x00000000cd100000|  0%| F|  |TAMS 0x00000000cd000000| PB 0x00000000cd000000| Untracked 
| 209|0x00000000cd100000, 0x00000000cd100000, 0x00000000cd200000|  0%| F|  |TAMS 0x00000000cd100000| PB 0x00000000cd100000| Untracked 
| 210|0x00000000cd200000, 0x00000000cd200000, 0x00000000cd300000|  0%| F|  |TAMS 0x00000000cd200000| PB 0x00000000cd200000| Untracked 
| 211|0x00000000cd300000, 0x00000000cd300000, 0x00000000cd400000|  0%| F|  |TAMS 0x00000000cd300000| PB 0x00000000cd300000| Untracked 
| 212|0x00000000cd400000, 0x00000000cd400000, 0x00000000cd500000|  0%| F|  |TAMS 0x00000000cd400000| PB 0x00000000cd400000| Untracked 
| 213|0x00000000cd500000, 0x00000000cd500000, 0x00000000cd600000|  0%| F|  |TAMS 0x00000000cd500000| PB 0x00000000cd500000| Untracked 
| 214|0x00000000cd600000, 0x00000000cd600000, 0x00000000cd700000|  0%| F|  |TAMS 0x00000000cd600000| PB 0x00000000cd600000| Untracked 
| 215|0x00000000cd700000, 0x00000000cd700000, 0x00000000cd800000|  0%| F|  |TAMS 0x00000000cd700000| PB 0x00000000cd700000| Untracked 
| 216|0x00000000cd800000, 0x00000000cd800000, 0x00000000cd900000|  0%| F|  |TAMS 0x00000000cd800000| PB 0x00000000cd800000| Untracked 
| 217|0x00000000cd900000, 0x00000000cd900000, 0x00000000cda00000|  0%| F|  |TAMS 0x00000000cd900000| PB 0x00000000cd900000| Untracked 
| 218|0x00000000cda00000, 0x00000000cda00000, 0x00000000cdb00000|  0%| F|  |TAMS 0x00000000cda00000| PB 0x00000000cda00000| Untracked 
| 219|0x00000000cdb00000, 0x00000000cdb00000, 0x00000000cdc00000|  0%| F|  |TAMS 0x00000000cdb00000| PB 0x00000000cdb00000| Untracked 
| 220|0x00000000cdc00000, 0x00000000cdc00000, 0x00000000cdd00000|  0%| F|  |TAMS 0x00000000cdc00000| PB 0x00000000cdc00000| Untracked 
| 221|0x00000000cdd00000, 0x00000000cdd00000, 0x00000000cde00000|  0%| F|  |TAMS 0x00000000cdd00000| PB 0x00000000cdd00000| Untracked 
| 222|0x00000000cde00000, 0x00000000cde00000, 0x00000000cdf00000|  0%| F|  |TAMS 0x00000000cde00000| PB 0x00000000cde00000| Untracked 
| 223|0x00000000cdf00000, 0x00000000cdf00000, 0x00000000ce000000|  0%| F|  |TAMS 0x00000000cdf00000| PB 0x00000000cdf00000| Untracked 
| 224|0x00000000ce000000, 0x00000000ce000000, 0x00000000ce100000|  0%| F|  |TAMS 0x00000000ce000000| PB 0x00000000ce000000| Untracked 
| 225|0x00000000ce100000, 0x00000000ce100000, 0x00000000ce200000|  0%| F|  |TAMS 0x00000000ce100000| PB 0x00000000ce100000| Untracked 
| 226|0x00000000ce200000, 0x00000000ce200000, 0x00000000ce300000|  0%| F|  |TAMS 0x00000000ce200000| PB 0x00000000ce200000| Untracked 
| 227|0x00000000ce300000, 0x00000000ce300000, 0x00000000ce400000|  0%| F|  |TAMS 0x00000000ce300000| PB 0x00000000ce300000| Untracked 
| 228|0x00000000ce400000, 0x00000000ce400000, 0x00000000ce500000|  0%| F|  |TAMS 0x00000000ce400000| PB 0x00000000ce400000| Untracked 
| 229|0x00000000ce500000, 0x00000000ce500000, 0x00000000ce600000|  0%| F|  |TAMS 0x00000000ce500000| PB 0x00000000ce500000| Untracked 
| 230|0x00000000ce600000, 0x00000000ce600000, 0x00000000ce700000|  0%| F|  |TAMS 0x00000000ce600000| PB 0x00000000ce600000| Untracked 
| 231|0x00000000ce700000, 0x00000000ce700000, 0x00000000ce800000|  0%| F|  |TAMS 0x00000000ce700000| PB 0x00000000ce700000| Untracked 
| 232|0x00000000ce800000, 0x00000000ce800000, 0x00000000ce900000|  0%| F|  |TAMS 0x00000000ce800000| PB 0x00000000ce800000| Untracked 
| 233|0x00000000ce900000, 0x00000000ce900000, 0x00000000cea00000|  0%| F|  |TAMS 0x00000000ce900000| PB 0x00000000ce900000| Untracked 
| 234|0x00000000cea00000, 0x00000000cea80800, 0x00000000ceb00000| 50%| E|  |TAMS 0x00000000cea00000| PB 0x00000000cea00000| Complete 
| 235|0x00000000ceb00000, 0x00000000cec00000, 0x00000000cec00000|100%| E|CS|TAMS 0x00000000ceb00000| PB 0x00000000ceb00000| Complete 
| 236|0x00000000cec00000, 0x00000000ced00000, 0x00000000ced00000|100%| E|CS|TAMS 0x00000000cec00000| PB 0x00000000cec00000| Complete 
| 237|0x00000000ced00000, 0x00000000cee00000, 0x00000000cee00000|100%| E|CS|TAMS 0x00000000ced00000| PB 0x00000000ced00000| Complete 
| 238|0x00000000cee00000, 0x00000000cef00000, 0x00000000cef00000|100%| S|CS|TAMS 0x00000000cee00000| PB 0x00000000cee00000| Complete 
| 239|0x00000000cef00000, 0x00000000cf000000, 0x00000000cf000000|100%| S|CS|TAMS 0x00000000cef00000| PB 0x00000000cef00000| Complete 
| 240|0x00000000cf000000, 0x00000000cf100000, 0x00000000cf100000|100%| S|CS|TAMS 0x00000000cf000000| PB 0x00000000cf000000| Complete 
| 241|0x00000000cf100000, 0x00000000cf200000, 0x00000000cf200000|100%| S|CS|TAMS 0x00000000cf100000| PB 0x00000000cf100000| Complete 
| 242|0x00000000cf200000, 0x00000000cf300000, 0x00000000cf300000|100%| S|CS|TAMS 0x00000000cf200000| PB 0x00000000cf200000| Complete 
| 243|0x00000000cf300000, 0x00000000cf400000, 0x00000000cf400000|100%| S|CS|TAMS 0x00000000cf300000| PB 0x00000000cf300000| Complete 
| 244|0x00000000cf400000, 0x00000000cf500000, 0x00000000cf500000|100%| S|CS|TAMS 0x00000000cf400000| PB 0x00000000cf400000| Complete 
| 245|0x00000000cf500000, 0x00000000cf600000, 0x00000000cf600000|100%| E|CS|TAMS 0x00000000cf500000| PB 0x00000000cf500000| Complete 
| 246|0x00000000cf600000, 0x00000000cf700000, 0x00000000cf700000|100%| E|CS|TAMS 0x00000000cf600000| PB 0x00000000cf600000| Complete 
| 247|0x00000000cf700000, 0x00000000cf800000, 0x00000000cf800000|100%| E|CS|TAMS 0x00000000cf700000| PB 0x00000000cf700000| Complete 
| 248|0x00000000cf800000, 0x00000000cf900000, 0x00000000cf900000|100%| E|CS|TAMS 0x00000000cf800000| PB 0x00000000cf800000| Complete 
| 249|0x00000000cf900000, 0x00000000cfa00000, 0x00000000cfa00000|100%| E|CS|TAMS 0x00000000cf900000| PB 0x00000000cf900000| Complete 
| 250|0x00000000cfa00000, 0x00000000cfb00000, 0x00000000cfb00000|100%| E|CS|TAMS 0x00000000cfa00000| PB 0x00000000cfa00000| Complete 
| 251|0x00000000cfb00000, 0x00000000cfc00000, 0x00000000cfc00000|100%| E|CS|TAMS 0x00000000cfb00000| PB 0x00000000cfb00000| Complete 
| 252|0x00000000cfc00000, 0x00000000cfd00000, 0x00000000cfd00000|100%| E|CS|TAMS 0x00000000cfc00000| PB 0x00000000cfc00000| Complete 
| 253|0x00000000cfd00000, 0x00000000cfe00000, 0x00000000cfe00000|100%| E|CS|TAMS 0x00000000cfd00000| PB 0x00000000cfd00000| Complete 
| 254|0x00000000cfe00000, 0x00000000cff00000, 0x00000000cff00000|100%| E|CS|TAMS 0x00000000cfe00000| PB 0x00000000cfe00000| Complete 
| 255|0x00000000cff00000, 0x00000000d0000000, 0x00000000d0000000|100%| E|CS|TAMS 0x00000000cff00000| PB 0x00000000cff00000| Complete 
| 256|0x00000000d0000000, 0x00000000d0100000, 0x00000000d0100000|100%| E|CS|TAMS 0x00000000d0000000| PB 0x00000000d0000000| Complete 
| 257|0x00000000d0100000, 0x00000000d0200000, 0x00000000d0200000|100%| E|CS|TAMS 0x00000000d0100000| PB 0x00000000d0100000| Complete 
| 258|0x00000000d0200000, 0x00000000d0300000, 0x00000000d0300000|100%| E|CS|TAMS 0x00000000d0200000| PB 0x00000000d0200000| Complete 
| 259|0x00000000d0300000, 0x00000000d0400000, 0x00000000d0400000|100%| E|CS|TAMS 0x00000000d0300000| PB 0x00000000d0300000| Complete 
| 260|0x00000000d0400000, 0x00000000d0500000, 0x00000000d0500000|100%| E|CS|TAMS 0x00000000d0400000| PB 0x00000000d0400000| Complete 
| 261|0x00000000d0500000, 0x00000000d0600000, 0x00000000d0600000|100%| E|CS|TAMS 0x00000000d0500000| PB 0x00000000d0500000| Complete 
| 262|0x00000000d0600000, 0x00000000d0700000, 0x00000000d0700000|100%| E|CS|TAMS 0x00000000d0600000| PB 0x00000000d0600000| Complete 
| 263|0x00000000d0700000, 0x00000000d0800000, 0x00000000d0800000|100%| E|CS|TAMS 0x00000000d0700000| PB 0x00000000d0700000| Complete 
| 264|0x00000000d0800000, 0x00000000d0900000, 0x00000000d0900000|100%| E|CS|TAMS 0x00000000d0800000| PB 0x00000000d0800000| Complete 
| 265|0x00000000d0900000, 0x00000000d0a00000, 0x00000000d0a00000|100%| E|CS|TAMS 0x00000000d0900000| PB 0x00000000d0900000| Complete 
| 266|0x00000000d0a00000, 0x00000000d0b00000, 0x00000000d0b00000|100%| E|CS|TAMS 0x00000000d0a00000| PB 0x00000000d0a00000| Complete 
| 267|0x00000000d0b00000, 0x00000000d0c00000, 0x00000000d0c00000|100%| E|CS|TAMS 0x00000000d0b00000| PB 0x00000000d0b00000| Complete 
|1022|0x00000000ffe00000, 0x00000000fff00000, 0x00000000fff00000|100%| O|  |TAMS 0x00000000fff00000| PB 0x00000000fff00000| Untracked 
|1023|0x00000000fff00000, 0x0000000100000000, 0x0000000100000000|100%| O|  |TAMS 0x0000000100000000| PB 0x0000000100000000| Untracked 

Card table byte_map: [0x0000025cfa0f0000,0x0000025cfa2f0000] _byte_map_base: 0x0000025cf9af0000

Marking Bits: (CMBitMap*) 0x0000025ce0aa2930
 Bits: [0x0000025cfa2f0000, 0x0000025cfb2f0000)

Polling page: 0x0000025ce2090000

Metaspace:

Usage:
  Non-class:      3.28 MB used.
      Class:    331.70 KB used.
       Both:      3.60 MB used.

Virtual space:
  Non-class space:       64.00 MB reserved,       3.38 MB (  5%) committed,  1 nodes.
      Class space:        1.00 GB reserved,     512.00 KB ( <1%) committed,  1 nodes.
             Both:        1.06 GB reserved,       3.88 MB ( <1%) committed. 

Chunk freelists:
   Non-Class:  11.38 MB
       Class:  15.49 MB
        Both:  26.87 MB

MaxMetaspaceSize: unlimited
CompressedClassSpaceSize: 1.00 GB
Initial GC threshold: 21.00 MB
Current GC threshold: 21.00 MB
CDS: on
 - commit_granule_bytes: 65536.
 - commit_granule_words: 8192.
 - virtual_space_node_default_size: 8388608.
 - enlarge_chunks_in_place: 1.
 - use_allocation_guard: 0.


Internal statistics:

num_allocs_failed_limit: 0.
num_arena_births: 102.
num_arena_deaths: 0.
num_vsnodes_births: 2.
num_vsnodes_deaths: 0.
num_space_committed: 62.
num_space_uncommitted: 0.
num_chunks_returned_to_freelist: 0.
num_chunks_taken_from_freelist: 166.
num_chunk_merges: 0.
num_chunk_splits: 97.
num_chunks_enlarged: 47.
num_inconsistent_stats: 0.

CodeHeap 'non-profiled nmethods': size=120000Kb used=798Kb max_used=799Kb free=119201Kb
 bounds [0x0000025cf2050000, 0x0000025cf22c0000, 0x0000025cf9580000]
CodeHeap 'profiled nmethods': size=120000Kb used=1986Kb max_used=2042Kb free=118014Kb
 bounds [0x0000025cea580000, 0x0000025cea7f0000, 0x0000025cf1ab0000]
CodeHeap 'non-nmethods': size=5760Kb used=1488Kb max_used=1590Kb free=4271Kb
 bounds [0x0000025cf1ab0000, 0x0000025cf1d20000, 0x0000025cf2050000]
 total_blobs=1713 nmethods=1252 adapters=365
 compilation: enabled
              stopped_count=0, restarted_count=0
 full_count=0

Compilation events (20 events):
Event: 4.888 Thread 0x0000025cd164d350 1449       3       java.lang.StringUTF16::newBytesFor (61 bytes)
Event: 4.889 Thread 0x0000025cd164d350 nmethod 1449 0x0000025cea5ef010 code [0x0000025cea5ef280, 0x0000025cea5efac0]
Event: 4.889 Thread 0x0000025cd164d350 1450       3       java.lang.StringLatin1::inflate (10 bytes)
Event: 4.889 Thread 0x0000025cd164d350 nmethod 1450 0x0000025cea61d210 code [0x0000025cea61d3c0, 0x0000025cea61d4d8]
Event: 4.889 Thread 0x0000025cd164d350 1451       3       java.lang.StringUTF16::inflate (42 bytes)
Event: 4.889 Thread 0x0000025cd164d350 nmethod 1451 0x0000025cea725410 code [0x0000025cea725600, 0x0000025cea725a48]
Event: 4.889 Thread 0x0000025cd164d350 1452       3       java.lang.StringUTF16::putCharsSB (21 bytes)
Event: 4.889 Thread 0x0000025cd164d350 nmethod 1452 0x0000025cea6a1f10 code [0x0000025cea6a2100, 0x0000025cea6a25d0]
Event: 4.889 Thread 0x0000025cd164d350 1455       2       java.lang.StringUTF16::checkBoundsBeginEnd (10 bytes)
Event: 4.890 Thread 0x0000025cd164d350 nmethod 1455 0x0000025cea724f90 code [0x0000025cea725140, 0x0000025cea725298]
Event: 4.890 Thread 0x0000025cd164d350 1456   !   2       jdk.internal.reflect.GeneratedSerializationConstructorAccessor5::newInstance (49 bytes)
Event: 4.890 Thread 0x0000025cd164d350 nmethod 1456 0x0000025cea6c7490 code [0x0000025cea6c7680, 0x0000025cea6c7920]
Event: 4.890 Thread 0x0000025cd164d350 1460       2       java.io.SerialCallbackContext::check (59 bytes)
Event: 4.890 Thread 0x0000025cd164d350 nmethod 1460 0x0000025cea754c10 code [0x0000025cea754e40, 0x0000025cea755278]
Event: 4.890 Thread 0x0000025cd164d350 1423       2       java.lang.StringUTF16::putChar (54 bytes)
Event: 4.890 Thread 0x0000025cd164d350 nmethod 1423 0x0000025cea6a1b10 code [0x0000025cea6a1ca0, 0x0000025cea6a1de0]
Event: 4.891 Thread 0x0000025cd164d350 1444       3       java.lang.StringUTF16::length (5 bytes)
Event: 4.891 Thread 0x0000025cd164d350 nmethod 1444 0x0000025cea754610 code [0x0000025cea7547a0, 0x0000025cea754898]
Event: 4.891 Thread 0x0000025cd164d350 1461   !   2       jdk.internal.reflect.GeneratedSerializationConstructorAccessor4::newInstance (49 bytes)
Event: 4.892 Thread 0x0000025cd164d350 nmethod 1461 0x0000025cea76d290 code [0x0000025cea76d480, 0x0000025cea76d728]

GC Heap History (20 events):
Event: 2.827 GC heap before
{Heap before GC invocations=10 (full 3):
 garbage-first heap   total 30720K, used 23086K [0x00000000c0000000, 0x0000000100000000)
  region size 1024K, 4 young (4096K), 1 survivors (1024K)
 Metaspace       used 3650K, committed 3968K, reserved 1114112K
  class space    used 329K, committed 512K, reserved 1048576K
}
Event: 2.832 GC heap after
{Heap after GC invocations=11 (full 3):
 garbage-first heap   total 144384K, used 21636K [0x00000000c0000000, 0x0000000100000000)
  region size 1024K, 1 young (1024K), 1 survivors (1024K)
 Metaspace       used 3650K, committed 3968K, reserved 1114112K
  class space    used 329K, committed 512K, reserved 1048576K
}
Event: 2.951 GC heap before
{Heap before GC invocations=12 (full 3):
 garbage-first heap   total 96256K, used 29828K [0x00000000c0000000, 0x0000000100000000)
  region size 1024K, 10 young (10240K), 1 survivors (1024K)
 Metaspace       used 3650K, committed 3968K, reserved 1114112K
  class space    used 329K, committed 512K, reserved 1048576K
}
Event: 3.005 GC heap after
{Heap after GC invocations=13 (full 4):
 garbage-first heap   total 86016K, used 24107K [0x00000000c0000000, 0x0000000100000000)
  region size 1024K, 0 young (0K), 0 survivors (0K)
 Metaspace       used 3650K, committed 3968K, reserved 1114112K
  class space    used 329K, committed 512K, reserved 1048576K
}
Event: 3.245 GC heap before
{Heap before GC invocations=13 (full 4):
 garbage-first heap   total 86016K, used 52779K [0x00000000c0000000, 0x0000000100000000)
  region size 1024K, 26 young (26624K), 0 survivors (0K)
 Metaspace       used 3657K, committed 3968K, reserved 1114112K
  class space    used 329K, committed 512K, reserved 1048576K
}
Event: 3.279 GC heap after
{Heap after GC invocations=14 (full 4):
 garbage-first heap   total 86016K, used 42539K [0x00000000c0000000, 0x0000000100000000)
  region size 1024K, 4 young (4096K), 4 survivors (4096K)
 Metaspace       used 3657K, committed 3968K, reserved 1114112K
  class space    used 329K, committed 512K, reserved 1048576K
}
Event: 3.400 GC heap before
{Heap before GC invocations=14 (full 4):
 garbage-first heap   total 86016K, used 56875K [0x00000000c0000000, 0x0000000100000000)
  region size 1024K, 19 young (19456K), 4 survivors (4096K)
 Metaspace       used 3657K, committed 3968K, reserved 1114112K
  class space    used 329K, committed 512K, reserved 1048576K
}
Event: 3.430 GC heap after
{Heap after GC invocations=15 (full 4):
 garbage-first heap   total 86016K, used 52267K [0x00000000c0000000, 0x0000000100000000)
  region size 1024K, 3 young (3072K), 3 survivors (3072K)
 Metaspace       used 3657K, committed 3968K, reserved 1114112K
  class space    used 329K, committed 512K, reserved 1048576K
}
Event: 3.454 GC heap before
{Heap before GC invocations=15 (full 4):
 garbage-first heap   total 86016K, used 59435K [0x00000000c0000000, 0x0000000100000000)
  region size 1024K, 7 young (7168K), 3 survivors (3072K)
 Metaspace       used 3657K, committed 3968K, reserved 1114112K
  class space    used 329K, committed 512K, reserved 1048576K
}
Event: 3.550 GC heap after
{Heap after GC invocations=16 (full 5):
 garbage-first heap   total 92160K, used 54038K [0x00000000c0000000, 0x0000000100000000)
  region size 1024K, 0 young (0K), 0 survivors (0K)
 Metaspace       used 3657K, committed 3968K, reserved 1114112K
  class space    used 329K, committed 512K, reserved 1048576K
}
Event: 3.624 GC heap before
{Heap before GC invocations=16 (full 5):
 garbage-first heap   total 92160K, used 68374K [0x00000000c0000000, 0x0000000100000000)
  region size 1024K, 14 young (14336K), 0 survivors (0K)
 Metaspace       used 3657K, committed 3968K, reserved 1114112K
  class space    used 329K, committed 512K, reserved 1048576K
}
Event: 3.639 GC heap after
{Heap after GC invocations=17 (full 5):
 garbage-first heap   total 92160K, used 63254K [0x00000000c0000000, 0x0000000100000000)
  region size 1024K, 2 young (2048K), 2 survivors (2048K)
 Metaspace       used 3657K, committed 3968K, reserved 1114112K
  class space    used 329K, committed 512K, reserved 1048576K
}
Event: 3.693 GC heap before
{Heap before GC invocations=17 (full 5):
 garbage-first heap   total 92160K, used 74518K [0x00000000c0000000, 0x0000000100000000)
  region size 1024K, 13 young (13312K), 2 survivors (2048K)
 Metaspace       used 3657K, committed 3968K, reserved 1114112K
  class space    used 329K, committed 512K, reserved 1048576K
}
Event: 3.710 GC heap after
{Heap after GC invocations=18 (full 5):
 garbage-first heap   total 276480K, used 70934K [0x00000000c0000000, 0x0000000100000000)
  region size 1024K, 2 young (2048K), 2 survivors (2048K)
 Metaspace       used 3657K, committed 3968K, reserved 1114112K
  class space    used 329K, committed 512K, reserved 1048576K
}
Event: 4.298 GC heap before
{Heap before GC invocations=19 (full 5):
 garbage-first heap   total 276480K, used 158998K [0x00000000c0000000, 0x0000000100000000)
  region size 1024K, 81 young (82944K), 2 survivors (2048K)
 Metaspace       used 3657K, committed 3968K, reserved 1114112K
  class space    used 329K, committed 512K, reserved 1048576K
}
Event: 4.344 GC heap after
{Heap after GC invocations=20 (full 5):
 garbage-first heap   total 276480K, used 128790K [0x00000000c0000000, 0x0000000100000000)
  region size 1024K, 11 young (11264K), 11 survivors (11264K)
 Metaspace       used 3657K, committed 3968K, reserved 1114112K
  class space    used 329K, committed 512K, reserved 1048576K
}
Event: 4.509 GC heap before
{Heap before GC invocations=20 (full 5):
 garbage-first heap   total 276480K, used 179990K [0x00000000c0000000, 0x0000000100000000)
  region size 1024K, 61 young (62464K), 11 survivors (11264K)
 Metaspace       used 3657K, committed 3968K, reserved 1114112K
  class space    used 329K, committed 512K, reserved 1048576K
}
Event: 4.555 GC heap after
{Heap after GC invocations=21 (full 5):
 garbage-first heap   total 276480K, used 160327K [0x00000000c0000000, 0x0000000100000000)
  region size 1024K, 8 young (8192K), 8 survivors (8192K)
 Metaspace       used 3657K, committed 3968K, reserved 1114112K
  class space    used 329K, committed 512K, reserved 1048576K
}
Event: 4.656 GC heap before
{Heap before GC invocations=21 (full 5):
 garbage-first heap   total 276480K, used 182855K [0x00000000c0000000, 0x0000000100000000)
  region size 1024K, 31 young (31744K), 8 survivors (8192K)
 Metaspace       used 3657K, committed 3968K, reserved 1114112K
  class space    used 329K, committed 512K, reserved 1048576K
}
Event: 4.674 GC heap after
{Heap after GC invocations=22 (full 5):
 garbage-first heap   total 276480K, used 176199K [0x00000000c0000000, 0x0000000100000000)
  region size 1024K, 7 young (7168K), 7 survivors (7168K)
 Metaspace       used 3657K, committed 3968K, reserved 1114112K
  class space    used 329K, committed 512K, reserved 1048576K
}

Dll operation events (7 events):
Event: 0.018 Loaded shared library C:\Program Files\Java\jdk-21\bin\java.dll
Event: 0.247 Loaded shared library C:\Program Files\Java\jdk-21\bin\jsvml.dll
Event: 0.306 Loaded shared library C:\Program Files\Java\jdk-21\bin\net.dll
Event: 0.320 Loaded shared library C:\Program Files\Java\jdk-21\bin\nio.dll
Event: 0.326 Loaded shared library C:\Program Files\Java\jdk-21\bin\zip.dll
Event: 0.411 Loaded shared library C:\Python312\Lib\site-packages\_jpype.cp312-win_amd64.pyd
Event: 1.175 Loaded shared library C:\Program Files\Java\jdk-21\bin\jimage.dll

Deoptimization events (20 events):
Event: 4.872 Thread 0x0000025ce0aa5710 Uncommon trap: trap_request=0xffffff45 fr.pc=0x0000025cf20b4394 relative=0x0000000000000554
Event: 4.872 Thread 0x0000025ce0aa5710 Uncommon trap: reason=unstable_if action=reinterpret pc=0x0000025cf20b4394 method=java.lang.AbstractStringBuilder.isLatin1()Z @ 10 c2
Event: 4.872 Thread 0x0000025ce0aa5710 DEOPT PACKING pc=0x0000025cf20b4394 sp=0x000000820f1ec8b0
Event: 4.872 Thread 0x0000025ce0aa5710 DEOPT UNPACKING pc=0x0000025cf1b07da2 sp=0x000000820f1ec748 mode 2
Event: 4.872 Thread 0x0000025ce0aa5710 Uncommon trap: trap_request=0xffffffc6 fr.pc=0x0000025cf20e2a70 relative=0x0000000000000170
Event: 4.872 Thread 0x0000025ce0aa5710 Uncommon trap: reason=bimorphic_or_optimized_type_check action=maybe_recompile pc=0x0000025cf20e2a70 method=java.lang.reflect.Constructor.newInstanceWithCaller([Ljava/lang/Object;ZLjava/lang/Class;)Ljava/lang/Object; @ 41 c2
Event: 4.872 Thread 0x0000025ce0aa5710 DEOPT PACKING pc=0x0000025cf20e2a70 sp=0x000000820f1ec960
Event: 4.872 Thread 0x0000025ce0aa5710 DEOPT UNPACKING pc=0x0000025cf1b07da2 sp=0x000000820f1ec7e0 mode 2
Event: 4.872 Thread 0x0000025ce0aa5710 Uncommon trap: trap_request=0xffffff45 fr.pc=0x0000025cf20ecba4 relative=0x0000000000000204
Event: 4.872 Thread 0x0000025ce0aa5710 Uncommon trap: reason=unstable_if action=reinterpret pc=0x0000025cf20ecba4 method=java.lang.StringLatin1.canEncode(I)Z @ 4 c2
Event: 4.872 Thread 0x0000025ce0aa5710 DEOPT PACKING pc=0x0000025cf20ecba4 sp=0x000000820f1ed080
Event: 4.872 Thread 0x0000025ce0aa5710 DEOPT UNPACKING pc=0x0000025cf1b07da2 sp=0x000000820f1ecfb8 mode 2
Event: 4.872 Thread 0x0000025ce0aa5710 Uncommon trap: trap_request=0xffffff45 fr.pc=0x0000025cf208ba74 relative=0x0000000000000514
Event: 4.872 Thread 0x0000025ce0aa5710 Uncommon trap: reason=unstable_if action=reinterpret pc=0x0000025cf208ba74 method=java.lang.AbstractStringBuilder.isLatin1()Z @ 10 c2
Event: 4.872 Thread 0x0000025ce0aa5710 DEOPT PACKING pc=0x0000025cf208ba74 sp=0x000000820f1ed190
Event: 4.872 Thread 0x0000025ce0aa5710 DEOPT UNPACKING pc=0x0000025cf1b07da2 sp=0x000000820f1ed0e0 mode 2
Event: 4.872 Thread 0x0000025ce0aa5710 Uncommon trap: trap_request=0xffffff45 fr.pc=0x0000025cf2065768 relative=0x0000000000000048
Event: 4.872 Thread 0x0000025ce0aa5710 Uncommon trap: reason=unstable_if action=reinterpret pc=0x0000025cf2065768 method=java.lang.StringLatin1.canEncode(I)Z @ 4 c2
Event: 4.872 Thread 0x0000025ce0aa5710 DEOPT PACKING pc=0x0000025cf2065768 sp=0x000000820f1ec560
Event: 4.872 Thread 0x0000025ce0aa5710 DEOPT UNPACKING pc=0x0000025cf1b07da2 sp=0x000000820f1ec4f0 mode 2

Classes loaded (20 events):
Event: 2.411 Loading class java/util/function/UnaryOperator
Event: 2.411 Loading class java/util/function/UnaryOperator done
Event: 2.411 Loading class java/io/ClassCache$CacheRef
Event: 2.411 Loading class java/io/ClassCache$CacheRef done
Event: 2.412 Loading class java/io/ObjectStreamClass$FieldReflectorKey
Event: 2.412 Loading class java/io/ObjectStreamClass$FieldReflectorKey done
Event: 2.412 Loading class java/io/ObjectStreamClass$FieldReflector
Event: 2.412 Loading class java/io/ObjectStreamClass$FieldReflector done
Event: 2.412 Loading class java/io/ObjectStreamClass$ClassDataSlot
Event: 2.412 Loading class java/io/ObjectStreamClass$ClassDataSlot done
Event: 2.412 Loading class java/io/ObjectInputStream$FieldValues
Event: 2.412 Loading class java/io/ObjectInputStream$GetField
Event: 2.412 Loading class java/io/ObjectInputStream$GetField done
Event: 2.412 Loading class java/io/ObjectInputStream$FieldValues done
Event: 2.412 Loading class java/io/SerialCallbackContext
Event: 2.412 Loading class java/io/SerialCallbackContext done
Event: 2.437 Loading class java/lang/invoke/MethodHandle$1
Event: 2.437 Loading class java/lang/invoke/MethodHandle$1 done
Event: 4.857 Loading class java/io/ObjectStreamClass$ExceptionInfo
Event: 4.857 Loading class java/io/ObjectStreamClass$ExceptionInfo done

Classes unloaded (0 events):
No events

Classes redefined (0 events):
No events

Internal exceptions (13 events):
Event: 0.345 Thread 0x0000025ce0aa5710 Exception <a 'java/lang/NoClassDefFoundError'{0x00000000cf989fc0}: org/jpype/classloader/DynamicClassLoader> (0x00000000cf989fc0) 
thrown [s\open\src\hotspot\share\classfile\systemDictionary.cpp, line 301]
Event: 0.420 Thread 0x0000025ce0aa5710 Exception <a 'java/lang/NoSuchMethodError'{0x00000000cf8316b8}: 'int java.lang.invoke.DirectMethodHandle$Holder.invokeStaticInit(java.lang.Object, java.lang.Object)'> (0x00000000cf8316b8) 
thrown [s\open\src\hotspot\share\interpreter\linkResolver.cpp, line 773]
Event: 0.422 Thread 0x0000025ce0aa5710 Exception <a 'java/lang/NoSuchMethodError'{0x00000000cf8379f0}: 'java.lang.Object java.lang.invoke.DirectMethodHandle$Holder.invokeStaticInit(java.lang.Object, int)'> (0x00000000cf8379f0) 
thrown [s\open\src\hotspot\share\interpreter\linkResolver.cpp, line 773]
Event: 0.430 Thread 0x0000025ce0aa5710 Exception <a 'java/lang/NoSuchMethodError'{0x00000000cf842410}: 'int java.lang.invoke.DirectMethodHandle$Holder.invokeSpecial(java.lang.Object, java.lang.Object, java.lang.Object)'> (0x00000000cf842410) 
thrown [s\open\src\hotspot\share\interpreter\linkResolver.cpp, line 773]
Event: 0.439 Thread 0x0000025ce0aa5710 Exception <a 'java/lang/NoSuchMethodError'{0x00000000cf8526c0}: 'java.lang.Object java.lang.invoke.DirectMethodHandle$Holder.invokeStatic(java.lang.Object, java.lang.Object, int)'> (0x00000000cf8526c0) 
thrown [s\open\src\hotspot\share\interpreter\linkResolver.cpp, line 773]
Event: 0.445 Thread 0x0000025ce0aa5710 Exception <a 'java/lang/NoSuchMethodError'{0x00000000cf85da08}: 'void java.lang.invoke.DelegatingMethodHandle$Holder.delegate(java.lang.Object, java.lang.Object, int, java.lang.Object)'> (0x00000000cf85da08) 
thrown [s\open\src\hotspot\share\interpreter\linkResolver.cpp, line 773]
Event: 0.620 Thread 0x0000025ce0aa5710 Exception <a 'java/lang/NoSuchMethodError'{0x00000000cf7cc978}: 'java.lang.Object java.lang.invoke.DirectMethodHandle$Holder.invokeInterface(java.lang.Object, java.lang.Object)'> (0x00000000cf7cc978) 
thrown [s\open\src\hotspot\share\interpreter\linkResolver.cpp, line 773]
Event: 0.621 Thread 0x0000025ce0aa5710 Exception <a 'java/lang/IncompatibleClassChangeError'{0x00000000cf7cfc70}: Found class java.lang.Object, but interface was expected> (0x00000000cf7cfc70) 
thrown [s\open\src\hotspot\share\interpreter\linkResolver.cpp, line 840]
Event: 1.051 Thread 0x0000025ce0aa5710 Exception <a 'java/lang/NoSuchMethodError'{0x00000000c1363a48}: method resolution failed> (0x00000000c1363a48) 
thrown [s\open\src\hotspot\share\prims\methodHandles.cpp, line 1144]
Event: 1.054 Thread 0x0000025ce0aa5710 Exception <a 'java/lang/NoSuchMethodError'{0x00000000c136d190}: 'java.lang.Object java.lang.invoke.Invokers$Holder.invokeExact_MT(java.lang.Object, java.lang.Object, java.lang.Object, java.lang.Object, java.lang.Object)'> (0x00000000c136d190) 
thrown [s\open\src\hotspot\share\interpreter\linkResolver.cpp, line 773]
Event: 2.406 Thread 0x0000025ce0aa5710 Exception <a 'java/lang/NoSuchMethodError'{0x00000000c1a57b78}: 'long java.lang.invoke.DirectMethodHandle$Holder.invokeSpecial(java.lang.Object, java.lang.Object)'> (0x00000000c1a57b78) 
thrown [s\open\src\hotspot\share\interpreter\linkResolver.cpp, line 773]
Event: 2.406 Thread 0x0000025ce0aa5710 Exception <a 'java/lang/NoSuchMethodError'{0x00000000c1a5af90}: 'long java.lang.invoke.Invokers$Holder.invokeExact_MT(java.lang.Object, java.lang.Object)'> (0x00000000c1a5af90) 
thrown [s\open\src\hotspot\share\interpreter\linkResolver.cpp, line 773]
Event: 2.413 Thread 0x0000025ce0aa5710 Exception <a 'java/lang/NoSuchMethodError'{0x00000000c1a826f0}: 'void java.lang.invoke.DirectMethodHandle$Holder.invokeSpecial(java.lang.Object, java.lang.Object, java.lang.Object)'> (0x00000000c1a826f0) 
thrown [s\open\src\hotspot\share\interpreter\linkResolver.cpp, line 773]

ZGC Phase Switch (0 events):
No events

VM Operations (20 events):
Event: 3.279 Executing VM operation: G1CollectForAllocation (G1 Evacuation Pause) done
Event: 3.400 Executing VM operation: G1TryInitiateConcMark (G1 Humongous Allocation)
Event: 3.433 Executing VM operation: G1TryInitiateConcMark (G1 Humongous Allocation) done
Event: 3.454 Executing VM operation: G1CollectFull (System.gc())
Event: 3.560 Executing VM operation: G1CollectFull (System.gc()) done
Event: 3.624 Executing VM operation: G1CollectForAllocation (G1 Evacuation Pause)
Event: 3.639 Executing VM operation: G1CollectForAllocation (G1 Evacuation Pause) done
Event: 3.693 Executing VM operation: G1CollectForAllocation (G1 Evacuation Pause)
Event: 3.710 Executing VM operation: G1CollectForAllocation (G1 Evacuation Pause) done
Event: 3.798 Executing VM operation: G1PauseRemark
Event: 3.799 Executing VM operation: G1PauseRemark done
Event: 3.845 Executing VM operation: G1PauseCleanup
Event: 3.878 Executing VM operation: G1PauseCleanup done
Event: 4.298 Executing VM operation: G1CollectForAllocation (G1 Evacuation Pause)
Event: 4.344 Executing VM operation: G1CollectForAllocation (G1 Evacuation Pause) done
Event: 4.509 Executing VM operation: G1CollectForAllocation (G1 Evacuation Pause)
Event: 4.555 Executing VM operation: G1CollectForAllocation (G1 Evacuation Pause) done
Event: 4.656 Executing VM operation: G1TryInitiateConcMark (G1 Humongous Allocation)
Event: 4.674 Executing VM operation: G1TryInitiateConcMark (G1 Humongous Allocation) done
Event: 4.892 Executing VM operation: G1PauseRemark

Events (20 events):
Event: 3.799 Thread 0x0000025ce0ab2a20 flushing nmethod 0x0000025cea723f10
Event: 3.799 Thread 0x0000025ce0ab2a20 flushing nmethod 0x0000025cea722a10
Event: 3.799 Thread 0x0000025ce0ab2a20 flushing nmethod 0x0000025cea71bc10
Event: 3.799 Thread 0x0000025ce0ab2a20 flushing nmethod 0x0000025cea71eb10
Event: 3.799 Thread 0x0000025ce0ab2a20 flushing nmethod 0x0000025cea6b7b90
Event: 3.799 Thread 0x0000025ce0ab2a20 flushing nmethod 0x0000025cea6b3e10
Event: 3.799 Thread 0x0000025ce0ab2a20 flushing nmethod 0x0000025cea6a1b10
Event: 3.799 Thread 0x0000025ce0ab2a20 flushing nmethod 0x0000025cea699490
Event: 3.799 Thread 0x0000025ce0ab2a20 flushing nmethod 0x0000025cea61d210
Event: 3.799 Thread 0x0000025ce0ab2a20 flushing nmethod 0x0000025cea61b110
Event: 3.799 Thread 0x0000025ce0ab2a20 flushing nmethod 0x0000025cea5b2a10
Event: 3.799 Thread 0x0000025ce0ab2a20 flushing nmethod 0x0000025cea597810
Event: 4.893 Thread 0x0000025ce0ab2a20 flushing nmethod 0x0000025cea77d390
Event: 4.893 Thread 0x0000025ce0ab2a20 flushing nmethod 0x0000025cea779090
Event: 4.893 Thread 0x0000025ce0ab2a20 flushing nmethod 0x0000025cea77ce10
Event: 4.893 Thread 0x0000025ce0ab2a20 flushing nmethod 0x0000025cea778010
Event: 4.893 Thread 0x0000025ce0ab2a20 flushing nmethod 0x0000025cea77b190
Event: 4.893 Thread 0x0000025ce0ab2a20 flushing nmethod 0x0000025cea777b90
Event: 4.893 Thread 0x0000025ce0ab2a20 flushing nmethod 0x0000025cea77ac90
Event: 4.893 Thread 0x0000025ce0ab2a20 flushing nmethod 0x0000025cf20b7590


Dynamic libraries:
0x00007ff755770000 - 0x00007ff75578a000 	C:\Python312\python.exe
0x00007ffdffe70000 - 0x00007ffe00087000 	C:\WINDOWS\SYSTEM32\ntdll.dll
0x00007ffdfddc0000 - 0x00007ffdfde84000 	C:\WINDOWS\System32\KERNEL32.DLL
0x00007ffdfd1a0000 - 0x00007ffdfd54d000 	C:\WINDOWS\System32\KERNELBASE.dll
0x00007ffdfd7e0000 - 0x00007ffdfd8f1000 	C:\WINDOWS\System32\ucrtbase.dll
0x00007ffdb7b00000 - 0x00007ffdb81a9000 	C:\Python312\python312.dll
0x00007ffde3880000 - 0x00007ffde389d000 	C:\Python312\VCRUNTIME140.dll
0x00007ffdffa40000 - 0x00007ffdffab1000 	C:\WINDOWS\System32\WS2_32.dll
0x00007ffdfe940000 - 0x00007ffdfea54000 	C:\WINDOWS\System32\RPCRT4.dll
0x00007ffdfd550000 - 0x00007ffdfd578000 	C:\WINDOWS\System32\bcrypt.dll
0x00007ffdff120000 - 0x00007ffdff1d2000 	C:\WINDOWS\System32\ADVAPI32.dll
0x00007ffdeec70000 - 0x00007ffdeec7a000 	C:\WINDOWS\SYSTEM32\VERSION.dll
0x00007ffdff950000 - 0x00007ffdff9f7000 	C:\WINDOWS\System32\msvcrt.dll
0x00007ffdff8a0000 - 0x00007ffdff949000 	C:\WINDOWS\System32\sechost.dll
0x00007ffdfd580000 - 0x00007ffdfd5fb000 	C:\WINDOWS\System32\bcryptprimitives.dll
0x0000025cbc4a0000 - 0x0000025cbc4af000 	C:\Python312\python3.DLL
0x00007ffde01f0000 - 0x00007ffde0206000 	C:\Python312\DLLs\_socket.pyd
0x00007ffdfbbf0000 - 0x00007ffdfbc1d000 	C:\WINDOWS\SYSTEM32\IPHLPAPI.DLL
0x00007ffdf3f40000 - 0x00007ffdf3f49000 	C:\Python312\DLLs\select.pyd
0x00007ffddfe90000 - 0x00007ffddfebd000 	C:\Python312\DLLs\_ssl.pyd
0x00007ffdfda40000 - 0x00007ffdfdba7000 	C:\WINDOWS\System32\CRYPT32.dll
0x00007ffdc8e80000 - 0x00007ffdc8f42000 	C:\Python312\DLLs\libssl-3.dll
0x00007ffdb6af0000 - 0x00007ffdb6fe9000 	C:\Python312\DLLs\libcrypto-3.dll
0x00007ffdff660000 - 0x00007ffdff80e000 	C:\WINDOWS\System32\USER32.dll
0x00007ffdfd900000 - 0x00007ffdfd926000 	C:\WINDOWS\System32\win32u.dll
0x00007ffdfe910000 - 0x00007ffdfe939000 	C:\WINDOWS\System32\GDI32.dll
0x00007ffdfd6c0000 - 0x00007ffdfd7d9000 	C:\WINDOWS\System32\gdi32full.dll
0x00007ffdfd9a0000 - 0x00007ffdfda3a000 	C:\WINDOWS\System32\msvcp_win.dll
0x00007ffdffa00000 - 0x00007ffdffa31000 	C:\WINDOWS\System32\IMM32.DLL
0x00007ffddbf50000 - 0x00007ffddbf62000 	C:\Python312\DLLs\_asyncio.pyd
0x00007ffde3870000 - 0x00007ffde387e000 	C:\Python312\DLLs\_overlapped.pyd
0x00007ffdfc5f0000 - 0x00007ffdfc659000 	C:\WINDOWS\system32\mswsock.dll
0x00007ffddbf30000 - 0x00007ffddbf46000 	C:\Python312\DLLs\_bz2.pyd
0x00007ffdd0710000 - 0x00007ffdd0739000 	C:\Python312\DLLs\_lzma.pyd
0x00007ffde0df0000 - 0x00007ffde0df9000 	C:\Python312\DLLs\_queue.pyd
0x00007ffdd0bf0000 - 0x00007ffdd0c10000 	C:\Python312\DLLs\_ctypes.pyd
0x00007ffdffac0000 - 0x00007ffdffc65000 	C:\WINDOWS\System32\ole32.dll
0x00007ffdfed90000 - 0x00007ffdff118000 	C:\WINDOWS\System32\combase.dll
0x00007ffde08e0000 - 0x00007ffde08eb000 	C:\Python312\DLLs\libffi-8.dll
0x00007ffdfebd0000 - 0x00007ffdfeca7000 	C:\WINDOWS\System32\OLEAUT32.dll
0x00007ffdfdea0000 - 0x00007ffdfe6ff000 	C:\WINDOWS\System32\shell32.DLL
0x00007ffddbdf0000 - 0x00007ffddbdfa000 	C:\Python312\DLLs\_wmi.pyd
0x00007ffdf9710000 - 0x00007ffdf9810000 	C:\WINDOWS\SYSTEM32\PROPSYS.dll
0x00007ffdd06e0000 - 0x00007ffdd06ec000 	C:\Python312\VCRUNTIME140_1.dll
0x00007ffdcff90000 - 0x00007ffdcff9a000 	C:\Python312\DLLs\_multiprocessing.pyd
0x00007ffdba6c0000 - 0x00007ffdba763000 	C:\Python312\Lib\site-packages\watchfiles\_rust_notify.cp312-win_amd64.pyd
0x00007ffdd06f0000 - 0x00007ffdd0701000 	C:\Python312\DLLs\_hashlib.pyd
0x00007ffdf3650000 - 0x00007ffdf3669000 	C:\Python312\Lib\site-packages\httptools\parser\parser.cp312-win_amd64.pyd
0x00007ffdf2c70000 - 0x00007ffdf2c7f000 	C:\Python312\Lib\site-packages\httptools\parser\url_parser.cp312-win_amd64.pyd
0x00007ffdf2c60000 - 0x00007ffdf2c68000 	C:\Python312\Lib\site-packages\websockets\speedups.cp312-win_amd64.pyd
0x00007ffddfe80000 - 0x00007ffddfe87000 	C:\Python312\DLLs\_uuid.pyd
0x00007ffdc9c40000 - 0x00007ffdc9c7e000 	C:\Python312\DLLs\_decimal.pyd
0x00007ffdd06d0000 - 0x00007ffdd06df000 	C:\Python312\Lib\site-packages\bson\_cbson.cp312-win_amd64.pyd
0x00007ffdbcdb0000 - 0x00007ffdbcec7000 	C:\Python312\DLLs\unicodedata.pyd
0x00007ffdd0680000 - 0x00007ffdd068c000 	C:\Python312\Lib\site-packages\pymongo\_cmessage.cp312-win_amd64.pyd
0x00007ffdfc190000 - 0x00007ffdfc1a8000 	C:\WINDOWS\SYSTEM32\kernel.appcore.dll
0x00007ffdfa0b0000 - 0x00007ffdfa15f000 	C:\WINDOWS\system32\uxtheme.dll
0x00007ffdfdbb0000 - 0x00007ffdfdc60000 	C:\WINDOWS\System32\clbcatq.dll
0x00007ffdd3280000 - 0x00007ffdd329d000 	C:\WINDOWS\SYSTEM32\amsi.dll
0x00007ffdfc690000 - 0x00007ffdfc6b8000 	C:\WINDOWS\SYSTEM32\USERENV.dll
0x00007ffdfd0d0000 - 0x00007ffdfd0f1000 	C:\WINDOWS\SYSTEM32\profapi.dll
0x00007ffdd2e10000 - 0x00007ffdd2e91000 	C:\ProgramData\Microsoft\Windows Defender\Platform\4.18.24060.7-0\MpOav.dll
0x00007ffdb8410000 - 0x00007ffdb88e2000 	C:\Python312\Lib\site-packages\pydantic_core\_pydantic_core.cp312-win_amd64.pyd
0x00007ffdfc920000 - 0x00007ffdfc92c000 	C:\WINDOWS\SYSTEM32\CRYPTBASE.DLL
0x00007ffdeec40000 - 0x00007ffdeec49000 	C:\Python312\Lib\site-packages\markupsafe\_speedups.cp312-win_amd64.pyd
0x00007ffdb8e50000 - 0x00007ffdb9129000 	C:\Python312\Lib\site-packages\numpy\core\_multiarray_umath.cp312-win_amd64.pyd
0x00007ffd027b0000 - 0x00007ffd04866000 	C:\Python312\Lib\site-packages\numpy.libs\libopenblas64__v0.3.23-293-gc2f4bdbb-gcc_10_3_0-2bde3a66a51006b2b53eb373ff767a3f.dll
0x00007ffdeec20000 - 0x00007ffdeec34000 	C:\Python312\Lib\site-packages\numpy\core\_multiarray_tests.cp312-win_amd64.pyd
0x00007ffdeea80000 - 0x00007ffdeea9d000 	C:\Python312\Lib\site-packages\numpy\linalg\_umath_linalg.cp312-win_amd64.pyd
0x00007ffdeea60000 - 0x00007ffdeea7e000 	C:\Python312\Lib\site-packages\numpy\fft\_pocketfft_internal.cp312-win_amd64.pyd
0x00007ffde00e0000 - 0x00007ffde0174000 	C:\Python312\Lib\site-packages\numpy\random\mtrand.cp312-win_amd64.pyd
0x00007ffdee6d0000 - 0x00007ffdee6fb000 	C:\Python312\Lib\site-packages\numpy\random\bit_generator.cp312-win_amd64.pyd
0x00007ffdc88e0000 - 0x00007ffdc890d000 	C:\Python312\Lib\site-packages\numpy\random\_common.cp312-win_amd64.pyd
0x00007ffdc8830000 - 0x00007ffdc886d000 	C:\Python312\Lib\site-packages\numpy\random\_bounded_integers.cp312-win_amd64.pyd
0x00007ffdee7f0000 - 0x00007ffdee806000 	C:\Python312\Lib\site-packages\numpy\random\_mt19937.cp312-win_amd64.pyd
0x00007ffded740000 - 0x00007ffded755000 	C:\Python312\Lib\site-packages\numpy\random\_philox.cp312-win_amd64.pyd
0x00007ffdc8690000 - 0x00007ffdc86a8000 	C:\Python312\Lib\site-packages\numpy\random\_pcg64.cp312-win_amd64.pyd
0x00007ffdd0af0000 - 0x00007ffdd0b00000 	C:\Python312\Lib\site-packages\numpy\random\_sfc64.cp312-win_amd64.pyd
0x00007ffdba290000 - 0x00007ffdba33d000 	C:\Python312\Lib\site-packages\numpy\random\_generator.cp312-win_amd64.pyd
0x00007ffdd08e0000 - 0x00007ffdd08eb000 	C:\Python312\Lib\site-packages\pandas\_libs\pandas_parser.cp312-win_amd64.pyd
0x00007ffdd0670000 - 0x00007ffdd067c000 	C:\Python312\Lib\site-packages\pandas\_libs\pandas_datetime.cp312-win_amd64.pyd
0x00007ffdb8bd0000 - 0x00007ffdb8ce8000 	C:\Python312\Lib\site-packages\pandas\_libs\interval.cp312-win_amd64.pyd
0x00007ffdb8a00000 - 0x00007ffdb8bc4000 	C:\Python312\Lib\site-packages\pandas\_libs\hashtable.cp312-win_amd64.pyd
0x00007ffdc7780000 - 0x00007ffdc77ae000 	C:\Python312\Lib\site-packages\pandas\_libs\missing.cp312-win_amd64.pyd
0x00007ffdc7750000 - 0x00007ffdc777d000 	C:\Python312\Lib\site-packages\pandas\_libs\tslibs\dtypes.cp312-win_amd64.pyd
0x00007ffdc8670000 - 0x00007ffdc8685000 	C:\Python312\Lib\site-packages\pandas\_libs\tslibs\ccalendar.cp312-win_amd64.pyd
0x00007ffdc7730000 - 0x00007ffdc7750000 	C:\Python312\Lib\site-packages\pandas\_libs\tslibs\np_datetime.cp312-win_amd64.pyd
0x00007ffdc2310000 - 0x00007ffdc234d000 	C:\Python312\Lib\site-packages\pandas\_libs\tslibs\conversion.cp312-win_amd64.pyd
0x00007ffdbdc40000 - 0x00007ffdbdc51000 	C:\Python312\Lib\site-packages\pandas\_libs\tslibs\base.cp312-win_amd64.pyd
0x00007ffdb8d70000 - 0x00007ffdb8e4e000 	C:\Python312\Lib\site-packages\pandas\_libs\tslibs\offsets.cp312-win_amd64.pyd
0x00007ffdb9190000 - 0x00007ffdb9211000 	C:\Python312\Lib\site-packages\pandas\_libs\tslibs\timestamps.cp312-win_amd64.pyd
0x00007ffdbdc00000 - 0x00007ffdbdc34000 	C:\Python312\Lib\site-packages\pandas\_libs\tslibs\nattype.cp312-win_amd64.pyd
0x00007ffdb8980000 - 0x00007ffdb89f9000 	C:\Python312\Lib\site-packages\pandas\_libs\tslibs\timedeltas.cp312-win_amd64.pyd
0x00007ffdba680000 - 0x00007ffdba6ba000 	C:\Python312\Lib\site-packages\pandas\_libs\tslibs\timezones.cp312-win_amd64.pyd
0x00007ffde00a0000 - 0x00007ffde00ad000 	C:\Python312\DLLs\_zoneinfo.pyd
0x0000025cbfd00000 - 0x0000025cbfd03000 	C:\WINDOWS\SYSTEM32\tzres.dll
0x00007ffdb83c0000 - 0x00007ffdb8406000 	C:\Python312\Lib\site-packages\pandas\_libs\tslibs\fields.cp312-win_amd64.pyd
0x00007ffdb8940000 - 0x00007ffdb8980000 	C:\Python312\Lib\site-packages\pandas\_libs\tslibs\tzconversion.cp312-win_amd64.pyd
0x00007ffdb9270000 - 0x00007ffdb9284000 	C:\Python312\Lib\site-packages\pandas\_libs\properties.cp312-win_amd64.pyd
0x00007ffdb8360000 - 0x00007ffdb83b4000 	C:\Python312\Lib\site-packages\pandas\_libs\tslibs\parsing.cp312-win_amd64.pyd
0x00007ffdb8310000 - 0x00007ffdb835f000 	C:\Python312\Lib\site-packages\pandas\_libs\tslibs\strptime.cp312-win_amd64.pyd
0x00007ffdb82a0000 - 0x00007ffdb830a000 	C:\Python312\Lib\site-packages\pandas\_libs\tslibs\period.cp312-win_amd64.pyd
0x00007ffdb78c0000 - 0x00007ffdb78f3000 	C:\Python312\Lib\site-packages\pandas\_libs\tslibs\vectorized.cp312-win_amd64.pyd
0x00007ffdc8a60000 - 0x00007ffdc8a70000 	C:\Python312\Lib\site-packages\pandas\_libs\ops_dispatch.cp312-win_amd64.pyd
0x00007ffdb7700000 - 0x00007ffdb78c0000 	C:\Python312\Lib\site-packages\pandas\_libs\algos.cp312-win_amd64.pyd
0x00007ffdb7650000 - 0x00007ffdb76f7000 	C:\Python312\Lib\site-packages\pandas\_libs\lib.cp312-win_amd64.pyd
0x00007ffdb7610000 - 0x00007ffdb7645000 	C:\Python312\Lib\site-packages\pandas\_libs\ops.cp312-win_amd64.pyd
0x00007ffdb8270000 - 0x00007ffdb829d000 	C:\Python312\Lib\site-packages\pandas\_libs\hashing.cp312-win_amd64.pyd
0x00007ffdb9170000 - 0x00007ffdb918c000 	C:\Python312\Lib\site-packages\pandas\_libs\arrays.cp312-win_amd64.pyd
0x00007ffdb75c0000 - 0x00007ffdb7603000 	C:\Python312\Lib\site-packages\pandas\_libs\tslib.cp312-win_amd64.pyd
0x00007ffdb74f0000 - 0x00007ffdb75c0000 	C:\Python312\Lib\site-packages\pandas\_libs\sparse.cp312-win_amd64.pyd
0x00007ffdb62b0000 - 0x00007ffdb6301000 	C:\Python312\Lib\site-packages\pandas\_libs\internals.cp312-win_amd64.pyd
0x00007ffdb79d0000 - 0x00007ffdb79e2000 	C:\Python312\Lib\site-packages\pandas\_libs\indexing.cp312-win_amd64.pyd
0x00007ffdb5980000 - 0x00007ffdb5a36000 	C:\Python312\Lib\site-packages\pandas\_libs\index.cp312-win_amd64.pyd
0x00007ffdb6270000 - 0x00007ffdb62a5000 	C:\Python312\Lib\site-packages\pandas\_libs\writers.cp312-win_amd64.pyd
0x00007ffdb0af0000 - 0x00007ffdb0bff000 	C:\Python312\Lib\site-packages\pandas\_libs\join.cp312-win_amd64.pyd
0x00007ffdb6210000 - 0x00007ffdb6267000 	C:\Python312\Lib\site-packages\pandas\_libs\window\aggregations.cp312-win_amd64.pyd
0x00007ffdb58e0000 - 0x00007ffdb597b000 	C:\Python312\Lib\site-packages\pandas.libs\msvcp140-ef6047a69b174ada5cb2eff1d2bc9a62.dll
0x00007ffdb74c0000 - 0x00007ffdb74ec000 	C:\Python312\Lib\site-packages\pandas\_libs\window\indexers.cp312-win_amd64.pyd
0x00007ffdb52f0000 - 0x00007ffdb5331000 	C:\Python312\Lib\site-packages\pandas\_libs\reshape.cp312-win_amd64.pyd
0x00007ffdb08c0000 - 0x00007ffdb0ae1000 	C:\Python312\Lib\site-packages\pandas\_libs\groupby.cp312-win_amd64.pyd
0x00007ffdb6a00000 - 0x00007ffdb6a11000 	C:\Python312\Lib\site-packages\pandas\_libs\json.cp312-win_amd64.pyd
0x00007ffdb5280000 - 0x00007ffdb52e5000 	C:\Python312\Lib\site-packages\pandas\_libs\parsers.cp312-win_amd64.pyd
0x00007ffdb5e00000 - 0x00007ffdb5e19000 	C:\Python312\Lib\site-packages\pandas\_libs\testing.cp312-win_amd64.pyd
0x00007ffdb5000000 - 0x00007ffdb5076000 	C:\Python312\Lib\site-packages\_jpype.cp312-win_amd64.pyd
0x00007ffdde920000 - 0x00007ffdde9ad000 	C:\WINDOWS\SYSTEM32\MSVCP140.dll
0x00007ffdb5260000 - 0x00007ffdb527d000 	C:\Python312\Lib\site-packages\scipy\_lib\_ccallback_c.cp312-win_amd64.pyd
0x00007ffdad520000 - 0x00007ffdad926000 	C:\Python312\Lib\site-packages\scipy\sparse\_sparsetools.cp312-win_amd64.pyd

dbghelp: loaded successfully - version: 4.0.5 - missing functions: none
symbol engine: initialized successfully - sym options: 0x614 - pdb path: .;C:\Python312;C:\WINDOWS\SYSTEM32;C:\Python312\DLLs;C:\Python312\Lib\site-packages\watchfiles;C:\Python312\Lib\site-packages\httptools\parser;C:\Python312\Lib\site-packages\websockets;C:\Python312\Lib\site-packages\bson;C:\Python312\Lib\site-packages\pymongo;C:\ProgramData\Microsoft\Windows Defender\Platform\4.18.24060.7-0;C:\Python312\Lib\site-packages\pydantic_core;C:\Python312\Lib\site-packages\markupsafe;C:\Python312\Lib\site-packages\numpy\core;C:\Python312\Lib\site-packages\numpy.libs;C:\Python312\Lib\site-packages\numpy\linalg;C:\Python312\Lib\site-packages\numpy\fft;C:\Python312\Lib\site-packages\numpy\random;C:\Python312\Lib\site-packages\pandas\_libs;C:\Python312\Lib\site-packages\pandas\_libs\tslibs;C:\Python312\Lib\site-packages\pandas\_libs\window;C:\Python312\Lib\site-packages\pandas.libs;C:\Python312\Lib\site-packages;C:\Python312\Lib\site-packages\scipy\_lib;C:\Python312\Lib\site-packages\scipy\sparse;C:\Python312\Lib\site-packages\scipy\linalg;C:\Python312\Lib\site-packages\scipy.libs;C:\Python312\Lib\site-packages\scipy\sparse\linalg\_dsolve;C:\Python312\Lib\site-packages\scipy\sparse\linalg\_eigen\arpack;C:\Python312\Lib\site-packages\scipy\sparse\linalg\_propack;C:\Python312\Lib\site-packages\scipy\sparse\csgraph;C:\Python312\Lib\site-packages\wrapt;C:\Python312\Lib\site-packages\charset_normalizer;C:\Python312\Lib\site-packages\scipy\spatial;C:\Python312\Lib\site-packages\scipy\special;C:\Python312\Lib\site-packages\scipy\spatial\transform;C:\Python312\Lib\site-packages\scipy\ndimage;C:\Python312\Lib\site-packages\scipy\optimize;C:\Python312\Lib\site-packages\scipy\optimize\_trlib;C:\Python312\Lib\site-packages\scipy\optimize\_lsq;C:\Python312\Lib\site-packages\scipy\optimize\_highs;C:\Python312\Lib\site-packages\scipy\integrate;C:\Python312\Lib\site-packages\scipy\stats;C:\Python312\Lib\site-packages\scipy\stats\_boost;C:\Python312\Lib\site-packages\scipy\interpolate;C:\Python312\Lib\site-packages\scipy\stats\_levy_stable;C:\Python312\Lib\site-packages\scipy\_lib\_uarray;C:\Python312\Lib\site-packages\scipy\fft\_pocketfft;C:\Python312\Lib\site-packages\scipy\stats\_rcont;C:\Python312\Lib\site-packages\scipy\stats\_unuran;C:\Python312\Lib\site-packages\gensim;C:\Python312\Lib\site-packages\gensim\corpora;C:\Python312\Lib\site-packages\gensim\models;C:\Python312\Lib\site-packages\gensim\similarities;C:\Python312\Lib\site-packages\sklearn\__check_build;C:\Python312\Lib\site-packages\sklearn\.libs;C:\Python312\Lib\site-packages\sklearn\utils;C:\Python312\Lib\site-packages\sklearn\metrics\cluster;C:\Python312\Lib\site-packages\sklearn\preprocessing;C:\Python312\Lib\site-packages\sklearn\metrics;C:\Python312\Lib\site-packages\sklearn\metrics\_pairwise_distances_reduction;C:\Program Files\Bonjour;C:\Program Files\Java\jdk-21\bin\server;C:\Program Files\Java\jdk-21\bin

VM Arguments:
jvm_args: -Dfile.encoding=UTF8 -ea -Xmx1024m 
java_command: <unknown>
java_class_path (initial): C:\Python312\Lib\site-packages\konlpy\java;C:\Python312\Lib\site-packages\konlpy\java\bin;C:\Python312\Lib\site-packages\konlpy\java\aho-corasick.jar;C:\Python312\Lib\site-packages\konlpy\java\jhannanum-0.8.4.jar;C:\Python312\Lib\site-packages\konlpy\java\kkma-2.0.jar;C:\Python312\Lib\site-packages\konlpy\java\komoran-3.0.jar;C:\Python312\Lib\site-packages\konlpy\java\open-korean-text-2.1.0.jar;C:\Python312\Lib\site-packages\konlpy\java\scala-library-2.12.3.jar;C:\Python312\Lib\site-packages\konlpy\java\shineware-common-1.0.jar;C:\Python312\Lib\site-packages\konlpy\java\shineware-ds-1.0.jar;C:\Python312\Lib\site-packages\konlpy\java\snakeyaml-1.12.jar;C:\Python312\Lib\site-packages\konlpy\java\twitter-text-1.14.7.jar;C:\Python312\Lib\site-packages\konlpy\java\jhannanum-0.8.4.jar;C:\Python312\Lib\site-packages\konlpy\java\kkma-2.0.jar;C:\Python312\Lib\site-packages\konlpy\java\aho-corasick.jar;C:\Python312\Lib\site-packages\konlpy\java\shineware-common-1.0.jar;C:\Python312\Lib\site-packages\konlpy\java\shineware-ds-1.0.jar;C:\Python312\Lib\site-packages\konlpy\java\komoran-3.0.jar;C:\Python312\Lib\site-packages\konlpy\java\snakeyaml-1.12.jar;C:\Python312\Lib\site-packages\konlpy\java\scala-library-2.12.3.jar;C:\Python312\Lib\site-packages\konlpy\java\open-korean-text-2.1.0.jar;C:\Python312\Lib\site-packages\konlpy\java\twitter-text-1.14.7.jar;C:\Python312\Lib\site-packages\konlpy\java\aho-corasick.jar;C:\Python312\Lib\site-packages\konlpy\java\jhannanum-0.8.4.jar;C:\Python312\Lib\site-packages\konlpy\java\kkma-2.0.jar;C:\Python312\Lib\site-packages\konlpy\java\komoran-3.0.jar;C:\Python312\Lib\site-packages\konlpy\java\open-korean-text-2.1.0.jar;C:\Python312\Lib\site-packages\konlpy\java\scala-library-2.12.3.jar;C:\Python312\Lib\site-packages\konlpy\java\shineware-common-1.0.jar;C:\Python312\Lib\site-packages\konlpy\java\shineware-ds-1.0.jar;C:\Python312\Lib\site-packages\konlpy\java\snakeyaml-1.12.jar;C:\Python312\Lib\site-packages\konlpy\java\twitter-text-1.14.7.jar
Launcher Type: generic

[Global flags]
     intx CICompilerCount                          = 4                                         {product} {ergonomic}
     uint ConcGCThreads                            = 2                                         {product} {ergonomic}
     uint G1ConcRefinementThreads                  = 8                                         {product} {ergonomic}
   size_t G1HeapRegionSize                         = 1048576                                   {product} {ergonomic}
    uintx GCDrainStackTargetSize                   = 64                                        {product} {ergonomic}
   size_t InitialHeapSize                          = 264241152                                 {product} {ergonomic}
   size_t MarkStackSize                            = 4194304                                   {product} {ergonomic}
   size_t MaxHeapSize                              = 1073741824                                {product} {command line}
   size_t MaxNewSize                               = 643825664                                 {product} {ergonomic}
   size_t MinHeapDeltaBytes                        = 1048576                                   {product} {ergonomic}
   size_t MinHeapSize                              = 8388608                                   {product} {ergonomic}
    uintx NonNMethodCodeHeapSize                   = 5839372                                {pd product} {ergonomic}
    uintx NonProfiledCodeHeapSize                  = 122909434                              {pd product} {ergonomic}
    uintx ProfiledCodeHeapSize                     = 122909434                              {pd product} {ergonomic}
    uintx ReservedCodeCacheSize                    = 251658240                              {pd product} {ergonomic}
     bool SegmentedCodeCache                       = true                                      {product} {ergonomic}
   size_t SoftMaxHeapSize                          = 1073741824                             {manageable} {ergonomic}
     bool UseCompressedOops                        = true                           {product lp64_product} {ergonomic}
     bool UseG1GC                                  = true                                      {product} {ergonomic}
     bool UseLargePagesIndividualAllocation        = false                                  {pd product} {ergonomic}

Logging:
Log output configuration:
 #0: stdout all=warning uptime,level,tags foldmultilines=false
 #1: stderr all=off uptime,level,tags foldmultilines=false

Environment Variables:
JAVA_HOME=C:\Program Files\Java\jdk-21
PATH=C:\Python312;C:\Python312\Scripts;C:\Program Files\Common Files\Oracle\Java\javapath;C:\Program Files (x86)\VMware\VMware Workstation\bin\;C:\WINDOWS\system32;C:\WINDOWS;C:\WINDOWS\System32\Wbem;C:\WINDOWS\System32\WindowsPowerShell\v1.0\;C:\WINDOWS\System32\OpenSSH\;C:\Program Files\nodejs\npm;C:\ProgramData\chocolatey\bin;C:\Program Files (x86)\Git\cmd;C:\Program Files\Kubernetes\Minikube;C:\Program Files\MongoDB\Server\7.0\bin;C:\Users\Playdata\Downloads\mongosh-2.2.9-win32-x64\mongosh-2.2.9-win32-x64\bin;C:\Program Files\Java\jdk-21\bin;C:\Program Files\MySQL\MySQL Server 8.0\bin;C:\WINDOWS\system32;C:\WINDOWS;C:\WINDOWS\System32\Wbem;C:\WINDOWS\System32\WindowsPowerShell\v1.0\;C:\WINDOWS\System32\OpenSSH\;C:\Program Files\MySQL\MySQL Server 8.0\bin;C:\WINDOWS\system32;C:\WINDOWS;C:\WINDOWS\System32\Wbem;C:\WINDOWS\System32\WindowsPowerShell\v1.0\;C:\WINDOWS\System32\OpenSSH\;C:\Users\Playdata\AppData\Local\Microsoft\WindowsApps;C:\Users\Playdata\AppData\Local\Programs\Microsoft VS Code\bin;C:\Program Files\JetBrains\IntelliJ IDEA 2024.1.1\bin;;C:\Program Files\nodejs\;C:\Program Files\JetBrains\PyCharm 2024.1.3\bin;;C:\Users\Playdata\AppData\Local\Programs\mongosh\
USERNAME=Playdata
OS=Windows_NT
PROCESSOR_IDENTIFIER=Intel64 Family 6 Model 140 Stepping 1, GenuineIntel
TMP=C:\Users\Playdata\AppData\Local\Temp
TEMP=C:\Users\Playdata\AppData\Local\Temp




Periodic native trim disabled

---------------  S Y S T E M  ---------------

OS:
 Windows 11 , 64 bit Build 22621 (10.0.22621.3672)
OS uptime: 3 days 4:53 hours
Hyper-V role detected

CPU: total 8 (initial active 8) (4 cores per cpu, 2 threads per core) family 6 model 140 stepping 1 microcode 0x8a, cx8, cmov, fxsr, ht, mmx, 3dnowpref, sse, sse2, sse3, ssse3, sse4.1, sse4.2, popcnt, lzcnt, tsc, tscinvbit, avx, avx2, aes, erms, clmul, bmi1, bmi2, adx, avx512f, avx512dq, avx512cd, avx512bw, avx512vl, sha, fma, vzeroupper, avx512_vpopcntdq, avx512_vpclmulqdq, avx512_vaes, avx512_vnni, clflush, clflushopt, clwb, avx512_vbmi2, avx512_vbmi, hv, rdtscp, rdpid, fsrm, gfni, avx512_bitalg, f16c, cet_ibt, cet_ss, avx512_ifma
Processor Information for all 8 processors :
  Max Mhz: 2419, Current Mhz: 2419, Mhz Limit: 2419

Memory: 4k page, system-wide physical 16107M (616M free)
TotalPageFile size 39444M (AvailPageFile size 1047M)
current process WorkingSet (physical memory assigned to process): 536M, peak: 536M
current process commit charge ("private bytes"): 1084M, peak: 1085M

vm_info: Java HotSpot(TM) 64-Bit Server VM (21.0.3+7-LTS-152) for windows-amd64 JRE (21.0.3+7-LTS-152), built on 2024-03-11T17:42:26Z by "mach5one" with MS VC++ 17.6 (VS2022)

END.
