#
# There is insufficient memory for the Java Runtime Environment to continue.
# Native memory allocation (mmap) failed to map 65536 bytes for Failed to commit metaspace.
# Possible reasons:
#   The system is out of physical RAM or swap space
#   The process is running with CompressedOops enabled, and the Java Heap may be blocking the growth of the native heap
# Possible solutions:
#   Reduce memory load on the system
#   Increase physical memory or swap space
#   Check if swap backing store is full
#   Decrease Java heap size (-Xmx/-Xms)
#   Decrease number of Java threads
#   Decrease Java thread stack sizes (-Xss)
#   Set larger code cache with -XX:ReservedCodeCacheSize=
#   JVM is running with Unscaled Compressed Oops mode in which the Java heap is
#     placed in the first 4GB address space. The Java Heap base address is the
#     maximum limit for the native heap growth. Please use -XX:HeapBaseMinAddress
#     to set the Java Heap base and to place the Java Heap above 4GB virtual address.
# This output file may be truncated or incomplete.
#
#  Out of Memory Error (virtualSpaceNode.cpp:112), pid=31672, tid=24592
#
# JRE version:  (21.0.3+7) (build )
# Java VM: Java HotSpot(TM) 64-Bit Server VM (21.0.3+7-LTS-152, mixed mode, sharing, tiered, compressed oops, compressed class ptrs, g1 gc, windows-amd64)
# No core dump will be written. Minidumps are not enabled by default on client versions of Windows
#

---------------  S U M M A R Y ------------

Command Line: -Dfile.encoding=UTF8 -ea -Xmx1024m 

Host: 11th Gen Intel(R) Core(TM) i5-1135G7 @ 2.40GHz, 8 cores, 15G,  Windows 11 , 64 bit Build 22621 (10.0.22621.3672)
Time: Tue Jul 23 16:13:43 2024 대한민국 표준시 elapsed time: 0.050503 seconds (0d 0h 0m 0s)

---------------  T H R E A D  ---------------

Current thread (0x00000263ffe144c0):  JavaThread "Unknown thread" [_thread_in_vm, id=24592, stack(0x000000cd63200000,0x000000cd633f0000) (1984K)]

Stack: [0x000000cd63200000,0x000000cd633f0000]
Native frames: (J=compiled Java code, j=interpreted, Vv=VM code, C=native code)
C  0x00007ffdac3a63b9
C  0x00007ffdac52fa11
C  0x00007ffdac531f3e
C  0x00007ffdac532613
C  0x00007ffdabf5cd46
C  0x00007ffdac52b63e
C  0x00007ffdac34a1b5
C  0x00007ffdabec399c
C  0x00007ffdabec376e
C  0x00007ffdac34cae3
C  0x00007ffdac34c902
C  0x00007ffdac34ab8e
C  0x00007ffdac38727e
C  0x00007ffdac09a095
C  0x00007ffdac099fb5
C  0x00007ffdabeb60d7
C  0x00007ffdac350fec
C  0x00007ffdac4f9625
C  0x00007ffdac0976ec
C  0x00007ffdac4e2458
C  0x00007ffdac12c7ce
C  0x00007ffdac12e2a1
C  [_jpype.cp312-win_amd64.pyd+0x1228c]
C  [_jpype.cp312-win_amd64.pyd+0x417dd]
C  [python312.dll+0x61d22]
C  [python312.dll+0x2f658]
C  [python312.dll+0x2eef5]
C  [python312.dll+0x30609]
C  [python312.dll+0x2e55c]
C  [python312.dll+0x9052e]
C  [python312.dll+0x2f2da]
C  [python312.dll+0x2eef5]
C  [python312.dll+0x30609]
C  [python312.dll+0x65c4e]
C  [python312.dll+0x66485]
C  [python312.dll+0x13f1b8]
C  [python312.dll+0x13f05c]
C  [python312.dll+0x9602e]
C  [python312.dll+0xc8731]
C  [python312.dll+0xc867b]
C  [python312.dll+0x347c0]
C  [python312.dll+0x11921]
C  [python312.dll+0x245e15]
C  [python312.dll+0x23c74d]
C  [_asyncio.pyd+0x712c]
C  [_asyncio.pyd+0x6aba]
C  [python312.dll+0xa1c8a]
C  [python312.dll+0x269fb8]
C  [python312.dll+0x26a2a7]
C  [python312.dll+0x9602e]
C  [python312.dll+0xc8731]
C  [python312.dll+0xc867b]
C  [python312.dll+0x347c0]
C  [python312.dll+0x65c4e]
C  [python312.dll+0x66485]
C  [python312.dll+0x672d4]
C  [python312.dll+0x6845c]
C  [python312.dll+0x68577]
C  [python312.dll+0xe5139]
C  [python312.dll+0xe34e0]
C  [python312.dll+0x102af7]
C  [python312.dll+0x10268d]
C  [python312.dll+0x1011e1]
C  [python.exe+0x1230]
C  [KERNEL32.DLL+0x1257d]
C  [ntdll.dll+0x5af28]


---------------  P R O C E S S  ---------------

Threads class SMR info:
_java_thread_list=0x00000263917c8850, length=1, elements={
0x00000263ffe144c0
}

Java Threads: ( => current thread )
=>0x00000263ffe144c0 JavaThread "Unknown thread"             [_thread_in_vm, id=24592, stack(0x000000cd63200000,0x000000cd633f0000) (1984K)]
Total: 1

Other Threads:
  0x00000263ffcb62d0 WatcherThread "VM Periodic Task Thread"        [id=20144, stack(0x000000cd67000000,0x000000cd671f0000) (1984K)]
  0x0000026390f15910 WorkerThread "GC Thread#0"                     [id=22800, stack(0x000000cd66650000,0x000000cd66840000) (1984K)]
  0x00000263ffda45d0 ConcurrentGCThread "G1 Main Marker"            [id=31928, stack(0x000000cd66840000,0x000000cd66a30000) (1984K)]
  0x0000026390f1c5d0 WorkerThread "G1 Conc#0"                       [id=18280, stack(0x000000cd66a30000,0x000000cd66c20000) (1984K)]
  0x00000263ff1e51a0 ConcurrentGCThread "G1 Refine#0"               [id=14984, stack(0x000000cd66c20000,0x000000cd66e10000) (1984K)]
  0x00000263ffdc0de0 ConcurrentGCThread "G1 Service"                [id=15864, stack(0x000000cd66e10000,0x000000cd67000000) (1984K)]
Total: 6

Threads with active compile tasks:
Total: 0

VM state: not at safepoint (normal execution)

VM Mutex/Monitor currently owned by a thread:  ([mutex/lock_event])
[0x00007ffdac910d28] Metaspace_lock - owner thread: 0x00000263ffe144c0
[0x00007ffdac911aa8] MultiArray_lock - owner thread: 0x00000263ffe144c0

Heap address: 0x00000000c0000000, size: 1024 MB, Compressed Oops mode: 32-bit

CDS archive(s) mapped at: [0x0000026400000000-0x0000026400c90000-0x0000026400c90000), size 13172736, SharedBaseAddress: 0x0000026400000000, ArchiveRelocationMode: 1.
Compressed class space mapped at: 0x0000026401000000-0x0000026441000000, reserved size: 1073741824
Narrow klass base: 0x0000026400000000, Narrow klass shift: 0, Narrow klass range: 0x100000000

GC Precious Log:
 CardTable entry size: 512
 Card Set container configuration: InlinePtr #cards 5 size 8 Array Of Cards #cards 12 size 40 Howl #buckets 4 coarsen threshold 1843 Howl Bitmap #cards 512 size 80 coarsen threshold 460 Card regions per heap region 1 cards per card region 2048
 CPUs: 8 total, 8 available
 Memory: 16107M
 Large Page Support: Disabled
 NUMA Support: Disabled
 Compressed Oops: Enabled (32-bit)
 Heap Region Size: 1M
 Heap Min Capacity: 8M
 Heap Initial Capacity: 252M
 Heap Max Capacity: 1G
 Pre-touch: Disabled
 Parallel Workers: 8
 Concurrent Workers: 2
 Concurrent Refinement Workers: 8
 Periodic GC: Disabled

Heap:
 garbage-first heap   total 258048K, used 0K [0x00000000c0000000, 0x0000000100000000)
  region size 1024K, 1 young (1024K), 0 survivors (0K)
 Metaspace       used 0K, committed 0K, reserved 1048576K
  class space    used 0K, committed 0K, reserved 1048576K

Heap Regions: E=young(eden), S=young(survivor), O=old, HS=humongous(starts), HC=humongous(continues), CS=collection set, F=free, TAMS=top-at-mark-start, PB=parsable bottom
|   0|0x00000000c0000000, 0x00000000c0000000, 0x00000000c0100000|  0%| F|  |TAMS 0x00000000c0000000| PB 0x00000000c0000000| Untracked 
|   1|0x00000000c0100000, 0x00000000c0100000, 0x00000000c0200000|  0%| F|  |TAMS 0x00000000c0100000| PB 0x00000000c0100000| Untracked 
|   2|0x00000000c0200000, 0x00000000c0200000, 0x00000000c0300000|  0%| F|  |TAMS 0x00000000c0200000| PB 0x00000000c0200000| Untracked 
|   3|0x00000000c0300000, 0x00000000c0300000, 0x00000000c0400000|  0%| F|  |TAMS 0x00000000c0300000| PB 0x00000000c0300000| Untracked 
|   4|0x00000000c0400000, 0x00000000c0400000, 0x00000000c0500000|  0%| F|  |TAMS 0x00000000c0400000| PB 0x00000000c0400000| Untracked 
|   5|0x00000000c0500000, 0x00000000c0500000, 0x00000000c0600000|  0%| F|  |TAMS 0x00000000c0500000| PB 0x00000000c0500000| Untracked 
|   6|0x00000000c0600000, 0x00000000c0600000, 0x00000000c0700000|  0%| F|  |TAMS 0x00000000c0600000| PB 0x00000000c0600000| Untracked 
|   7|0x00000000c0700000, 0x00000000c0700000, 0x00000000c0800000|  0%| F|  |TAMS 0x00000000c0700000| PB 0x00000000c0700000| Untracked 
|   8|0x00000000c0800000, 0x00000000c0800000, 0x00000000c0900000|  0%| F|  |TAMS 0x00000000c0800000| PB 0x00000000c0800000| Untracked 
|   9|0x00000000c0900000, 0x00000000c0900000, 0x00000000c0a00000|  0%| F|  |TAMS 0x00000000c0900000| PB 0x00000000c0900000| Untracked 
|  10|0x00000000c0a00000, 0x00000000c0a00000, 0x00000000c0b00000|  0%| F|  |TAMS 0x00000000c0a00000| PB 0x00000000c0a00000| Untracked 
|  11|0x00000000c0b00000, 0x00000000c0b00000, 0x00000000c0c00000|  0%| F|  |TAMS 0x00000000c0b00000| PB 0x00000000c0b00000| Untracked 
|  12|0x00000000c0c00000, 0x00000000c0c00000, 0x00000000c0d00000|  0%| F|  |TAMS 0x00000000c0c00000| PB 0x00000000c0c00000| Untracked 
|  13|0x00000000c0d00000, 0x00000000c0d00000, 0x00000000c0e00000|  0%| F|  |TAMS 0x00000000c0d00000| PB 0x00000000c0d00000| Untracked 
|  14|0x00000000c0e00000, 0x00000000c0e00000, 0x00000000c0f00000|  0%| F|  |TAMS 0x00000000c0e00000| PB 0x00000000c0e00000| Untracked 
|  15|0x00000000c0f00000, 0x00000000c0f00000, 0x00000000c1000000|  0%| F|  |TAMS 0x00000000c0f00000| PB 0x00000000c0f00000| Untracked 
|  16|0x00000000c1000000, 0x00000000c1000000, 0x00000000c1100000|  0%| F|  |TAMS 0x00000000c1000000| PB 0x00000000c1000000| Untracked 
|  17|0x00000000c1100000, 0x00000000c1100000, 0x00000000c1200000|  0%| F|  |TAMS 0x00000000c1100000| PB 0x00000000c1100000| Untracked 
|  18|0x00000000c1200000, 0x00000000c1200000, 0x00000000c1300000|  0%| F|  |TAMS 0x00000000c1200000| PB 0x00000000c1200000| Untracked 
|  19|0x00000000c1300000, 0x00000000c1300000, 0x00000000c1400000|  0%| F|  |TAMS 0x00000000c1300000| PB 0x00000000c1300000| Untracked 
|  20|0x00000000c1400000, 0x00000000c1400000, 0x00000000c1500000|  0%| F|  |TAMS 0x00000000c1400000| PB 0x00000000c1400000| Untracked 
|  21|0x00000000c1500000, 0x00000000c1500000, 0x00000000c1600000|  0%| F|  |TAMS 0x00000000c1500000| PB 0x00000000c1500000| Untracked 
|  22|0x00000000c1600000, 0x00000000c1600000, 0x00000000c1700000|  0%| F|  |TAMS 0x00000000c1600000| PB 0x00000000c1600000| Untracked 
|  23|0x00000000c1700000, 0x00000000c1700000, 0x00000000c1800000|  0%| F|  |TAMS 0x00000000c1700000| PB 0x00000000c1700000| Untracked 
|  24|0x00000000c1800000, 0x00000000c1800000, 0x00000000c1900000|  0%| F|  |TAMS 0x00000000c1800000| PB 0x00000000c1800000| Untracked 
|  25|0x00000000c1900000, 0x00000000c1900000, 0x00000000c1a00000|  0%| F|  |TAMS 0x00000000c1900000| PB 0x00000000c1900000| Untracked 
|  26|0x00000000c1a00000, 0x00000000c1a00000, 0x00000000c1b00000|  0%| F|  |TAMS 0x00000000c1a00000| PB 0x00000000c1a00000| Untracked 
|  27|0x00000000c1b00000, 0x00000000c1b00000, 0x00000000c1c00000|  0%| F|  |TAMS 0x00000000c1b00000| PB 0x00000000c1b00000| Untracked 
|  28|0x00000000c1c00000, 0x00000000c1c00000, 0x00000000c1d00000|  0%| F|  |TAMS 0x00000000c1c00000| PB 0x00000000c1c00000| Untracked 
|  29|0x00000000c1d00000, 0x00000000c1d00000, 0x00000000c1e00000|  0%| F|  |TAMS 0x00000000c1d00000| PB 0x00000000c1d00000| Untracked 
|  30|0x00000000c1e00000, 0x00000000c1e00000, 0x00000000c1f00000|  0%| F|  |TAMS 0x00000000c1e00000| PB 0x00000000c1e00000| Untracked 
|  31|0x00000000c1f00000, 0x00000000c1f00000, 0x00000000c2000000|  0%| F|  |TAMS 0x00000000c1f00000| PB 0x00000000c1f00000| Untracked 
|  32|0x00000000c2000000, 0x00000000c2000000, 0x00000000c2100000|  0%| F|  |TAMS 0x00000000c2000000| PB 0x00000000c2000000| Untracked 
|  33|0x00000000c2100000, 0x00000000c2100000, 0x00000000c2200000|  0%| F|  |TAMS 0x00000000c2100000| PB 0x00000000c2100000| Untracked 
|  34|0x00000000c2200000, 0x00000000c2200000, 0x00000000c2300000|  0%| F|  |TAMS 0x00000000c2200000| PB 0x00000000c2200000| Untracked 
|  35|0x00000000c2300000, 0x00000000c2300000, 0x00000000c2400000|  0%| F|  |TAMS 0x00000000c2300000| PB 0x00000000c2300000| Untracked 
|  36|0x00000000c2400000, 0x00000000c2400000, 0x00000000c2500000|  0%| F|  |TAMS 0x00000000c2400000| PB 0x00000000c2400000| Untracked 
|  37|0x00000000c2500000, 0x00000000c2500000, 0x00000000c2600000|  0%| F|  |TAMS 0x00000000c2500000| PB 0x00000000c2500000| Untracked 
|  38|0x00000000c2600000, 0x00000000c2600000, 0x00000000c2700000|  0%| F|  |TAMS 0x00000000c2600000| PB 0x00000000c2600000| Untracked 
|  39|0x00000000c2700000, 0x00000000c2700000, 0x00000000c2800000|  0%| F|  |TAMS 0x00000000c2700000| PB 0x00000000c2700000| Untracked 
|  40|0x00000000c2800000, 0x00000000c2800000, 0x00000000c2900000|  0%| F|  |TAMS 0x00000000c2800000| PB 0x00000000c2800000| Untracked 
|  41|0x00000000c2900000, 0x00000000c2900000, 0x00000000c2a00000|  0%| F|  |TAMS 0x00000000c2900000| PB 0x00000000c2900000| Untracked 
|  42|0x00000000c2a00000, 0x00000000c2a00000, 0x00000000c2b00000|  0%| F|  |TAMS 0x00000000c2a00000| PB 0x00000000c2a00000| Untracked 
|  43|0x00000000c2b00000, 0x00000000c2b00000, 0x00000000c2c00000|  0%| F|  |TAMS 0x00000000c2b00000| PB 0x00000000c2b00000| Untracked 
|  44|0x00000000c2c00000, 0x00000000c2c00000, 0x00000000c2d00000|  0%| F|  |TAMS 0x00000000c2c00000| PB 0x00000000c2c00000| Untracked 
|  45|0x00000000c2d00000, 0x00000000c2d00000, 0x00000000c2e00000|  0%| F|  |TAMS 0x00000000c2d00000| PB 0x00000000c2d00000| Untracked 
|  46|0x00000000c2e00000, 0x00000000c2e00000, 0x00000000c2f00000|  0%| F|  |TAMS 0x00000000c2e00000| PB 0x00000000c2e00000| Untracked 
|  47|0x00000000c2f00000, 0x00000000c2f00000, 0x00000000c3000000|  0%| F|  |TAMS 0x00000000c2f00000| PB 0x00000000c2f00000| Untracked 
|  48|0x00000000c3000000, 0x00000000c3000000, 0x00000000c3100000|  0%| F|  |TAMS 0x00000000c3000000| PB 0x00000000c3000000| Untracked 
|  49|0x00000000c3100000, 0x00000000c3100000, 0x00000000c3200000|  0%| F|  |TAMS 0x00000000c3100000| PB 0x00000000c3100000| Untracked 
|  50|0x00000000c3200000, 0x00000000c3200000, 0x00000000c3300000|  0%| F|  |TAMS 0x00000000c3200000| PB 0x00000000c3200000| Untracked 
|  51|0x00000000c3300000, 0x00000000c3300000, 0x00000000c3400000|  0%| F|  |TAMS 0x00000000c3300000| PB 0x00000000c3300000| Untracked 
|  52|0x00000000c3400000, 0x00000000c3400000, 0x00000000c3500000|  0%| F|  |TAMS 0x00000000c3400000| PB 0x00000000c3400000| Untracked 
|  53|0x00000000c3500000, 0x00000000c3500000, 0x00000000c3600000|  0%| F|  |TAMS 0x00000000c3500000| PB 0x00000000c3500000| Untracked 
|  54|0x00000000c3600000, 0x00000000c3600000, 0x00000000c3700000|  0%| F|  |TAMS 0x00000000c3600000| PB 0x00000000c3600000| Untracked 
|  55|0x00000000c3700000, 0x00000000c3700000, 0x00000000c3800000|  0%| F|  |TAMS 0x00000000c3700000| PB 0x00000000c3700000| Untracked 
|  56|0x00000000c3800000, 0x00000000c3800000, 0x00000000c3900000|  0%| F|  |TAMS 0x00000000c3800000| PB 0x00000000c3800000| Untracked 
|  57|0x00000000c3900000, 0x00000000c3900000, 0x00000000c3a00000|  0%| F|  |TAMS 0x00000000c3900000| PB 0x00000000c3900000| Untracked 
|  58|0x00000000c3a00000, 0x00000000c3a00000, 0x00000000c3b00000|  0%| F|  |TAMS 0x00000000c3a00000| PB 0x00000000c3a00000| Untracked 
|  59|0x00000000c3b00000, 0x00000000c3b00000, 0x00000000c3c00000|  0%| F|  |TAMS 0x00000000c3b00000| PB 0x00000000c3b00000| Untracked 
|  60|0x00000000c3c00000, 0x00000000c3c00000, 0x00000000c3d00000|  0%| F|  |TAMS 0x00000000c3c00000| PB 0x00000000c3c00000| Untracked 
|  61|0x00000000c3d00000, 0x00000000c3d00000, 0x00000000c3e00000|  0%| F|  |TAMS 0x00000000c3d00000| PB 0x00000000c3d00000| Untracked 
|  62|0x00000000c3e00000, 0x00000000c3e00000, 0x00000000c3f00000|  0%| F|  |TAMS 0x00000000c3e00000| PB 0x00000000c3e00000| Untracked 
|  63|0x00000000c3f00000, 0x00000000c3f00000, 0x00000000c4000000|  0%| F|  |TAMS 0x00000000c3f00000| PB 0x00000000c3f00000| Untracked 
|  64|0x00000000c4000000, 0x00000000c4000000, 0x00000000c4100000|  0%| F|  |TAMS 0x00000000c4000000| PB 0x00000000c4000000| Untracked 
|  65|0x00000000c4100000, 0x00000000c4100000, 0x00000000c4200000|  0%| F|  |TAMS 0x00000000c4100000| PB 0x00000000c4100000| Untracked 
|  66|0x00000000c4200000, 0x00000000c4200000, 0x00000000c4300000|  0%| F|  |TAMS 0x00000000c4200000| PB 0x00000000c4200000| Untracked 
|  67|0x00000000c4300000, 0x00000000c4300000, 0x00000000c4400000|  0%| F|  |TAMS 0x00000000c4300000| PB 0x00000000c4300000| Untracked 
|  68|0x00000000c4400000, 0x00000000c4400000, 0x00000000c4500000|  0%| F|  |TAMS 0x00000000c4400000| PB 0x00000000c4400000| Untracked 
|  69|0x00000000c4500000, 0x00000000c4500000, 0x00000000c4600000|  0%| F|  |TAMS 0x00000000c4500000| PB 0x00000000c4500000| Untracked 
|  70|0x00000000c4600000, 0x00000000c4600000, 0x00000000c4700000|  0%| F|  |TAMS 0x00000000c4600000| PB 0x00000000c4600000| Untracked 
|  71|0x00000000c4700000, 0x00000000c4700000, 0x00000000c4800000|  0%| F|  |TAMS 0x00000000c4700000| PB 0x00000000c4700000| Untracked 
|  72|0x00000000c4800000, 0x00000000c4800000, 0x00000000c4900000|  0%| F|  |TAMS 0x00000000c4800000| PB 0x00000000c4800000| Untracked 
|  73|0x00000000c4900000, 0x00000000c4900000, 0x00000000c4a00000|  0%| F|  |TAMS 0x00000000c4900000| PB 0x00000000c4900000| Untracked 
|  74|0x00000000c4a00000, 0x00000000c4a00000, 0x00000000c4b00000|  0%| F|  |TAMS 0x00000000c4a00000| PB 0x00000000c4a00000| Untracked 
|  75|0x00000000c4b00000, 0x00000000c4b00000, 0x00000000c4c00000|  0%| F|  |TAMS 0x00000000c4b00000| PB 0x00000000c4b00000| Untracked 
|  76|0x00000000c4c00000, 0x00000000c4c00000, 0x00000000c4d00000|  0%| F|  |TAMS 0x00000000c4c00000| PB 0x00000000c4c00000| Untracked 
|  77|0x00000000c4d00000, 0x00000000c4d00000, 0x00000000c4e00000|  0%| F|  |TAMS 0x00000000c4d00000| PB 0x00000000c4d00000| Untracked 
|  78|0x00000000c4e00000, 0x00000000c4e00000, 0x00000000c4f00000|  0%| F|  |TAMS 0x00000000c4e00000| PB 0x00000000c4e00000| Untracked 
|  79|0x00000000c4f00000, 0x00000000c4f00000, 0x00000000c5000000|  0%| F|  |TAMS 0x00000000c4f00000| PB 0x00000000c4f00000| Untracked 
|  80|0x00000000c5000000, 0x00000000c5000000, 0x00000000c5100000|  0%| F|  |TAMS 0x00000000c5000000| PB 0x00000000c5000000| Untracked 
|  81|0x00000000c5100000, 0x00000000c5100000, 0x00000000c5200000|  0%| F|  |TAMS 0x00000000c5100000| PB 0x00000000c5100000| Untracked 
|  82|0x00000000c5200000, 0x00000000c5200000, 0x00000000c5300000|  0%| F|  |TAMS 0x00000000c5200000| PB 0x00000000c5200000| Untracked 
|  83|0x00000000c5300000, 0x00000000c5300000, 0x00000000c5400000|  0%| F|  |TAMS 0x00000000c5300000| PB 0x00000000c5300000| Untracked 
|  84|0x00000000c5400000, 0x00000000c5400000, 0x00000000c5500000|  0%| F|  |TAMS 0x00000000c5400000| PB 0x00000000c5400000| Untracked 
|  85|0x00000000c5500000, 0x00000000c5500000, 0x00000000c5600000|  0%| F|  |TAMS 0x00000000c5500000| PB 0x00000000c5500000| Untracked 
|  86|0x00000000c5600000, 0x00000000c5600000, 0x00000000c5700000|  0%| F|  |TAMS 0x00000000c5600000| PB 0x00000000c5600000| Untracked 
|  87|0x00000000c5700000, 0x00000000c5700000, 0x00000000c5800000|  0%| F|  |TAMS 0x00000000c5700000| PB 0x00000000c5700000| Untracked 
|  88|0x00000000c5800000, 0x00000000c5800000, 0x00000000c5900000|  0%| F|  |TAMS 0x00000000c5800000| PB 0x00000000c5800000| Untracked 
|  89|0x00000000c5900000, 0x00000000c5900000, 0x00000000c5a00000|  0%| F|  |TAMS 0x00000000c5900000| PB 0x00000000c5900000| Untracked 
|  90|0x00000000c5a00000, 0x00000000c5a00000, 0x00000000c5b00000|  0%| F|  |TAMS 0x00000000c5a00000| PB 0x00000000c5a00000| Untracked 
|  91|0x00000000c5b00000, 0x00000000c5b00000, 0x00000000c5c00000|  0%| F|  |TAMS 0x00000000c5b00000| PB 0x00000000c5b00000| Untracked 
|  92|0x00000000c5c00000, 0x00000000c5c00000, 0x00000000c5d00000|  0%| F|  |TAMS 0x00000000c5c00000| PB 0x00000000c5c00000| Untracked 
|  93|0x00000000c5d00000, 0x00000000c5d00000, 0x00000000c5e00000|  0%| F|  |TAMS 0x00000000c5d00000| PB 0x00000000c5d00000| Untracked 
|  94|0x00000000c5e00000, 0x00000000c5e00000, 0x00000000c5f00000|  0%| F|  |TAMS 0x00000000c5e00000| PB 0x00000000c5e00000| Untracked 
|  95|0x00000000c5f00000, 0x00000000c5f00000, 0x00000000c6000000|  0%| F|  |TAMS 0x00000000c5f00000| PB 0x00000000c5f00000| Untracked 
|  96|0x00000000c6000000, 0x00000000c6000000, 0x00000000c6100000|  0%| F|  |TAMS 0x00000000c6000000| PB 0x00000000c6000000| Untracked 
|  97|0x00000000c6100000, 0x00000000c6100000, 0x00000000c6200000|  0%| F|  |TAMS 0x00000000c6100000| PB 0x00000000c6100000| Untracked 
|  98|0x00000000c6200000, 0x00000000c6200000, 0x00000000c6300000|  0%| F|  |TAMS 0x00000000c6200000| PB 0x00000000c6200000| Untracked 
|  99|0x00000000c6300000, 0x00000000c6300000, 0x00000000c6400000|  0%| F|  |TAMS 0x00000000c6300000| PB 0x00000000c6300000| Untracked 
| 100|0x00000000c6400000, 0x00000000c6400000, 0x00000000c6500000|  0%| F|  |TAMS 0x00000000c6400000| PB 0x00000000c6400000| Untracked 
| 101|0x00000000c6500000, 0x00000000c6500000, 0x00000000c6600000|  0%| F|  |TAMS 0x00000000c6500000| PB 0x00000000c6500000| Untracked 
| 102|0x00000000c6600000, 0x00000000c6600000, 0x00000000c6700000|  0%| F|  |TAMS 0x00000000c6600000| PB 0x00000000c6600000| Untracked 
| 103|0x00000000c6700000, 0x00000000c6700000, 0x00000000c6800000|  0%| F|  |TAMS 0x00000000c6700000| PB 0x00000000c6700000| Untracked 
| 104|0x00000000c6800000, 0x00000000c6800000, 0x00000000c6900000|  0%| F|  |TAMS 0x00000000c6800000| PB 0x00000000c6800000| Untracked 
| 105|0x00000000c6900000, 0x00000000c6900000, 0x00000000c6a00000|  0%| F|  |TAMS 0x00000000c6900000| PB 0x00000000c6900000| Untracked 
| 106|0x00000000c6a00000, 0x00000000c6a00000, 0x00000000c6b00000|  0%| F|  |TAMS 0x00000000c6a00000| PB 0x00000000c6a00000| Untracked 
| 107|0x00000000c6b00000, 0x00000000c6b00000, 0x00000000c6c00000|  0%| F|  |TAMS 0x00000000c6b00000| PB 0x00000000c6b00000| Untracked 
| 108|0x00000000c6c00000, 0x00000000c6c00000, 0x00000000c6d00000|  0%| F|  |TAMS 0x00000000c6c00000| PB 0x00000000c6c00000| Untracked 
| 109|0x00000000c6d00000, 0x00000000c6d00000, 0x00000000c6e00000|  0%| F|  |TAMS 0x00000000c6d00000| PB 0x00000000c6d00000| Untracked 
| 110|0x00000000c6e00000, 0x00000000c6e00000, 0x00000000c6f00000|  0%| F|  |TAMS 0x00000000c6e00000| PB 0x00000000c6e00000| Untracked 
| 111|0x00000000c6f00000, 0x00000000c6f00000, 0x00000000c7000000|  0%| F|  |TAMS 0x00000000c6f00000| PB 0x00000000c6f00000| Untracked 
| 112|0x00000000c7000000, 0x00000000c7000000, 0x00000000c7100000|  0%| F|  |TAMS 0x00000000c7000000| PB 0x00000000c7000000| Untracked 
| 113|0x00000000c7100000, 0x00000000c7100000, 0x00000000c7200000|  0%| F|  |TAMS 0x00000000c7100000| PB 0x00000000c7100000| Untracked 
| 114|0x00000000c7200000, 0x00000000c7200000, 0x00000000c7300000|  0%| F|  |TAMS 0x00000000c7200000| PB 0x00000000c7200000| Untracked 
| 115|0x00000000c7300000, 0x00000000c7300000, 0x00000000c7400000|  0%| F|  |TAMS 0x00000000c7300000| PB 0x00000000c7300000| Untracked 
| 116|0x00000000c7400000, 0x00000000c7400000, 0x00000000c7500000|  0%| F|  |TAMS 0x00000000c7400000| PB 0x00000000c7400000| Untracked 
| 117|0x00000000c7500000, 0x00000000c7500000, 0x00000000c7600000|  0%| F|  |TAMS 0x00000000c7500000| PB 0x00000000c7500000| Untracked 
| 118|0x00000000c7600000, 0x00000000c7600000, 0x00000000c7700000|  0%| F|  |TAMS 0x00000000c7600000| PB 0x00000000c7600000| Untracked 
| 119|0x00000000c7700000, 0x00000000c7700000, 0x00000000c7800000|  0%| F|  |TAMS 0x00000000c7700000| PB 0x00000000c7700000| Untracked 
| 120|0x00000000c7800000, 0x00000000c7800000, 0x00000000c7900000|  0%| F|  |TAMS 0x00000000c7800000| PB 0x00000000c7800000| Untracked 
| 121|0x00000000c7900000, 0x00000000c7900000, 0x00000000c7a00000|  0%| F|  |TAMS 0x00000000c7900000| PB 0x00000000c7900000| Untracked 
| 122|0x00000000c7a00000, 0x00000000c7a00000, 0x00000000c7b00000|  0%| F|  |TAMS 0x00000000c7a00000| PB 0x00000000c7a00000| Untracked 
| 123|0x00000000c7b00000, 0x00000000c7b00000, 0x00000000c7c00000|  0%| F|  |TAMS 0x00000000c7b00000| PB 0x00000000c7b00000| Untracked 
| 124|0x00000000c7c00000, 0x00000000c7c00000, 0x00000000c7d00000|  0%| F|  |TAMS 0x00000000c7c00000| PB 0x00000000c7c00000| Untracked 
| 125|0x00000000c7d00000, 0x00000000c7d00000, 0x00000000c7e00000|  0%| F|  |TAMS 0x00000000c7d00000| PB 0x00000000c7d00000| Untracked 
| 126|0x00000000c7e00000, 0x00000000c7e00000, 0x00000000c7f00000|  0%| F|  |TAMS 0x00000000c7e00000| PB 0x00000000c7e00000| Untracked 
| 127|0x00000000c7f00000, 0x00000000c7f00000, 0x00000000c8000000|  0%| F|  |TAMS 0x00000000c7f00000| PB 0x00000000c7f00000| Untracked 
| 128|0x00000000c8000000, 0x00000000c8000000, 0x00000000c8100000|  0%| F|  |TAMS 0x00000000c8000000| PB 0x00000000c8000000| Untracked 
| 129|0x00000000c8100000, 0x00000000c8100000, 0x00000000c8200000|  0%| F|  |TAMS 0x00000000c8100000| PB 0x00000000c8100000| Untracked 
| 130|0x00000000c8200000, 0x00000000c8200000, 0x00000000c8300000|  0%| F|  |TAMS 0x00000000c8200000| PB 0x00000000c8200000| Untracked 
| 131|0x00000000c8300000, 0x00000000c8300000, 0x00000000c8400000|  0%| F|  |TAMS 0x00000000c8300000| PB 0x00000000c8300000| Untracked 
| 132|0x00000000c8400000, 0x00000000c8400000, 0x00000000c8500000|  0%| F|  |TAMS 0x00000000c8400000| PB 0x00000000c8400000| Untracked 
| 133|0x00000000c8500000, 0x00000000c8500000, 0x00000000c8600000|  0%| F|  |TAMS 0x00000000c8500000| PB 0x00000000c8500000| Untracked 
| 134|0x00000000c8600000, 0x00000000c8600000, 0x00000000c8700000|  0%| F|  |TAMS 0x00000000c8600000| PB 0x00000000c8600000| Untracked 
| 135|0x00000000c8700000, 0x00000000c8700000, 0x00000000c8800000|  0%| F|  |TAMS 0x00000000c8700000| PB 0x00000000c8700000| Untracked 
| 136|0x00000000c8800000, 0x00000000c8800000, 0x00000000c8900000|  0%| F|  |TAMS 0x00000000c8800000| PB 0x00000000c8800000| Untracked 
| 137|0x00000000c8900000, 0x00000000c8900000, 0x00000000c8a00000|  0%| F|  |TAMS 0x00000000c8900000| PB 0x00000000c8900000| Untracked 
| 138|0x00000000c8a00000, 0x00000000c8a00000, 0x00000000c8b00000|  0%| F|  |TAMS 0x00000000c8a00000| PB 0x00000000c8a00000| Untracked 
| 139|0x00000000c8b00000, 0x00000000c8b00000, 0x00000000c8c00000|  0%| F|  |TAMS 0x00000000c8b00000| PB 0x00000000c8b00000| Untracked 
| 140|0x00000000c8c00000, 0x00000000c8c00000, 0x00000000c8d00000|  0%| F|  |TAMS 0x00000000c8c00000| PB 0x00000000c8c00000| Untracked 
| 141|0x00000000c8d00000, 0x00000000c8d00000, 0x00000000c8e00000|  0%| F|  |TAMS 0x00000000c8d00000| PB 0x00000000c8d00000| Untracked 
| 142|0x00000000c8e00000, 0x00000000c8e00000, 0x00000000c8f00000|  0%| F|  |TAMS 0x00000000c8e00000| PB 0x00000000c8e00000| Untracked 
| 143|0x00000000c8f00000, 0x00000000c8f00000, 0x00000000c9000000|  0%| F|  |TAMS 0x00000000c8f00000| PB 0x00000000c8f00000| Untracked 
| 144|0x00000000c9000000, 0x00000000c9000000, 0x00000000c9100000|  0%| F|  |TAMS 0x00000000c9000000| PB 0x00000000c9000000| Untracked 
| 145|0x00000000c9100000, 0x00000000c9100000, 0x00000000c9200000|  0%| F|  |TAMS 0x00000000c9100000| PB 0x00000000c9100000| Untracked 
| 146|0x00000000c9200000, 0x00000000c9200000, 0x00000000c9300000|  0%| F|  |TAMS 0x00000000c9200000| PB 0x00000000c9200000| Untracked 
| 147|0x00000000c9300000, 0x00000000c9300000, 0x00000000c9400000|  0%| F|  |TAMS 0x00000000c9300000| PB 0x00000000c9300000| Untracked 
| 148|0x00000000c9400000, 0x00000000c9400000, 0x00000000c9500000|  0%| F|  |TAMS 0x00000000c9400000| PB 0x00000000c9400000| Untracked 
| 149|0x00000000c9500000, 0x00000000c9500000, 0x00000000c9600000|  0%| F|  |TAMS 0x00000000c9500000| PB 0x00000000c9500000| Untracked 
| 150|0x00000000c9600000, 0x00000000c9600000, 0x00000000c9700000|  0%| F|  |TAMS 0x00000000c9600000| PB 0x00000000c9600000| Untracked 
| 151|0x00000000c9700000, 0x00000000c9700000, 0x00000000c9800000|  0%| F|  |TAMS 0x00000000c9700000| PB 0x00000000c9700000| Untracked 
| 152|0x00000000c9800000, 0x00000000c9800000, 0x00000000c9900000|  0%| F|  |TAMS 0x00000000c9800000| PB 0x00000000c9800000| Untracked 
| 153|0x00000000c9900000, 0x00000000c9900000, 0x00000000c9a00000|  0%| F|  |TAMS 0x00000000c9900000| PB 0x00000000c9900000| Untracked 
| 154|0x00000000c9a00000, 0x00000000c9a00000, 0x00000000c9b00000|  0%| F|  |TAMS 0x00000000c9a00000| PB 0x00000000c9a00000| Untracked 
| 155|0x00000000c9b00000, 0x00000000c9b00000, 0x00000000c9c00000|  0%| F|  |TAMS 0x00000000c9b00000| PB 0x00000000c9b00000| Untracked 
| 156|0x00000000c9c00000, 0x00000000c9c00000, 0x00000000c9d00000|  0%| F|  |TAMS 0x00000000c9c00000| PB 0x00000000c9c00000| Untracked 
| 157|0x00000000c9d00000, 0x00000000c9d00000, 0x00000000c9e00000|  0%| F|  |TAMS 0x00000000c9d00000| PB 0x00000000c9d00000| Untracked 
| 158|0x00000000c9e00000, 0x00000000c9e00000, 0x00000000c9f00000|  0%| F|  |TAMS 0x00000000c9e00000| PB 0x00000000c9e00000| Untracked 
| 159|0x00000000c9f00000, 0x00000000c9f00000, 0x00000000ca000000|  0%| F|  |TAMS 0x00000000c9f00000| PB 0x00000000c9f00000| Untracked 
| 160|0x00000000ca000000, 0x00000000ca000000, 0x00000000ca100000|  0%| F|  |TAMS 0x00000000ca000000| PB 0x00000000ca000000| Untracked 
| 161|0x00000000ca100000, 0x00000000ca100000, 0x00000000ca200000|  0%| F|  |TAMS 0x00000000ca100000| PB 0x00000000ca100000| Untracked 
| 162|0x00000000ca200000, 0x00000000ca200000, 0x00000000ca300000|  0%| F|  |TAMS 0x00000000ca200000| PB 0x00000000ca200000| Untracked 
| 163|0x00000000ca300000, 0x00000000ca300000, 0x00000000ca400000|  0%| F|  |TAMS 0x00000000ca300000| PB 0x00000000ca300000| Untracked 
| 164|0x00000000ca400000, 0x00000000ca400000, 0x00000000ca500000|  0%| F|  |TAMS 0x00000000ca400000| PB 0x00000000ca400000| Untracked 
| 165|0x00000000ca500000, 0x00000000ca500000, 0x00000000ca600000|  0%| F|  |TAMS 0x00000000ca500000| PB 0x00000000ca500000| Untracked 
| 166|0x00000000ca600000, 0x00000000ca600000, 0x00000000ca700000|  0%| F|  |TAMS 0x00000000ca600000| PB 0x00000000ca600000| Untracked 
| 167|0x00000000ca700000, 0x00000000ca700000, 0x00000000ca800000|  0%| F|  |TAMS 0x00000000ca700000| PB 0x00000000ca700000| Untracked 
| 168|0x00000000ca800000, 0x00000000ca800000, 0x00000000ca900000|  0%| F|  |TAMS 0x00000000ca800000| PB 0x00000000ca800000| Untracked 
| 169|0x00000000ca900000, 0x00000000ca900000, 0x00000000caa00000|  0%| F|  |TAMS 0x00000000ca900000| PB 0x00000000ca900000| Untracked 
| 170|0x00000000caa00000, 0x00000000caa00000, 0x00000000cab00000|  0%| F|  |TAMS 0x00000000caa00000| PB 0x00000000caa00000| Untracked 
| 171|0x00000000cab00000, 0x00000000cab00000, 0x00000000cac00000|  0%| F|  |TAMS 0x00000000cab00000| PB 0x00000000cab00000| Untracked 
| 172|0x00000000cac00000, 0x00000000cac00000, 0x00000000cad00000|  0%| F|  |TAMS 0x00000000cac00000| PB 0x00000000cac00000| Untracked 
| 173|0x00000000cad00000, 0x00000000cad00000, 0x00000000cae00000|  0%| F|  |TAMS 0x00000000cad00000| PB 0x00000000cad00000| Untracked 
| 174|0x00000000cae00000, 0x00000000cae00000, 0x00000000caf00000|  0%| F|  |TAMS 0x00000000cae00000| PB 0x00000000cae00000| Untracked 
| 175|0x00000000caf00000, 0x00000000caf00000, 0x00000000cb000000|  0%| F|  |TAMS 0x00000000caf00000| PB 0x00000000caf00000| Untracked 
| 176|0x00000000cb000000, 0x00000000cb000000, 0x00000000cb100000|  0%| F|  |TAMS 0x00000000cb000000| PB 0x00000000cb000000| Untracked 
| 177|0x00000000cb100000, 0x00000000cb100000, 0x00000000cb200000|  0%| F|  |TAMS 0x00000000cb100000| PB 0x00000000cb100000| Untracked 
| 178|0x00000000cb200000, 0x00000000cb200000, 0x00000000cb300000|  0%| F|  |TAMS 0x00000000cb200000| PB 0x00000000cb200000| Untracked 
| 179|0x00000000cb300000, 0x00000000cb300000, 0x00000000cb400000|  0%| F|  |TAMS 0x00000000cb300000| PB 0x00000000cb300000| Untracked 
| 180|0x00000000cb400000, 0x00000000cb400000, 0x00000000cb500000|  0%| F|  |TAMS 0x00000000cb400000| PB 0x00000000cb400000| Untracked 
| 181|0x00000000cb500000, 0x00000000cb500000, 0x00000000cb600000|  0%| F|  |TAMS 0x00000000cb500000| PB 0x00000000cb500000| Untracked 
| 182|0x00000000cb600000, 0x00000000cb600000, 0x00000000cb700000|  0%| F|  |TAMS 0x00000000cb600000| PB 0x00000000cb600000| Untracked 
| 183|0x00000000cb700000, 0x00000000cb700000, 0x00000000cb800000|  0%| F|  |TAMS 0x00000000cb700000| PB 0x00000000cb700000| Untracked 
| 184|0x00000000cb800000, 0x00000000cb800000, 0x00000000cb900000|  0%| F|  |TAMS 0x00000000cb800000| PB 0x00000000cb800000| Untracked 
| 185|0x00000000cb900000, 0x00000000cb900000, 0x00000000cba00000|  0%| F|  |TAMS 0x00000000cb900000| PB 0x00000000cb900000| Untracked 
| 186|0x00000000cba00000, 0x00000000cba00000, 0x00000000cbb00000|  0%| F|  |TAMS 0x00000000cba00000| PB 0x00000000cba00000| Untracked 
| 187|0x00000000cbb00000, 0x00000000cbb00000, 0x00000000cbc00000|  0%| F|  |TAMS 0x00000000cbb00000| PB 0x00000000cbb00000| Untracked 
| 188|0x00000000cbc00000, 0x00000000cbc00000, 0x00000000cbd00000|  0%| F|  |TAMS 0x00000000cbc00000| PB 0x00000000cbc00000| Untracked 
| 189|0x00000000cbd00000, 0x00000000cbd00000, 0x00000000cbe00000|  0%| F|  |TAMS 0x00000000cbd00000| PB 0x00000000cbd00000| Untracked 
| 190|0x00000000cbe00000, 0x00000000cbe00000, 0x00000000cbf00000|  0%| F|  |TAMS 0x00000000cbe00000| PB 0x00000000cbe00000| Untracked 
| 191|0x00000000cbf00000, 0x00000000cbf00000, 0x00000000cc000000|  0%| F|  |TAMS 0x00000000cbf00000| PB 0x00000000cbf00000| Untracked 
| 192|0x00000000cc000000, 0x00000000cc000000, 0x00000000cc100000|  0%| F|  |TAMS 0x00000000cc000000| PB 0x00000000cc000000| Untracked 
| 193|0x00000000cc100000, 0x00000000cc100000, 0x00000000cc200000|  0%| F|  |TAMS 0x00000000cc100000| PB 0x00000000cc100000| Untracked 
| 194|0x00000000cc200000, 0x00000000cc200000, 0x00000000cc300000|  0%| F|  |TAMS 0x00000000cc200000| PB 0x00000000cc200000| Untracked 
| 195|0x00000000cc300000, 0x00000000cc300000, 0x00000000cc400000|  0%| F|  |TAMS 0x00000000cc300000| PB 0x00000000cc300000| Untracked 
| 196|0x00000000cc400000, 0x00000000cc400000, 0x00000000cc500000|  0%| F|  |TAMS 0x00000000cc400000| PB 0x00000000cc400000| Untracked 
| 197|0x00000000cc500000, 0x00000000cc500000, 0x00000000cc600000|  0%| F|  |TAMS 0x00000000cc500000| PB 0x00000000cc500000| Untracked 
| 198|0x00000000cc600000, 0x00000000cc600000, 0x00000000cc700000|  0%| F|  |TAMS 0x00000000cc600000| PB 0x00000000cc600000| Untracked 
| 199|0x00000000cc700000, 0x00000000cc700000, 0x00000000cc800000|  0%| F|  |TAMS 0x00000000cc700000| PB 0x00000000cc700000| Untracked 
| 200|0x00000000cc800000, 0x00000000cc800000, 0x00000000cc900000|  0%| F|  |TAMS 0x00000000cc800000| PB 0x00000000cc800000| Untracked 
| 201|0x00000000cc900000, 0x00000000cc900000, 0x00000000cca00000|  0%| F|  |TAMS 0x00000000cc900000| PB 0x00000000cc900000| Untracked 
| 202|0x00000000cca00000, 0x00000000cca00000, 0x00000000ccb00000|  0%| F|  |TAMS 0x00000000cca00000| PB 0x00000000cca00000| Untracked 
| 203|0x00000000ccb00000, 0x00000000ccb00000, 0x00000000ccc00000|  0%| F|  |TAMS 0x00000000ccb00000| PB 0x00000000ccb00000| Untracked 
| 204|0x00000000ccc00000, 0x00000000ccc00000, 0x00000000ccd00000|  0%| F|  |TAMS 0x00000000ccc00000| PB 0x00000000ccc00000| Untracked 
| 205|0x00000000ccd00000, 0x00000000ccd00000, 0x00000000cce00000|  0%| F|  |TAMS 0x00000000ccd00000| PB 0x00000000ccd00000| Untracked 
| 206|0x00000000cce00000, 0x00000000cce00000, 0x00000000ccf00000|  0%| F|  |TAMS 0x00000000cce00000| PB 0x00000000cce00000| Untracked 
| 207|0x00000000ccf00000, 0x00000000ccf00000, 0x00000000cd000000|  0%| F|  |TAMS 0x00000000ccf00000| PB 0x00000000ccf00000| Untracked 
| 208|0x00000000cd000000, 0x00000000cd000000, 0x00000000cd100000|  0%| F|  |TAMS 0x00000000cd000000| PB 0x00000000cd000000| Untracked 
| 209|0x00000000cd100000, 0x00000000cd100000, 0x00000000cd200000|  0%| F|  |TAMS 0x00000000cd100000| PB 0x00000000cd100000| Untracked 
| 210|0x00000000cd200000, 0x00000000cd200000, 0x00000000cd300000|  0%| F|  |TAMS 0x00000000cd200000| PB 0x00000000cd200000| Untracked 
| 211|0x00000000cd300000, 0x00000000cd300000, 0x00000000cd400000|  0%| F|  |TAMS 0x00000000cd300000| PB 0x00000000cd300000| Untracked 
| 212|0x00000000cd400000, 0x00000000cd400000, 0x00000000cd500000|  0%| F|  |TAMS 0x00000000cd400000| PB 0x00000000cd400000| Untracked 
| 213|0x00000000cd500000, 0x00000000cd500000, 0x00000000cd600000|  0%| F|  |TAMS 0x00000000cd500000| PB 0x00000000cd500000| Untracked 
| 214|0x00000000cd600000, 0x00000000cd600000, 0x00000000cd700000|  0%| F|  |TAMS 0x00000000cd600000| PB 0x00000000cd600000| Untracked 
| 215|0x00000000cd700000, 0x00000000cd700000, 0x00000000cd800000|  0%| F|  |TAMS 0x00000000cd700000| PB 0x00000000cd700000| Untracked 
| 216|0x00000000cd800000, 0x00000000cd800000, 0x00000000cd900000|  0%| F|  |TAMS 0x00000000cd800000| PB 0x00000000cd800000| Untracked 
| 217|0x00000000cd900000, 0x00000000cd900000, 0x00000000cda00000|  0%| F|  |TAMS 0x00000000cd900000| PB 0x00000000cd900000| Untracked 
| 218|0x00000000cda00000, 0x00000000cda00000, 0x00000000cdb00000|  0%| F|  |TAMS 0x00000000cda00000| PB 0x00000000cda00000| Untracked 
| 219|0x00000000cdb00000, 0x00000000cdb00000, 0x00000000cdc00000|  0%| F|  |TAMS 0x00000000cdb00000| PB 0x00000000cdb00000| Untracked 
| 220|0x00000000cdc00000, 0x00000000cdc00000, 0x00000000cdd00000|  0%| F|  |TAMS 0x00000000cdc00000| PB 0x00000000cdc00000| Untracked 
| 221|0x00000000cdd00000, 0x00000000cdd00000, 0x00000000cde00000|  0%| F|  |TAMS 0x00000000cdd00000| PB 0x00000000cdd00000| Untracked 
| 222|0x00000000cde00000, 0x00000000cde00000, 0x00000000cdf00000|  0%| F|  |TAMS 0x00000000cde00000| PB 0x00000000cde00000| Untracked 
| 223|0x00000000cdf00000, 0x00000000cdf00000, 0x00000000ce000000|  0%| F|  |TAMS 0x00000000cdf00000| PB 0x00000000cdf00000| Untracked 
| 224|0x00000000ce000000, 0x00000000ce000000, 0x00000000ce100000|  0%| F|  |TAMS 0x00000000ce000000| PB 0x00000000ce000000| Untracked 
| 225|0x00000000ce100000, 0x00000000ce100000, 0x00000000ce200000|  0%| F|  |TAMS 0x00000000ce100000| PB 0x00000000ce100000| Untracked 
| 226|0x00000000ce200000, 0x00000000ce200000, 0x00000000ce300000|  0%| F|  |TAMS 0x00000000ce200000| PB 0x00000000ce200000| Untracked 
| 227|0x00000000ce300000, 0x00000000ce300000, 0x00000000ce400000|  0%| F|  |TAMS 0x00000000ce300000| PB 0x00000000ce300000| Untracked 
| 228|0x00000000ce400000, 0x00000000ce400000, 0x00000000ce500000|  0%| F|  |TAMS 0x00000000ce400000| PB 0x00000000ce400000| Untracked 
| 229|0x00000000ce500000, 0x00000000ce500000, 0x00000000ce600000|  0%| F|  |TAMS 0x00000000ce500000| PB 0x00000000ce500000| Untracked 
| 230|0x00000000ce600000, 0x00000000ce600000, 0x00000000ce700000|  0%| F|  |TAMS 0x00000000ce600000| PB 0x00000000ce600000| Untracked 
| 231|0x00000000ce700000, 0x00000000ce700000, 0x00000000ce800000|  0%| F|  |TAMS 0x00000000ce700000| PB 0x00000000ce700000| Untracked 
| 232|0x00000000ce800000, 0x00000000ce800000, 0x00000000ce900000|  0%| F|  |TAMS 0x00000000ce800000| PB 0x00000000ce800000| Untracked 
| 233|0x00000000ce900000, 0x00000000ce900000, 0x00000000cea00000|  0%| F|  |TAMS 0x00000000ce900000| PB 0x00000000ce900000| Untracked 
| 234|0x00000000cea00000, 0x00000000cea00000, 0x00000000ceb00000|  0%| F|  |TAMS 0x00000000cea00000| PB 0x00000000cea00000| Untracked 
| 235|0x00000000ceb00000, 0x00000000ceb00000, 0x00000000cec00000|  0%| F|  |TAMS 0x00000000ceb00000| PB 0x00000000ceb00000| Untracked 
| 236|0x00000000cec00000, 0x00000000cec00000, 0x00000000ced00000|  0%| F|  |TAMS 0x00000000cec00000| PB 0x00000000cec00000| Untracked 
| 237|0x00000000ced00000, 0x00000000ced00000, 0x00000000cee00000|  0%| F|  |TAMS 0x00000000ced00000| PB 0x00000000ced00000| Untracked 
| 238|0x00000000cee00000, 0x00000000cee00000, 0x00000000cef00000|  0%| F|  |TAMS 0x00000000cee00000| PB 0x00000000cee00000| Untracked 
| 239|0x00000000cef00000, 0x00000000cef00000, 0x00000000cf000000|  0%| F|  |TAMS 0x00000000cef00000| PB 0x00000000cef00000| Untracked 
| 240|0x00000000cf000000, 0x00000000cf000000, 0x00000000cf100000|  0%| F|  |TAMS 0x00000000cf000000| PB 0x00000000cf000000| Untracked 
| 241|0x00000000cf100000, 0x00000000cf100000, 0x00000000cf200000|  0%| F|  |TAMS 0x00000000cf100000| PB 0x00000000cf100000| Untracked 
| 242|0x00000000cf200000, 0x00000000cf200000, 0x00000000cf300000|  0%| F|  |TAMS 0x00000000cf200000| PB 0x00000000cf200000| Untracked 
| 243|0x00000000cf300000, 0x00000000cf300000, 0x00000000cf400000|  0%| F|  |TAMS 0x00000000cf300000| PB 0x00000000cf300000| Untracked 
| 244|0x00000000cf400000, 0x00000000cf400000, 0x00000000cf500000|  0%| F|  |TAMS 0x00000000cf400000| PB 0x00000000cf400000| Untracked 
| 245|0x00000000cf500000, 0x00000000cf500000, 0x00000000cf600000|  0%| F|  |TAMS 0x00000000cf500000| PB 0x00000000cf500000| Untracked 
| 246|0x00000000cf600000, 0x00000000cf600000, 0x00000000cf700000|  0%| F|  |TAMS 0x00000000cf600000| PB 0x00000000cf600000| Untracked 
| 247|0x00000000cf700000, 0x00000000cf700000, 0x00000000cf800000|  0%| F|  |TAMS 0x00000000cf700000| PB 0x00000000cf700000| Untracked 
| 248|0x00000000cf800000, 0x00000000cf800000, 0x00000000cf900000|  0%| F|  |TAMS 0x00000000cf800000| PB 0x00000000cf800000| Untracked 
| 249|0x00000000cf900000, 0x00000000cf900000, 0x00000000cfa00000|  0%| F|  |TAMS 0x00000000cf900000| PB 0x00000000cf900000| Untracked 
| 250|0x00000000cfa00000, 0x00000000cfa00000, 0x00000000cfb00000|  0%| F|  |TAMS 0x00000000cfa00000| PB 0x00000000cfa00000| Untracked 
| 251|0x00000000cfb00000, 0x00000000cfb75c48, 0x00000000cfc00000| 46%| E|  |TAMS 0x00000000cfb00000| PB 0x00000000cfb00000| Complete 

Card table byte_map: [0x00000263aa410000,0x00000263aa610000] _byte_map_base: 0x00000263a9e10000

Marking Bits: (CMBitMap*) 0x00000263ffe16c30
 Bits: [0x00000263aa610000, 0x00000263ab610000)

Polling page: 0x00000263923c0000

Metaspace:

Usage:
  Non-class:      0 bytes used.
      Class:      0 bytes used.
       Both:      0 bytes used.

Virtual space:
  Non-class space:        0 bytes reserved,       0 bytes (  ?%) committed,  0 nodes.
      Class space:        1.00 GB reserved,       0 bytes (  0%) committed,  1 nodes.
             Both:        1.00 GB reserved,       0 bytes (  0%) committed. 

Chunk freelists:
   Non-Class:  0 bytes
       Class:  15.75 MB
        Both:  15.75 MB

MaxMetaspaceSize: unlimited
CompressedClassSpaceSize: 1.00 GB
Initial GC threshold: 21.00 MB
Current GC threshold: 17179869184.00 GB
CDS: on
 - commit_granule_bytes: 65536.
 - commit_granule_words: 8192.
 - virtual_space_node_default_size: 8388608.
 - enlarge_chunks_in_place: 1.
 - use_allocation_guard: 0.


Internal statistics:

num_allocs_failed_limit: 0.
num_arena_births: 2.
num_arena_deaths: 0.
num_vsnodes_births: 1.
num_vsnodes_deaths: 0.
num_space_committed: 0.
num_space_uncommitted: 0.
num_chunks_returned_to_freelist: 0.
num_chunks_taken_from_freelist: 1.
num_chunk_merges: 0.
num_chunk_splits: 1.
num_chunks_enlarged: 0.
num_inconsistent_stats: 0.

CodeHeap 'non-profiled nmethods': size=120000Kb used=0Kb max_used=0Kb free=120000Kb
 bounds [0x00000263a2270000, 0x00000263a24e0000, 0x00000263a97a0000]
CodeHeap 'profiled nmethods': size=120000Kb used=0Kb max_used=0Kb free=120000Kb
 bounds [0x000002639a7a0000, 0x000002639aa10000, 0x00000263a1cd0000]
CodeHeap 'non-nmethods': size=5760Kb used=246Kb max_used=352Kb free=5513Kb
 bounds [0x00000263a1cd0000, 0x00000263a1f40000, 0x00000263a2270000]
 total_blobs=71 nmethods=0 adapters=48
 compilation: enabled
              stopped_count=0, restarted_count=0
 full_count=0

Compilation events (0 events):
No events

GC Heap History (0 events):
No events

Dll operation events (1 events):
Event: 0.015 Loaded shared library C:\Program Files\Java\jdk-21\bin\java.dll

Deoptimization events (0 events):
No events

Classes loaded (0 events):
No events

Classes unloaded (0 events):
No events

Classes redefined (0 events):
No events

Internal exceptions (0 events):
No events

ZGC Phase Switch (0 events):
No events

VM Operations (0 events):
No events

Events (1 events):
Event: 0.045 Thread 0x00000263ffe144c0 Thread added: 0x00000263ffe144c0


Dynamic libraries:
0x00007ff755770000 - 0x00007ff75578a000 	C:\Python312\python.exe
0x00007ffdffe70000 - 0x00007ffe00087000 	C:\WINDOWS\SYSTEM32\ntdll.dll
0x00007ffdfddc0000 - 0x00007ffdfde84000 	C:\WINDOWS\System32\KERNEL32.DLL
0x00007ffdfd1a0000 - 0x00007ffdfd54d000 	C:\WINDOWS\System32\KERNELBASE.dll
0x00007ffdfd7e0000 - 0x00007ffdfd8f1000 	C:\WINDOWS\System32\ucrtbase.dll
0x00007ffdb7b00000 - 0x00007ffdb81a9000 	C:\Python312\python312.dll
0x00007ffde3880000 - 0x00007ffde389d000 	C:\Python312\VCRUNTIME140.dll
0x00007ffdffa40000 - 0x00007ffdffab1000 	C:\WINDOWS\System32\WS2_32.dll
0x00007ffdfe940000 - 0x00007ffdfea54000 	C:\WINDOWS\System32\RPCRT4.dll
0x00007ffdfd550000 - 0x00007ffdfd578000 	C:\WINDOWS\System32\bcrypt.dll
0x00007ffdff120000 - 0x00007ffdff1d2000 	C:\WINDOWS\System32\ADVAPI32.dll
0x00007ffdeec70000 - 0x00007ffdeec7a000 	C:\WINDOWS\SYSTEM32\VERSION.dll
0x00007ffdff950000 - 0x00007ffdff9f7000 	C:\WINDOWS\System32\msvcrt.dll
0x00007ffdff8a0000 - 0x00007ffdff949000 	C:\WINDOWS\System32\sechost.dll
0x00007ffdfd580000 - 0x00007ffdfd5fb000 	C:\WINDOWS\System32\bcryptprimitives.dll
0x00000263ec790000 - 0x00000263ec79f000 	C:\Python312\python3.DLL
0x00007ffde01f0000 - 0x00007ffde0206000 	C:\Python312\DLLs\_socket.pyd
0x00007ffdfbbf0000 - 0x00007ffdfbc1d000 	C:\WINDOWS\SYSTEM32\IPHLPAPI.DLL
0x00007ffdf3f40000 - 0x00007ffdf3f49000 	C:\Python312\DLLs\select.pyd
0x00007ffddfe90000 - 0x00007ffddfebd000 	C:\Python312\DLLs\_ssl.pyd
0x00007ffdfda40000 - 0x00007ffdfdba7000 	C:\WINDOWS\System32\CRYPT32.dll
0x00007ffdc8e80000 - 0x00007ffdc8f42000 	C:\Python312\DLLs\libssl-3.dll
0x00007ffdb6af0000 - 0x00007ffdb6fe9000 	C:\Python312\DLLs\libcrypto-3.dll
0x00007ffdff660000 - 0x00007ffdff80e000 	C:\WINDOWS\System32\USER32.dll
0x00007ffdfd900000 - 0x00007ffdfd926000 	C:\WINDOWS\System32\win32u.dll
0x00007ffdfe910000 - 0x00007ffdfe939000 	C:\WINDOWS\System32\GDI32.dll
0x00007ffdfd6c0000 - 0x00007ffdfd7d9000 	C:\WINDOWS\System32\gdi32full.dll
0x00007ffdfd9a0000 - 0x00007ffdfda3a000 	C:\WINDOWS\System32\msvcp_win.dll
0x00007ffdffa00000 - 0x00007ffdffa31000 	C:\WINDOWS\System32\IMM32.DLL
0x00007ffddbf50000 - 0x00007ffddbf62000 	C:\Python312\DLLs\_asyncio.pyd
0x00007ffde3870000 - 0x00007ffde387e000 	C:\Python312\DLLs\_overlapped.pyd
0x00007ffdfc5f0000 - 0x00007ffdfc659000 	C:\WINDOWS\system32\mswsock.dll
0x00007ffddbf30000 - 0x00007ffddbf46000 	C:\Python312\DLLs\_bz2.pyd
0x00007ffdd0710000 - 0x00007ffdd0739000 	C:\Python312\DLLs\_lzma.pyd
0x00007ffde0df0000 - 0x00007ffde0df9000 	C:\Python312\DLLs\_queue.pyd
0x00007ffdd0bf0000 - 0x00007ffdd0c10000 	C:\Python312\DLLs\_ctypes.pyd
0x00007ffdffac0000 - 0x00007ffdffc65000 	C:\WINDOWS\System32\ole32.dll
0x00007ffdfed90000 - 0x00007ffdff118000 	C:\WINDOWS\System32\combase.dll
0x00007ffdfebd0000 - 0x00007ffdfeca7000 	C:\WINDOWS\System32\OLEAUT32.dll
0x00007ffde08e0000 - 0x00007ffde08eb000 	C:\Python312\DLLs\libffi-8.dll
0x00007ffdfdea0000 - 0x00007ffdfe6ff000 	C:\WINDOWS\System32\shell32.DLL
0x00007ffddbdf0000 - 0x00007ffddbdfa000 	C:\Python312\DLLs\_wmi.pyd
0x00007ffdd06e0000 - 0x00007ffdd06ec000 	C:\Python312\VCRUNTIME140_1.dll
0x00007ffdf9710000 - 0x00007ffdf9810000 	C:\WINDOWS\SYSTEM32\PROPSYS.dll
0x00007ffdcff90000 - 0x00007ffdcff9a000 	C:\Python312\DLLs\_multiprocessing.pyd
0x00007ffdba6c0000 - 0x00007ffdba763000 	C:\Python312\Lib\site-packages\watchfiles\_rust_notify.cp312-win_amd64.pyd
0x00007ffdd06f0000 - 0x00007ffdd0701000 	C:\Python312\DLLs\_hashlib.pyd
0x00007ffdf3650000 - 0x00007ffdf3669000 	C:\Python312\Lib\site-packages\httptools\parser\parser.cp312-win_amd64.pyd
0x00007ffdf2c70000 - 0x00007ffdf2c7f000 	C:\Python312\Lib\site-packages\httptools\parser\url_parser.cp312-win_amd64.pyd
0x00007ffdf2c60000 - 0x00007ffdf2c68000 	C:\Python312\Lib\site-packages\websockets\speedups.cp312-win_amd64.pyd
0x00007ffddfe80000 - 0x00007ffddfe87000 	C:\Python312\DLLs\_uuid.pyd
0x00007ffdc9c40000 - 0x00007ffdc9c7e000 	C:\Python312\DLLs\_decimal.pyd
0x00007ffdd06d0000 - 0x00007ffdd06df000 	C:\Python312\Lib\site-packages\bson\_cbson.cp312-win_amd64.pyd
0x00007ffdbcdb0000 - 0x00007ffdbcec7000 	C:\Python312\DLLs\unicodedata.pyd
0x00007ffdd0680000 - 0x00007ffdd068c000 	C:\Python312\Lib\site-packages\pymongo\_cmessage.cp312-win_amd64.pyd
0x00007ffdfc190000 - 0x00007ffdfc1a8000 	C:\WINDOWS\SYSTEM32\kernel.appcore.dll
0x00007ffdfa0b0000 - 0x00007ffdfa15f000 	C:\WINDOWS\system32\uxtheme.dll
0x00007ffdfdbb0000 - 0x00007ffdfdc60000 	C:\WINDOWS\System32\clbcatq.dll
0x00007ffdd3280000 - 0x00007ffdd329d000 	C:\WINDOWS\SYSTEM32\amsi.dll
0x00007ffdfc690000 - 0x00007ffdfc6b8000 	C:\WINDOWS\SYSTEM32\USERENV.dll
0x00007ffdfd0d0000 - 0x00007ffdfd0f1000 	C:\WINDOWS\SYSTEM32\profapi.dll
0x00007ffdd2e10000 - 0x00007ffdd2e91000 	C:\ProgramData\Microsoft\Windows Defender\Platform\4.18.24060.7-0\MpOav.dll
0x00007ffdb8410000 - 0x00007ffdb88e2000 	C:\Python312\Lib\site-packages\pydantic_core\_pydantic_core.cp312-win_amd64.pyd
0x00007ffdfc920000 - 0x00007ffdfc92c000 	C:\WINDOWS\SYSTEM32\CRYPTBASE.DLL
0x00007ffdeec40000 - 0x00007ffdeec49000 	C:\Python312\Lib\site-packages\markupsafe\_speedups.cp312-win_amd64.pyd
0x00007ffdb8e50000 - 0x00007ffdb9129000 	C:\Python312\Lib\site-packages\numpy\core\_multiarray_umath.cp312-win_amd64.pyd
0x00007ffd027b0000 - 0x00007ffd04866000 	C:\Python312\Lib\site-packages\numpy.libs\libopenblas64__v0.3.23-293-gc2f4bdbb-gcc_10_3_0-2bde3a66a51006b2b53eb373ff767a3f.dll
0x00007ffdeec20000 - 0x00007ffdeec34000 	C:\Python312\Lib\site-packages\numpy\core\_multiarray_tests.cp312-win_amd64.pyd
0x00007ffdeea80000 - 0x00007ffdeea9d000 	C:\Python312\Lib\site-packages\numpy\linalg\_umath_linalg.cp312-win_amd64.pyd
0x00007ffdeea60000 - 0x00007ffdeea7e000 	C:\Python312\Lib\site-packages\numpy\fft\_pocketfft_internal.cp312-win_amd64.pyd
0x00007ffde00e0000 - 0x00007ffde0174000 	C:\Python312\Lib\site-packages\numpy\random\mtrand.cp312-win_amd64.pyd
0x00007ffdee6d0000 - 0x00007ffdee6fb000 	C:\Python312\Lib\site-packages\numpy\random\bit_generator.cp312-win_amd64.pyd
0x00007ffdc88e0000 - 0x00007ffdc890d000 	C:\Python312\Lib\site-packages\numpy\random\_common.cp312-win_amd64.pyd
0x00007ffdc8830000 - 0x00007ffdc886d000 	C:\Python312\Lib\site-packages\numpy\random\_bounded_integers.cp312-win_amd64.pyd
0x00007ffdee7f0000 - 0x00007ffdee806000 	C:\Python312\Lib\site-packages\numpy\random\_mt19937.cp312-win_amd64.pyd
0x00007ffded740000 - 0x00007ffded755000 	C:\Python312\Lib\site-packages\numpy\random\_philox.cp312-win_amd64.pyd
0x00007ffdc8690000 - 0x00007ffdc86a8000 	C:\Python312\Lib\site-packages\numpy\random\_pcg64.cp312-win_amd64.pyd
0x00007ffdd0af0000 - 0x00007ffdd0b00000 	C:\Python312\Lib\site-packages\numpy\random\_sfc64.cp312-win_amd64.pyd
0x00007ffdba290000 - 0x00007ffdba33d000 	C:\Python312\Lib\site-packages\numpy\random\_generator.cp312-win_amd64.pyd
0x00007ffdd08e0000 - 0x00007ffdd08eb000 	C:\Python312\Lib\site-packages\pandas\_libs\pandas_parser.cp312-win_amd64.pyd
0x00007ffdd0670000 - 0x00007ffdd067c000 	C:\Python312\Lib\site-packages\pandas\_libs\pandas_datetime.cp312-win_amd64.pyd
0x00007ffdb8bd0000 - 0x00007ffdb8ce8000 	C:\Python312\Lib\site-packages\pandas\_libs\interval.cp312-win_amd64.pyd
0x00007ffdb8a00000 - 0x00007ffdb8bc4000 	C:\Python312\Lib\site-packages\pandas\_libs\hashtable.cp312-win_amd64.pyd
0x00007ffdc7780000 - 0x00007ffdc77ae000 	C:\Python312\Lib\site-packages\pandas\_libs\missing.cp312-win_amd64.pyd
0x00007ffdc7750000 - 0x00007ffdc777d000 	C:\Python312\Lib\site-packages\pandas\_libs\tslibs\dtypes.cp312-win_amd64.pyd
0x00007ffdc8670000 - 0x00007ffdc8685000 	C:\Python312\Lib\site-packages\pandas\_libs\tslibs\ccalendar.cp312-win_amd64.pyd
0x00007ffdc7730000 - 0x00007ffdc7750000 	C:\Python312\Lib\site-packages\pandas\_libs\tslibs\np_datetime.cp312-win_amd64.pyd
0x00007ffdc2310000 - 0x00007ffdc234d000 	C:\Python312\Lib\site-packages\pandas\_libs\tslibs\conversion.cp312-win_amd64.pyd
0x00007ffdbdc40000 - 0x00007ffdbdc51000 	C:\Python312\Lib\site-packages\pandas\_libs\tslibs\base.cp312-win_amd64.pyd
0x00007ffdb8d70000 - 0x00007ffdb8e4e000 	C:\Python312\Lib\site-packages\pandas\_libs\tslibs\offsets.cp312-win_amd64.pyd
0x00007ffdb9190000 - 0x00007ffdb9211000 	C:\Python312\Lib\site-packages\pandas\_libs\tslibs\timestamps.cp312-win_amd64.pyd
0x00007ffdbdc00000 - 0x00007ffdbdc34000 	C:\Python312\Lib\site-packages\pandas\_libs\tslibs\nattype.cp312-win_amd64.pyd
0x00007ffdb8980000 - 0x00007ffdb89f9000 	C:\Python312\Lib\site-packages\pandas\_libs\tslibs\timedeltas.cp312-win_amd64.pyd
0x00007ffdba680000 - 0x00007ffdba6ba000 	C:\Python312\Lib\site-packages\pandas\_libs\tslibs\timezones.cp312-win_amd64.pyd
0x00007ffde00a0000 - 0x00007ffde00ad000 	C:\Python312\DLLs\_zoneinfo.pyd
0x00000263f0230000 - 0x00000263f0233000 	C:\WINDOWS\SYSTEM32\tzres.dll
0x00007ffdb83c0000 - 0x00007ffdb8406000 	C:\Python312\Lib\site-packages\pandas\_libs\tslibs\fields.cp312-win_amd64.pyd
0x00007ffdb8940000 - 0x00007ffdb8980000 	C:\Python312\Lib\site-packages\pandas\_libs\tslibs\tzconversion.cp312-win_amd64.pyd
0x00007ffdb9270000 - 0x00007ffdb9284000 	C:\Python312\Lib\site-packages\pandas\_libs\properties.cp312-win_amd64.pyd
0x00007ffdb8360000 - 0x00007ffdb83b4000 	C:\Python312\Lib\site-packages\pandas\_libs\tslibs\parsing.cp312-win_amd64.pyd
0x00007ffdb8310000 - 0x00007ffdb835f000 	C:\Python312\Lib\site-packages\pandas\_libs\tslibs\strptime.cp312-win_amd64.pyd
0x00007ffdb82a0000 - 0x00007ffdb830a000 	C:\Python312\Lib\site-packages\pandas\_libs\tslibs\period.cp312-win_amd64.pyd
0x00007ffdb78c0000 - 0x00007ffdb78f3000 	C:\Python312\Lib\site-packages\pandas\_libs\tslibs\vectorized.cp312-win_amd64.pyd
0x00007ffdc8a60000 - 0x00007ffdc8a70000 	C:\Python312\Lib\site-packages\pandas\_libs\ops_dispatch.cp312-win_amd64.pyd
0x00007ffdb7700000 - 0x00007ffdb78c0000 	C:\Python312\Lib\site-packages\pandas\_libs\algos.cp312-win_amd64.pyd
0x00007ffdb7650000 - 0x00007ffdb76f7000 	C:\Python312\Lib\site-packages\pandas\_libs\lib.cp312-win_amd64.pyd
0x00007ffdb7610000 - 0x00007ffdb7645000 	C:\Python312\Lib\site-packages\pandas\_libs\ops.cp312-win_amd64.pyd
0x00007ffdb8270000 - 0x00007ffdb829d000 	C:\Python312\Lib\site-packages\pandas\_libs\hashing.cp312-win_amd64.pyd
0x00007ffdb9170000 - 0x00007ffdb918c000 	C:\Python312\Lib\site-packages\pandas\_libs\arrays.cp312-win_amd64.pyd
0x00007ffdb75c0000 - 0x00007ffdb7603000 	C:\Python312\Lib\site-packages\pandas\_libs\tslib.cp312-win_amd64.pyd
0x00007ffdb74f0000 - 0x00007ffdb75c0000 	C:\Python312\Lib\site-packages\pandas\_libs\sparse.cp312-win_amd64.pyd
0x00007ffdb62b0000 - 0x00007ffdb6301000 	C:\Python312\Lib\site-packages\pandas\_libs\internals.cp312-win_amd64.pyd
0x00007ffdb79d0000 - 0x00007ffdb79e2000 	C:\Python312\Lib\site-packages\pandas\_libs\indexing.cp312-win_amd64.pyd
0x00007ffdb5980000 - 0x00007ffdb5a36000 	C:\Python312\Lib\site-packages\pandas\_libs\index.cp312-win_amd64.pyd
0x00007ffdb6270000 - 0x00007ffdb62a5000 	C:\Python312\Lib\site-packages\pandas\_libs\writers.cp312-win_amd64.pyd
0x00007ffdb0af0000 - 0x00007ffdb0bff000 	C:\Python312\Lib\site-packages\pandas\_libs\join.cp312-win_amd64.pyd
0x00007ffdb6210000 - 0x00007ffdb6267000 	C:\Python312\Lib\site-packages\pandas\_libs\window\aggregations.cp312-win_amd64.pyd
0x00007ffdb58e0000 - 0x00007ffdb597b000 	C:\Python312\Lib\site-packages\pandas.libs\msvcp140-ef6047a69b174ada5cb2eff1d2bc9a62.dll
0x00007ffdb74c0000 - 0x00007ffdb74ec000 	C:\Python312\Lib\site-packages\pandas\_libs\window\indexers.cp312-win_amd64.pyd
0x00007ffdb52f0000 - 0x00007ffdb5331000 	C:\Python312\Lib\site-packages\pandas\_libs\reshape.cp312-win_amd64.pyd
0x00007ffdb08c0000 - 0x00007ffdb0ae1000 	C:\Python312\Lib\site-packages\pandas\_libs\groupby.cp312-win_amd64.pyd
0x00007ffdb6a00000 - 0x00007ffdb6a11000 	C:\Python312\Lib\site-packages\pandas\_libs\json.cp312-win_amd64.pyd
0x00007ffdb5280000 - 0x00007ffdb52e5000 	C:\Python312\Lib\site-packages\pandas\_libs\parsers.cp312-win_amd64.pyd
0x00007ffdb5e00000 - 0x00007ffdb5e19000 	C:\Python312\Lib\site-packages\pandas\_libs\testing.cp312-win_amd64.pyd
0x00007ffdb5000000 - 0x00007ffdb5076000 	C:\Python312\Lib\site-packages\_jpype.cp312-win_amd64.pyd
0x00007ffdde920000 - 0x00007ffdde9ad000 	C:\WINDOWS\SYSTEM32\MSVCP140.dll
0x00007ffdb5260000 - 0x00007ffdb527d000 	C:\Python312\Lib\site-packages\scipy\_lib\_ccallback_c.cp312-win_amd64.pyd
0x00007ffdad520000 - 0x00007ffdad926000 	C:\Python312\Lib\site-packages\scipy\sparse\_sparsetools.cp312-win_amd64.pyd

dbghelp: loaded successfully - version: 4.0.5 - missing functions: none
symbol engine: initialized successfully - sym options: 0x614 - pdb path: .;C:\Python312;C:\WINDOWS\SYSTEM32;C:\Python312\DLLs;C:\Python312\Lib\site-packages\watchfiles;C:\Python312\Lib\site-packages\httptools\parser;C:\Python312\Lib\site-packages\websockets;C:\Python312\Lib\site-packages\bson;C:\Python312\Lib\site-packages\pymongo;C:\ProgramData\Microsoft\Windows Defender\Platform\4.18.24060.7-0;C:\Python312\Lib\site-packages\pydantic_core;C:\Python312\Lib\site-packages\markupsafe;C:\Python312\Lib\site-packages\numpy\core;C:\Python312\Lib\site-packages\numpy.libs;C:\Python312\Lib\site-packages\numpy\linalg;C:\Python312\Lib\site-packages\numpy\fft;C:\Python312\Lib\site-packages\numpy\random;C:\Python312\Lib\site-packages\pandas\_libs;C:\Python312\Lib\site-packages\pandas\_libs\tslibs;C:\Python312\Lib\site-packages\pandas\_libs\window;C:\Python312\Lib\site-packages\pandas.libs;C:\Python312\Lib\site-packages;C:\Python312\Lib\site-packages\scipy\_lib;C:\Python312\Lib\site-packages\scipy\sparse;C:\Python312\Lib\site-packages\scipy\linalg;C:\Python312\Lib\site-packages\scipy.libs;C:\Python312\Lib\site-packages\scipy\sparse\linalg\_dsolve;C:\Python312\Lib\site-packages\scipy\sparse\linalg\_eigen\arpack;C:\Python312\Lib\site-packages\scipy\sparse\linalg\_propack;C:\Python312\Lib\site-packages\scipy\sparse\csgraph;C:\Python312\Lib\site-packages\wrapt;C:\Python312\Lib\site-packages\charset_normalizer;C:\Python312\Lib\site-packages\scipy\spatial;C:\Python312\Lib\site-packages\scipy\special;C:\Python312\Lib\site-packages\scipy\spatial\transform;C:\Python312\Lib\site-packages\scipy\ndimage;C:\Python312\Lib\site-packages\scipy\optimize;C:\Python312\Lib\site-packages\scipy\optimize\_trlib;C:\Python312\Lib\site-packages\scipy\optimize\_lsq;C:\Python312\Lib\site-packages\scipy\optimize\_highs;C:\Python312\Lib\site-packages\scipy\integrate;C:\Python312\Lib\site-packages\scipy\stats;C:\Python312\Lib\site-packages\scipy\stats\_boost;C:\Python312\Lib\site-packages\scipy\interpolate;C:\Python312\Lib\site-packages\scipy\stats\_levy_stable;C:\Python312\Lib\site-packages\scipy\_lib\_uarray;C:\Python312\Lib\site-packages\scipy\fft\_pocketfft;C:\Python312\Lib\site-packages\scipy\stats\_rcont;C:\Python312\Lib\site-packages\scipy\stats\_unuran;C:\Python312\Lib\site-packages\gensim;C:\Python312\Lib\site-packages\gensim\corpora;C:\Python312\Lib\site-packages\gensim\models;C:\Python312\Lib\site-packages\gensim\similarities;C:\Python312\Lib\site-packages\sklearn\__check_build;C:\Python312\Lib\site-packages\sklearn\.libs;C:\Python312\Lib\site-packages\sklearn\utils;C:\Python312\Lib\site-packages\sklearn\metrics\cluster;C:\Python312\Lib\site-packages\sklearn\preprocessing;C:\Python312\Lib\site-packages\sklearn\metrics;C:\Python312\Lib\site-packages\sklearn\metrics\_pairwise_distances_reduction;C:\Program Files\Bonjour;C:\Program Files\Java\jdk-21\bin\server;C:\Program Files\Java\jdk-21\bin

VM Arguments:
jvm_args: -Dfile.encoding=UTF8 -ea -Xmx1024m 
java_command: <unknown>
java_class_path (initial): C:\Python312\Lib\site-packages\konlpy\java;C:\Python312\Lib\site-packages\konlpy\java\bin;C:\Python312\Lib\site-packages\konlpy\java\aho-corasick.jar;C:\Python312\Lib\site-packages\konlpy\java\jhannanum-0.8.4.jar;C:\Python312\Lib\site-packages\konlpy\java\kkma-2.0.jar;C:\Python312\Lib\site-packages\konlpy\java\komoran-3.0.jar;C:\Python312\Lib\site-packages\konlpy\java\open-korean-text-2.1.0.jar;C:\Python312\Lib\site-packages\konlpy\java\scala-library-2.12.3.jar;C:\Python312\Lib\site-packages\konlpy\java\shineware-common-1.0.jar;C:\Python312\Lib\site-packages\konlpy\java\shineware-ds-1.0.jar;C:\Python312\Lib\site-packages\konlpy\java\snakeyaml-1.12.jar;C:\Python312\Lib\site-packages\konlpy\java\twitter-text-1.14.7.jar;C:\Python312\Lib\site-packages\konlpy\java\jhannanum-0.8.4.jar;C:\Python312\Lib\site-packages\konlpy\java\kkma-2.0.jar;C:\Python312\Lib\site-packages\konlpy\java\aho-corasick.jar;C:\Python312\Lib\site-packages\konlpy\java\shineware-common-1.0.jar;C:\Python312\Lib\site-packages\konlpy\java\shineware-ds-1.0.jar;C:\Python312\Lib\site-packages\konlpy\java\komoran-3.0.jar;C:\Python312\Lib\site-packages\konlpy\java\snakeyaml-1.12.jar;C:\Python312\Lib\site-packages\konlpy\java\scala-library-2.12.3.jar;C:\Python312\Lib\site-packages\konlpy\java\open-korean-text-2.1.0.jar;C:\Python312\Lib\site-packages\konlpy\java\twitter-text-1.14.7.jar;C:\Python312\Lib\site-packages\konlpy\java\aho-corasick.jar;C:\Python312\Lib\site-packages\konlpy\java\jhannanum-0.8.4.jar;C:\Python312\Lib\site-packages\konlpy\java\kkma-2.0.jar;C:\Python312\Lib\site-packages\konlpy\java\komoran-3.0.jar;C:\Python312\Lib\site-packages\konlpy\java\open-korean-text-2.1.0.jar;C:\Python312\Lib\site-packages\konlpy\java\scala-library-2.12.3.jar;C:\Python312\Lib\site-packages\konlpy\java\shineware-common-1.0.jar;C:\Python312\Lib\site-packages\konlpy\java\shineware-ds-1.0.jar;C:\Python312\Lib\site-packages\konlpy\java\snakeyaml-1.12.jar;C:\Python312\Lib\site-packages\konlpy\java\twitter-text-1.14.7.jar
Launcher Type: generic

[Global flags]
     intx CICompilerCount                          = 4                                         {product} {ergonomic}
     uint ConcGCThreads                            = 2                                         {product} {ergonomic}
     uint G1ConcRefinementThreads                  = 8                                         {product} {ergonomic}
   size_t G1HeapRegionSize                         = 1048576                                   {product} {ergonomic}
    uintx GCDrainStackTargetSize                   = 64                                        {product} {ergonomic}
   size_t InitialHeapSize                          = 264241152                                 {product} {ergonomic}
   size_t MarkStackSize                            = 4194304                                   {product} {ergonomic}
   size_t MaxHeapSize                              = 1073741824                                {product} {command line}
   size_t MaxNewSize                               = 643825664                                 {product} {ergonomic}
   size_t MinHeapDeltaBytes                        = 1048576                                   {product} {ergonomic}
   size_t MinHeapSize                              = 8388608                                   {product} {ergonomic}
    uintx NonNMethodCodeHeapSize                   = 5839372                                {pd product} {ergonomic}
    uintx NonProfiledCodeHeapSize                  = 122909434                              {pd product} {ergonomic}
    uintx ProfiledCodeHeapSize                     = 122909434                              {pd product} {ergonomic}
    uintx ReservedCodeCacheSize                    = 251658240                              {pd product} {ergonomic}
     bool SegmentedCodeCache                       = true                                      {product} {ergonomic}
   size_t SoftMaxHeapSize                          = 1073741824                             {manageable} {ergonomic}
     bool UseCompressedOops                        = true                           {product lp64_product} {ergonomic}
     bool UseG1GC                                  = true                                      {product} {ergonomic}
     bool UseLargePagesIndividualAllocation        = false                                  {pd product} {ergonomic}

Logging:
Log output configuration:
 #0: stdout all=warning uptime,level,tags foldmultilines=false
 #1: stderr all=off uptime,level,tags foldmultilines=false

Environment Variables:
JAVA_HOME=C:\Program Files\Java\jdk-21
PATH=C:\Python312;C:\Python312\Scripts;C:\Program Files\Common Files\Oracle\Java\javapath;C:\Program Files (x86)\VMware\VMware Workstation\bin\;C:\WINDOWS\system32;C:\WINDOWS;C:\WINDOWS\System32\Wbem;C:\WINDOWS\System32\WindowsPowerShell\v1.0\;C:\WINDOWS\System32\OpenSSH\;C:\Program Files\nodejs\npm;C:\ProgramData\chocolatey\bin;C:\Program Files (x86)\Git\cmd;C:\Program Files\Kubernetes\Minikube;C:\Program Files\MongoDB\Server\7.0\bin;C:\Users\Playdata\Downloads\mongosh-2.2.9-win32-x64\mongosh-2.2.9-win32-x64\bin;C:\Program Files\Java\jdk-21\bin;C:\Program Files\MySQL\MySQL Server 8.0\bin;C:\WINDOWS\system32;C:\WINDOWS;C:\WINDOWS\System32\Wbem;C:\WINDOWS\System32\WindowsPowerShell\v1.0\;C:\WINDOWS\System32\OpenSSH\;C:\Program Files\MySQL\MySQL Server 8.0\bin;C:\WINDOWS\system32;C:\WINDOWS;C:\WINDOWS\System32\Wbem;C:\WINDOWS\System32\WindowsPowerShell\v1.0\;C:\WINDOWS\System32\OpenSSH\;C:\Users\Playdata\AppData\Local\Microsoft\WindowsApps;C:\Users\Playdata\AppData\Local\Programs\Microsoft VS Code\bin;C:\Program Files\JetBrains\IntelliJ IDEA 2024.1.1\bin;;C:\Program Files\nodejs\;C:\Program Files\JetBrains\PyCharm 2024.1.3\bin;;C:\Users\Playdata\AppData\Local\Programs\mongosh\
USERNAME=Playdata
OS=Windows_NT
PROCESSOR_IDENTIFIER=Intel64 Family 6 Model 140 Stepping 1, GenuineIntel
TMP=C:\Users\Playdata\AppData\Local\Temp
TEMP=C:\Users\Playdata\AppData\Local\Temp




Periodic native trim disabled

---------------  S Y S T E M  ---------------

OS:
 Windows 11 , 64 bit Build 22621 (10.0.22621.3672)
OS uptime: 3 days 4:05 hours
Hyper-V role detected

CPU: total 8 (initial active 8) (4 cores per cpu, 2 threads per core) family 6 model 140 stepping 1 microcode 0x8a, cx8, cmov, fxsr, ht, mmx, 3dnowpref, sse, sse2, sse3, ssse3, sse4.1, sse4.2, popcnt, lzcnt, tsc, tscinvbit, avx, avx2, aes, erms, clmul, bmi1, bmi2, adx, avx512f, avx512dq, avx512cd, avx512bw, avx512vl, sha, fma, vzeroupper, avx512_vpopcntdq, avx512_vpclmulqdq, avx512_vaes, avx512_vnni, clflush, clflushopt, clwb, avx512_vbmi2, avx512_vbmi, hv, rdtscp, rdpid, fsrm, gfni, avx512_bitalg, f16c, cet_ibt, cet_ss, avx512_ifma
Processor Information for all 8 processors :
  Max Mhz: 2419, Current Mhz: 2419, Mhz Limit: 2419

Memory: 4k page, system-wide physical 16107M (1595M free)
TotalPageFile size 38256M (AvailPageFile size 2M)
current process WorkingSet (physical memory assigned to process): 184M, peak: 184M
current process commit charge ("private bytes"): 908M, peak: 908M

vm_info: Java HotSpot(TM) 64-Bit Server VM (21.0.3+7-LTS-152) for windows-amd64 JRE (21.0.3+7-LTS-152), built on 2024-03-11T17:42:26Z by "mach5one" with MS VC++ 17.6 (VS2022)

END.
