#
# There is insufficient memory for the Java Runtime Environment to continue.
# Native memory allocation (mmap) failed to map 264241152 bytes for G1 virtual space
# Possible reasons:
#   The system is out of physical RAM or swap space
#   The process is running with CompressedOops enabled, and the Java Heap may be blocking the growth of the native heap
# Possible solutions:
#   Reduce memory load on the system
#   Increase physical memory or swap space
#   Check if swap backing store is full
#   Decrease Java heap size (-Xmx/-Xms)
#   Decrease number of Java threads
#   Decrease Java thread stack sizes (-Xss)
#   Set larger code cache with -XX:ReservedCodeCacheSize=
#   JVM is running with Unscaled Compressed Oops mode in which the Java heap is
#     placed in the first 4GB address space. The Java Heap base address is the
#     maximum limit for the native heap growth. Please use -XX:HeapBaseMinAddress
#     to set the Java Heap base and to place the Java Heap above 4GB virtual address.
# This output file may be truncated or incomplete.
#
#  Out of Memory Error (os_windows.cpp:3600), pid=21172, tid=30904
#
# JRE version:  (21.0.3+7) (build )
# Java VM: Java HotSpot(TM) 64-Bit Server VM (21.0.3+7-LTS-152, mixed mode, sharing, tiered, compressed oops, compressed class ptrs, g1 gc, windows-amd64)
# No core dump will be written. Minidumps are not enabled by default on client versions of Windows
#

---------------  S U M M A R Y ------------

Command Line: -Dfile.encoding=UTF8 -ea -Xmx1024m 

Host: 11th Gen Intel(R) Core(TM) i5-1135G7 @ 2.40GHz, 8 cores, 15G,  Windows 11 , 64 bit Build 22621 (10.0.22621.3672)
Time: Tue Jul 23 16:05:49 2024 대한민국 표준시 elapsed time: 0.042007 seconds (0d 0h 0m 0s)

---------------  T H R E A D  ---------------

Current thread (0x000002ad2b8a6c70):  JavaThread "Unknown thread" [_thread_in_vm, id=30904, stack(0x000000d85ac00000,0x000000d85adf0000) (1984K)]

Stack: [0x000000d85ac00000,0x000000d85adf0000]
Native frames: (J=compiled Java code, j=interpreted, Vv=VM code, C=native code)
C  0x00007ffdac3a63b9
C  0x00007ffdac52fa11
C  0x00007ffdac531f3e
C  0x00007ffdac532613
C  0x00007ffdabf5cd46
C  0x00007ffdac3a2b55
C  0x00007ffdac3976da
C  0x00007ffdac03051a
C  0x00007ffdac038176
C  0x00007ffdac08a84e
C  0x00007ffdac08aaf8
C  0x00007ffdac00491c
C  0x00007ffdac00547b
C  0x00007ffdac4f8f69
C  0x00007ffdac097771
C  0x00007ffdac4e2358
C  0x00007ffdac12c7ce
C  0x00007ffdac12e2a1
C  [_jpype.cp312-win_amd64.pyd+0x1228c]
C  [_jpype.cp312-win_amd64.pyd+0x417dd]
C  [python312.dll+0x61d22]
C  [python312.dll+0x2f658]
C  [python312.dll+0x2eef5]
C  [python312.dll+0x30609]
C  [python312.dll+0x2e55c]
C  [python312.dll+0x9052e]
C  [python312.dll+0x2f2da]
C  [python312.dll+0x2eef5]
C  [python312.dll+0x30609]
C  [python312.dll+0x65c4e]
C  [python312.dll+0x66485]
C  [python312.dll+0x13f1b8]
C  [python312.dll+0x13f05c]
C  [python312.dll+0x9602e]
C  [python312.dll+0xc8731]
C  [python312.dll+0xc867b]
C  [python312.dll+0x347c0]
C  [python312.dll+0x11921]
C  [python312.dll+0x245e15]
C  [python312.dll+0x23c74d]
C  [_asyncio.pyd+0x712c]
C  [_asyncio.pyd+0x6aba]
C  [python312.dll+0xa1c8a]
C  [python312.dll+0x269fb8]
C  [python312.dll+0x26a2a7]
C  [python312.dll+0x9602e]
C  [python312.dll+0xc8731]
C  [python312.dll+0xc867b]
C  [python312.dll+0x347c0]
C  [python312.dll+0x65c4e]
C  [python312.dll+0x66485]
C  [python312.dll+0x672d4]
C  [python312.dll+0x6845c]
C  [python312.dll+0x68577]
C  [python312.dll+0xe5139]
C  [python312.dll+0xe34e0]
C  [python312.dll+0x102af7]
C  [python312.dll+0x10268d]
C  [python312.dll+0x1011e1]
C  [python.exe+0x1230]
C  [KERNEL32.DLL+0x1257d]
C  [ntdll.dll+0x5af28]


---------------  P R O C E S S  ---------------

Threads class SMR info:
_java_thread_list=0x00007ffdac8a1b88, length=0, elements={
}

Java Threads: ( => current thread )
Total: 0

Other Threads:
  0x000002ad2b8b5f10 WorkerThread "GC Thread#0"                     [id=26348, stack(0x000000d85e050000,0x000000d85e240000) (1984K)]
  0x000002ad1c22cd40 ConcurrentGCThread "G1 Main Marker"            [id=16612, stack(0x000000d85e240000,0x000000d85e430000) (1984K)]
  0x000002ad2b8b62b0 WorkerThread "G1 Conc#0"                       [id=31904, stack(0x000000d85e430000,0x000000d85e620000) (1984K)]

[error occurred during error reporting (printing all threads), id 0xc0000005, EXCEPTION_ACCESS_VIOLATION (0xc0000005) at pc=0x00007ffdac017077]
VM state: not at safepoint (not fully initialized)

VM Mutex/Monitor currently owned by a thread:  ([mutex/lock_event])
[0x00007ffdac912ea8] Heap_lock - owner thread: 0x000002ad2b8a6c70

Heap address: 0x00000000c0000000, size: 1024 MB, Compressed Oops mode: 32-bit

CDS archive(s) mapped at: [0x0000000000000000-0x0000000000000000-0x0000000000000000), size 0, SharedBaseAddress: 0x0000000800000000, ArchiveRelocationMode: 1.
Narrow klass base: 0x0000000000000000, Narrow klass shift: 0, Narrow klass range: 0x0

GC Precious Log:
 CardTable entry size: 512
 Card Set container configuration: InlinePtr #cards 5 size 8 Array Of Cards #cards 12 size 40 Howl #buckets 4 coarsen threshold 1843 Howl Bitmap #cards 512 size 80 coarsen threshold 460 Card regions per heap region 1 cards per card region 2048

Heap:
 garbage-first heap   total 0K, used 0K [0x00000000c0000000, 0x0000000100000000)
  region size 1024K, 0 young (0K), 0 survivors (0K)

[error occurred during error reporting (printing heap information), id 0xc0000005, EXCEPTION_ACCESS_VIOLATION (0xc0000005) at pc=0x00007ffdac3fe669]
GC Heap History (0 events):
No events

Dll operation events (1 events):
Event: 0.017 Loaded shared library C:\Program Files\Java\jdk-21\bin\java.dll

Deoptimization events (0 events):
No events

Classes loaded (0 events):
No events

Classes unloaded (0 events):
No events

Classes redefined (0 events):
No events

Internal exceptions (0 events):
No events

ZGC Phase Switch (0 events):
No events

VM Operations (0 events):
No events

Events (0 events):
No events


Dynamic libraries:
0x00007ff755770000 - 0x00007ff75578a000 	C:\Python312\python.exe
0x00007ffdffe70000 - 0x00007ffe00087000 	C:\WINDOWS\SYSTEM32\ntdll.dll
0x00007ffdfddc0000 - 0x00007ffdfde84000 	C:\WINDOWS\System32\KERNEL32.DLL
0x00007ffdfd1a0000 - 0x00007ffdfd54d000 	C:\WINDOWS\System32\KERNELBASE.dll
0x00007ffdfd7e0000 - 0x00007ffdfd8f1000 	C:\WINDOWS\System32\ucrtbase.dll
0x00007ffdb7b00000 - 0x00007ffdb81a9000 	C:\Python312\python312.dll
0x00007ffde3880000 - 0x00007ffde389d000 	C:\Python312\VCRUNTIME140.dll
0x00007ffdffa40000 - 0x00007ffdffab1000 	C:\WINDOWS\System32\WS2_32.dll
0x00007ffdfe940000 - 0x00007ffdfea54000 	C:\WINDOWS\System32\RPCRT4.dll
0x00007ffdfd550000 - 0x00007ffdfd578000 	C:\WINDOWS\System32\bcrypt.dll
0x00007ffdff120000 - 0x00007ffdff1d2000 	C:\WINDOWS\System32\ADVAPI32.dll
0x00007ffdff950000 - 0x00007ffdff9f7000 	C:\WINDOWS\System32\msvcrt.dll
0x00007ffdff8a0000 - 0x00007ffdff949000 	C:\WINDOWS\System32\sechost.dll
0x00007ffdeec70000 - 0x00007ffdeec7a000 	C:\WINDOWS\SYSTEM32\VERSION.dll
0x00007ffdfd580000 - 0x00007ffdfd5fb000 	C:\WINDOWS\System32\bcryptprimitives.dll
0x000002ad07720000 - 0x000002ad0772f000 	C:\Python312\python3.DLL
0x00007ffde01f0000 - 0x00007ffde0206000 	C:\Python312\DLLs\_socket.pyd
0x00007ffdfbbf0000 - 0x00007ffdfbc1d000 	C:\WINDOWS\SYSTEM32\IPHLPAPI.DLL
0x00007ffdf3f40000 - 0x00007ffdf3f49000 	C:\Python312\DLLs\select.pyd
0x00007ffddfe90000 - 0x00007ffddfebd000 	C:\Python312\DLLs\_ssl.pyd
0x00007ffdfda40000 - 0x00007ffdfdba7000 	C:\WINDOWS\System32\CRYPT32.dll
0x00007ffdb6af0000 - 0x00007ffdb6fe9000 	C:\Python312\DLLs\libcrypto-3.dll
0x00007ffdff660000 - 0x00007ffdff80e000 	C:\WINDOWS\System32\USER32.dll
0x00007ffdfd900000 - 0x00007ffdfd926000 	C:\WINDOWS\System32\win32u.dll
0x00007ffdfe910000 - 0x00007ffdfe939000 	C:\WINDOWS\System32\GDI32.dll
0x00007ffdfd6c0000 - 0x00007ffdfd7d9000 	C:\WINDOWS\System32\gdi32full.dll
0x00007ffdfd9a0000 - 0x00007ffdfda3a000 	C:\WINDOWS\System32\msvcp_win.dll
0x00007ffdc8e80000 - 0x00007ffdc8f42000 	C:\Python312\DLLs\libssl-3.dll
0x00007ffdffa00000 - 0x00007ffdffa31000 	C:\WINDOWS\System32\IMM32.DLL
0x00007ffddbf50000 - 0x00007ffddbf62000 	C:\Python312\DLLs\_asyncio.pyd
0x00007ffde3870000 - 0x00007ffde387e000 	C:\Python312\DLLs\_overlapped.pyd
0x00007ffdfc5f0000 - 0x00007ffdfc659000 	C:\WINDOWS\system32\mswsock.dll
0x00007ffddbf30000 - 0x00007ffddbf46000 	C:\Python312\DLLs\_bz2.pyd
0x00007ffdd0710000 - 0x00007ffdd0739000 	C:\Python312\DLLs\_lzma.pyd
0x00007ffde0df0000 - 0x00007ffde0df9000 	C:\Python312\DLLs\_queue.pyd
0x00007ffdd0bf0000 - 0x00007ffdd0c10000 	C:\Python312\DLLs\_ctypes.pyd
0x00007ffdffac0000 - 0x00007ffdffc65000 	C:\WINDOWS\System32\ole32.dll
0x00007ffdfed90000 - 0x00007ffdff118000 	C:\WINDOWS\System32\combase.dll
0x00007ffdfebd0000 - 0x00007ffdfeca7000 	C:\WINDOWS\System32\OLEAUT32.dll
0x00007ffde08e0000 - 0x00007ffde08eb000 	C:\Python312\DLLs\libffi-8.dll
0x00007ffdfdea0000 - 0x00007ffdfe6ff000 	C:\WINDOWS\System32\shell32.DLL
0x00007ffddbdf0000 - 0x00007ffddbdfa000 	C:\Python312\DLLs\_wmi.pyd
0x00007ffdf9710000 - 0x00007ffdf9810000 	C:\WINDOWS\SYSTEM32\PROPSYS.dll
0x00007ffdd06e0000 - 0x00007ffdd06ec000 	C:\Python312\VCRUNTIME140_1.dll
0x00007ffdcff90000 - 0x00007ffdcff9a000 	C:\Python312\DLLs\_multiprocessing.pyd
0x00007ffdba6c0000 - 0x00007ffdba763000 	C:\Python312\Lib\site-packages\watchfiles\_rust_notify.cp312-win_amd64.pyd
0x00007ffdd06f0000 - 0x00007ffdd0701000 	C:\Python312\DLLs\_hashlib.pyd
0x00007ffdf3650000 - 0x00007ffdf3669000 	C:\Python312\Lib\site-packages\httptools\parser\parser.cp312-win_amd64.pyd
0x00007ffdf2c70000 - 0x00007ffdf2c7f000 	C:\Python312\Lib\site-packages\httptools\parser\url_parser.cp312-win_amd64.pyd
0x00007ffdf2c60000 - 0x00007ffdf2c68000 	C:\Python312\Lib\site-packages\websockets\speedups.cp312-win_amd64.pyd
0x00007ffddfe80000 - 0x00007ffddfe87000 	C:\Python312\DLLs\_uuid.pyd
0x00007ffdc9c40000 - 0x00007ffdc9c7e000 	C:\Python312\DLLs\_decimal.pyd
0x00007ffdd06d0000 - 0x00007ffdd06df000 	C:\Python312\Lib\site-packages\bson\_cbson.cp312-win_amd64.pyd
0x00007ffdbcdb0000 - 0x00007ffdbcec7000 	C:\Python312\DLLs\unicodedata.pyd
0x00007ffdd0680000 - 0x00007ffdd068c000 	C:\Python312\Lib\site-packages\pymongo\_cmessage.cp312-win_amd64.pyd
0x00007ffdfc190000 - 0x00007ffdfc1a8000 	C:\WINDOWS\SYSTEM32\kernel.appcore.dll
0x00007ffdfa0b0000 - 0x00007ffdfa15f000 	C:\WINDOWS\system32\uxtheme.dll
0x00007ffdfdbb0000 - 0x00007ffdfdc60000 	C:\WINDOWS\System32\clbcatq.dll
0x00007ffdd3280000 - 0x00007ffdd329d000 	C:\WINDOWS\SYSTEM32\amsi.dll
0x00007ffdfc690000 - 0x00007ffdfc6b8000 	C:\WINDOWS\SYSTEM32\USERENV.dll
0x00007ffdfd0d0000 - 0x00007ffdfd0f1000 	C:\WINDOWS\SYSTEM32\profapi.dll
0x00007ffdd2e10000 - 0x00007ffdd2e91000 	C:\ProgramData\Microsoft\Windows Defender\Platform\4.18.24060.7-0\MpOav.dll
0x00007ffdb8410000 - 0x00007ffdb88e2000 	C:\Python312\Lib\site-packages\pydantic_core\_pydantic_core.cp312-win_amd64.pyd
0x00007ffdfc920000 - 0x00007ffdfc92c000 	C:\WINDOWS\SYSTEM32\CRYPTBASE.DLL
0x00007ffdeec40000 - 0x00007ffdeec49000 	C:\Python312\Lib\site-packages\markupsafe\_speedups.cp312-win_amd64.pyd
0x00007ffdb8e50000 - 0x00007ffdb9129000 	C:\Python312\Lib\site-packages\numpy\core\_multiarray_umath.cp312-win_amd64.pyd
0x00007ffd027b0000 - 0x00007ffd04866000 	C:\Python312\Lib\site-packages\numpy.libs\libopenblas64__v0.3.23-293-gc2f4bdbb-gcc_10_3_0-2bde3a66a51006b2b53eb373ff767a3f.dll
0x00007ffdeec20000 - 0x00007ffdeec34000 	C:\Python312\Lib\site-packages\numpy\core\_multiarray_tests.cp312-win_amd64.pyd
0x00007ffdeea80000 - 0x00007ffdeea9d000 	C:\Python312\Lib\site-packages\numpy\linalg\_umath_linalg.cp312-win_amd64.pyd
0x00007ffdeea60000 - 0x00007ffdeea7e000 	C:\Python312\Lib\site-packages\numpy\fft\_pocketfft_internal.cp312-win_amd64.pyd
0x00007ffde00e0000 - 0x00007ffde0174000 	C:\Python312\Lib\site-packages\numpy\random\mtrand.cp312-win_amd64.pyd
0x00007ffdee6d0000 - 0x00007ffdee6fb000 	C:\Python312\Lib\site-packages\numpy\random\bit_generator.cp312-win_amd64.pyd
0x00007ffdc88e0000 - 0x00007ffdc890d000 	C:\Python312\Lib\site-packages\numpy\random\_common.cp312-win_amd64.pyd
0x00007ffdc8830000 - 0x00007ffdc886d000 	C:\Python312\Lib\site-packages\numpy\random\_bounded_integers.cp312-win_amd64.pyd
0x00007ffdee7f0000 - 0x00007ffdee806000 	C:\Python312\Lib\site-packages\numpy\random\_mt19937.cp312-win_amd64.pyd
0x00007ffded740000 - 0x00007ffded755000 	C:\Python312\Lib\site-packages\numpy\random\_philox.cp312-win_amd64.pyd
0x00007ffdc8690000 - 0x00007ffdc86a8000 	C:\Python312\Lib\site-packages\numpy\random\_pcg64.cp312-win_amd64.pyd
0x00007ffdd0af0000 - 0x00007ffdd0b00000 	C:\Python312\Lib\site-packages\numpy\random\_sfc64.cp312-win_amd64.pyd
0x00007ffdba290000 - 0x00007ffdba33d000 	C:\Python312\Lib\site-packages\numpy\random\_generator.cp312-win_amd64.pyd
0x00007ffdd08e0000 - 0x00007ffdd08eb000 	C:\Python312\Lib\site-packages\pandas\_libs\pandas_parser.cp312-win_amd64.pyd
0x00007ffdd0670000 - 0x00007ffdd067c000 	C:\Python312\Lib\site-packages\pandas\_libs\pandas_datetime.cp312-win_amd64.pyd
0x00007ffdb8bd0000 - 0x00007ffdb8ce8000 	C:\Python312\Lib\site-packages\pandas\_libs\interval.cp312-win_amd64.pyd
0x00007ffdb8a00000 - 0x00007ffdb8bc4000 	C:\Python312\Lib\site-packages\pandas\_libs\hashtable.cp312-win_amd64.pyd
0x00007ffdc7780000 - 0x00007ffdc77ae000 	C:\Python312\Lib\site-packages\pandas\_libs\missing.cp312-win_amd64.pyd
0x00007ffdc7750000 - 0x00007ffdc777d000 	C:\Python312\Lib\site-packages\pandas\_libs\tslibs\dtypes.cp312-win_amd64.pyd
0x00007ffdc8670000 - 0x00007ffdc8685000 	C:\Python312\Lib\site-packages\pandas\_libs\tslibs\ccalendar.cp312-win_amd64.pyd
0x00007ffdc7730000 - 0x00007ffdc7750000 	C:\Python312\Lib\site-packages\pandas\_libs\tslibs\np_datetime.cp312-win_amd64.pyd
0x00007ffdc2310000 - 0x00007ffdc234d000 	C:\Python312\Lib\site-packages\pandas\_libs\tslibs\conversion.cp312-win_amd64.pyd
0x00007ffdbdc40000 - 0x00007ffdbdc51000 	C:\Python312\Lib\site-packages\pandas\_libs\tslibs\base.cp312-win_amd64.pyd
0x00007ffdb8d70000 - 0x00007ffdb8e4e000 	C:\Python312\Lib\site-packages\pandas\_libs\tslibs\offsets.cp312-win_amd64.pyd
0x00007ffdb9190000 - 0x00007ffdb9211000 	C:\Python312\Lib\site-packages\pandas\_libs\tslibs\timestamps.cp312-win_amd64.pyd
0x00007ffdbdc00000 - 0x00007ffdbdc34000 	C:\Python312\Lib\site-packages\pandas\_libs\tslibs\nattype.cp312-win_amd64.pyd
0x00007ffdb8980000 - 0x00007ffdb89f9000 	C:\Python312\Lib\site-packages\pandas\_libs\tslibs\timedeltas.cp312-win_amd64.pyd
0x00007ffdba680000 - 0x00007ffdba6ba000 	C:\Python312\Lib\site-packages\pandas\_libs\tslibs\timezones.cp312-win_amd64.pyd
0x00007ffde00a0000 - 0x00007ffde00ad000 	C:\Python312\DLLs\_zoneinfo.pyd
0x000002ad0ab90000 - 0x000002ad0ab93000 	C:\WINDOWS\SYSTEM32\tzres.dll
0x00007ffdb83c0000 - 0x00007ffdb8406000 	C:\Python312\Lib\site-packages\pandas\_libs\tslibs\fields.cp312-win_amd64.pyd
0x00007ffdb8940000 - 0x00007ffdb8980000 	C:\Python312\Lib\site-packages\pandas\_libs\tslibs\tzconversion.cp312-win_amd64.pyd
0x00007ffdb9270000 - 0x00007ffdb9284000 	C:\Python312\Lib\site-packages\pandas\_libs\properties.cp312-win_amd64.pyd
0x00007ffdb8360000 - 0x00007ffdb83b4000 	C:\Python312\Lib\site-packages\pandas\_libs\tslibs\parsing.cp312-win_amd64.pyd
0x00007ffdb8310000 - 0x00007ffdb835f000 	C:\Python312\Lib\site-packages\pandas\_libs\tslibs\strptime.cp312-win_amd64.pyd
0x00007ffdb82a0000 - 0x00007ffdb830a000 	C:\Python312\Lib\site-packages\pandas\_libs\tslibs\period.cp312-win_amd64.pyd
0x00007ffdb78c0000 - 0x00007ffdb78f3000 	C:\Python312\Lib\site-packages\pandas\_libs\tslibs\vectorized.cp312-win_amd64.pyd
0x00007ffdc8a60000 - 0x00007ffdc8a70000 	C:\Python312\Lib\site-packages\pandas\_libs\ops_dispatch.cp312-win_amd64.pyd
0x00007ffdb7700000 - 0x00007ffdb78c0000 	C:\Python312\Lib\site-packages\pandas\_libs\algos.cp312-win_amd64.pyd
0x00007ffdb7650000 - 0x00007ffdb76f7000 	C:\Python312\Lib\site-packages\pandas\_libs\lib.cp312-win_amd64.pyd
0x00007ffdb7610000 - 0x00007ffdb7645000 	C:\Python312\Lib\site-packages\pandas\_libs\ops.cp312-win_amd64.pyd
0x00007ffdb8270000 - 0x00007ffdb829d000 	C:\Python312\Lib\site-packages\pandas\_libs\hashing.cp312-win_amd64.pyd
0x00007ffdb9170000 - 0x00007ffdb918c000 	C:\Python312\Lib\site-packages\pandas\_libs\arrays.cp312-win_amd64.pyd
0x00007ffdb75c0000 - 0x00007ffdb7603000 	C:\Python312\Lib\site-packages\pandas\_libs\tslib.cp312-win_amd64.pyd
0x00007ffdb74f0000 - 0x00007ffdb75c0000 	C:\Python312\Lib\site-packages\pandas\_libs\sparse.cp312-win_amd64.pyd
0x00007ffdb62b0000 - 0x00007ffdb6301000 	C:\Python312\Lib\site-packages\pandas\_libs\internals.cp312-win_amd64.pyd
0x00007ffdb79d0000 - 0x00007ffdb79e2000 	C:\Python312\Lib\site-packages\pandas\_libs\indexing.cp312-win_amd64.pyd
0x00007ffdb5980000 - 0x00007ffdb5a36000 	C:\Python312\Lib\site-packages\pandas\_libs\index.cp312-win_amd64.pyd
0x00007ffdb6270000 - 0x00007ffdb62a5000 	C:\Python312\Lib\site-packages\pandas\_libs\writers.cp312-win_amd64.pyd
0x00007ffdb0af0000 - 0x00007ffdb0bff000 	C:\Python312\Lib\site-packages\pandas\_libs\join.cp312-win_amd64.pyd
0x00007ffdb6210000 - 0x00007ffdb6267000 	C:\Python312\Lib\site-packages\pandas\_libs\window\aggregations.cp312-win_amd64.pyd
0x00007ffdb58e0000 - 0x00007ffdb597b000 	C:\Python312\Lib\site-packages\pandas.libs\msvcp140-ef6047a69b174ada5cb2eff1d2bc9a62.dll
0x00007ffdb74c0000 - 0x00007ffdb74ec000 	C:\Python312\Lib\site-packages\pandas\_libs\window\indexers.cp312-win_amd64.pyd
0x00007ffdb52f0000 - 0x00007ffdb5331000 	C:\Python312\Lib\site-packages\pandas\_libs\reshape.cp312-win_amd64.pyd
0x00007ffdb08c0000 - 0x00007ffdb0ae1000 	C:\Python312\Lib\site-packages\pandas\_libs\groupby.cp312-win_amd64.pyd
0x00007ffdb6a00000 - 0x00007ffdb6a11000 	C:\Python312\Lib\site-packages\pandas\_libs\json.cp312-win_amd64.pyd
0x00007ffdb5280000 - 0x00007ffdb52e5000 	C:\Python312\Lib\site-packages\pandas\_libs\parsers.cp312-win_amd64.pyd
0x00007ffdb5e00000 - 0x00007ffdb5e19000 	C:\Python312\Lib\site-packages\pandas\_libs\testing.cp312-win_amd64.pyd
0x00007ffdb5000000 - 0x00007ffdb5076000 	C:\Python312\Lib\site-packages\_jpype.cp312-win_amd64.pyd
0x00007ffdde920000 - 0x00007ffdde9ad000 	C:\WINDOWS\SYSTEM32\MSVCP140.dll
0x00007ffdb5260000 - 0x00007ffdb527d000 	C:\Python312\Lib\site-packages\scipy\_lib\_ccallback_c.cp312-win_amd64.pyd
0x00007ffdad520000 - 0x00007ffdad926000 	C:\Python312\Lib\site-packages\scipy\sparse\_sparsetools.cp312-win_amd64.pyd

dbghelp: loaded successfully - version: 4.0.5 - missing functions: none
symbol engine: initialized successfully - sym options: 0x614 - pdb path: .;C:\Python312;C:\WINDOWS\SYSTEM32;C:\Python312\DLLs;C:\Python312\Lib\site-packages\watchfiles;C:\Python312\Lib\site-packages\httptools\parser;C:\Python312\Lib\site-packages\websockets;C:\Python312\Lib\site-packages\bson;C:\Python312\Lib\site-packages\pymongo;C:\ProgramData\Microsoft\Windows Defender\Platform\4.18.24060.7-0;C:\Python312\Lib\site-packages\pydantic_core;C:\Python312\Lib\site-packages\markupsafe;C:\Python312\Lib\site-packages\numpy\core;C:\Python312\Lib\site-packages\numpy.libs;C:\Python312\Lib\site-packages\numpy\linalg;C:\Python312\Lib\site-packages\numpy\fft;C:\Python312\Lib\site-packages\numpy\random;C:\Python312\Lib\site-packages\pandas\_libs;C:\Python312\Lib\site-packages\pandas\_libs\tslibs;C:\Python312\Lib\site-packages\pandas\_libs\window;C:\Python312\Lib\site-packages\pandas.libs;C:\Python312\Lib\site-packages;C:\Python312\Lib\site-packages\scipy\_lib;C:\Python312\Lib\site-packages\scipy\sparse;C:\Python312\Lib\site-packages\scipy\linalg;C:\Python312\Lib\site-packages\scipy.libs;C:\Python312\Lib\site-packages\scipy\sparse\linalg\_dsolve;C:\Python312\Lib\site-packages\scipy\sparse\linalg\_eigen\arpack;C:\Python312\Lib\site-packages\scipy\sparse\linalg\_propack;C:\Python312\Lib\site-packages\scipy\sparse\csgraph;C:\Python312\Lib\site-packages\wrapt;C:\Python312\Lib\site-packages\charset_normalizer;C:\Python312\Lib\site-packages\scipy\spatial;C:\Python312\Lib\site-packages\scipy\special;C:\Python312\Lib\site-packages\scipy\spatial\transform;C:\Python312\Lib\site-packages\scipy\ndimage;C:\Python312\Lib\site-packages\scipy\optimize;C:\Python312\Lib\site-packages\scipy\optimize\_trlib;C:\Python312\Lib\site-packages\scipy\optimize\_lsq;C:\Python312\Lib\site-packages\scipy\optimize\_highs;C:\Python312\Lib\site-packages\scipy\integrate;C:\Python312\Lib\site-packages\scipy\stats;C:\Python312\Lib\site-packages\scipy\stats\_boost;C:\Python312\Lib\site-packages\scipy\interpolate;C:\Python312\Lib\site-packages\scipy\stats\_levy_stable;C:\Python312\Lib\site-packages\scipy\_lib\_uarray;C:\Python312\Lib\site-packages\scipy\fft\_pocketfft;C:\Python312\Lib\site-packages\scipy\stats\_rcont;C:\Python312\Lib\site-packages\scipy\stats\_unuran;C:\Python312\Lib\site-packages\gensim;C:\Python312\Lib\site-packages\gensim\corpora;C:\Python312\Lib\site-packages\gensim\models;C:\Python312\Lib\site-packages\gensim\similarities;C:\Python312\Lib\site-packages\sklearn\__check_build;C:\Python312\Lib\site-packages\sklearn\.libs;C:\Python312\Lib\site-packages\sklearn\utils;C:\Python312\Lib\site-packages\sklearn\metrics\cluster;C:\Python312\Lib\site-packages\sklearn\preprocessing;C:\Python312\Lib\site-packages\sklearn\metrics;C:\Python312\Lib\site-packages\sklearn\metrics\_pairwise_distances_reduction;C:\Program Files\Bonjour;C:\Program Files\Java\jdk-21\bin\server;C:\Program Files\Java\jdk-21\bin

VM Arguments:
jvm_args: -Dfile.encoding=UTF8 -ea -Xmx1024m 
java_command: <unknown>
java_class_path (initial): C:\Python312\Lib\site-packages\konlpy\java;C:\Python312\Lib\site-packages\konlpy\java\bin;C:\Python312\Lib\site-packages\konlpy\java\aho-corasick.jar;C:\Python312\Lib\site-packages\konlpy\java\jhannanum-0.8.4.jar;C:\Python312\Lib\site-packages\konlpy\java\kkma-2.0.jar;C:\Python312\Lib\site-packages\konlpy\java\komoran-3.0.jar;C:\Python312\Lib\site-packages\konlpy\java\open-korean-text-2.1.0.jar;C:\Python312\Lib\site-packages\konlpy\java\scala-library-2.12.3.jar;C:\Python312\Lib\site-packages\konlpy\java\shineware-common-1.0.jar;C:\Python312\Lib\site-packages\konlpy\java\shineware-ds-1.0.jar;C:\Python312\Lib\site-packages\konlpy\java\snakeyaml-1.12.jar;C:\Python312\Lib\site-packages\konlpy\java\twitter-text-1.14.7.jar;C:\Python312\Lib\site-packages\konlpy\java\jhannanum-0.8.4.jar;C:\Python312\Lib\site-packages\konlpy\java\kkma-2.0.jar;C:\Python312\Lib\site-packages\konlpy\java\aho-corasick.jar;C:\Python312\Lib\site-packages\konlpy\java\shineware-common-1.0.jar;C:\Python312\Lib\site-packages\konlpy\java\shineware-ds-1.0.jar;C:\Python312\Lib\site-packages\konlpy\java\komoran-3.0.jar;C:\Python312\Lib\site-packages\konlpy\java\snakeyaml-1.12.jar;C:\Python312\Lib\site-packages\konlpy\java\scala-library-2.12.3.jar;C:\Python312\Lib\site-packages\konlpy\java\open-korean-text-2.1.0.jar;C:\Python312\Lib\site-packages\konlpy\java\twitter-text-1.14.7.jar;C:\Python312\Lib\site-packages\konlpy\java\aho-corasick.jar;C:\Python312\Lib\site-packages\konlpy\java\jhannanum-0.8.4.jar;C:\Python312\Lib\site-packages\konlpy\java\kkma-2.0.jar;C:\Python312\Lib\site-packages\konlpy\java\komoran-3.0.jar;C:\Python312\Lib\site-packages\konlpy\java\open-korean-text-2.1.0.jar;C:\Python312\Lib\site-packages\konlpy\java\scala-library-2.12.3.jar;C:\Python312\Lib\site-packages\konlpy\java\shineware-common-1.0.jar;C:\Python312\Lib\site-packages\konlpy\java\shineware-ds-1.0.jar;C:\Python312\Lib\site-packages\konlpy\java\snakeyaml-1.12.jar;C:\Python312\Lib\site-packages\konlpy\java\twitter-text-1.14.7.jar
Launcher Type: generic

[Global flags]
     intx CICompilerCount                          = 4                                         {product} {ergonomic}
     uint ConcGCThreads                            = 2                                         {product} {ergonomic}
     uint G1ConcRefinementThreads                  = 8                                         {product} {ergonomic}
   size_t G1HeapRegionSize                         = 1048576                                   {product} {ergonomic}
    uintx GCDrainStackTargetSize                   = 64                                        {product} {ergonomic}
   size_t InitialHeapSize                          = 264241152                                 {product} {ergonomic}
   size_t MarkStackSize                            = 4194304                                   {product} {ergonomic}
   size_t MaxHeapSize                              = 1073741824                                {product} {command line}
   size_t MinHeapDeltaBytes                        = 1048576                                   {product} {ergonomic}
   size_t MinHeapSize                              = 8388608                                   {product} {ergonomic}
    uintx NonNMethodCodeHeapSize                   = 5839372                                {pd product} {ergonomic}
    uintx NonProfiledCodeHeapSize                  = 122909434                              {pd product} {ergonomic}
    uintx ProfiledCodeHeapSize                     = 122909434                              {pd product} {ergonomic}
    uintx ReservedCodeCacheSize                    = 251658240                              {pd product} {ergonomic}
     bool SegmentedCodeCache                       = true                                      {product} {ergonomic}
   size_t SoftMaxHeapSize                          = 1073741824                             {manageable} {ergonomic}
     bool UseCompressedOops                        = true                           {product lp64_product} {ergonomic}
     bool UseG1GC                                  = true                                      {product} {ergonomic}
     bool UseLargePagesIndividualAllocation        = false                                  {pd product} {ergonomic}

Logging:
Log output configuration:
 #0: stdout all=warning uptime,level,tags foldmultilines=false
 #1: stderr all=off uptime,level,tags foldmultilines=false

Environment Variables:
JAVA_HOME=C:\Program Files\Java\jdk-21
PATH=C:\Python312;C:\Python312\Scripts;C:\Program Files\Common Files\Oracle\Java\javapath;C:\Program Files (x86)\VMware\VMware Workstation\bin\;C:\WINDOWS\system32;C:\WINDOWS;C:\WINDOWS\System32\Wbem;C:\WINDOWS\System32\WindowsPowerShell\v1.0\;C:\WINDOWS\System32\OpenSSH\;C:\Program Files\nodejs\npm;C:\ProgramData\chocolatey\bin;C:\Program Files (x86)\Git\cmd;C:\Program Files\Kubernetes\Minikube;C:\Program Files\MongoDB\Server\7.0\bin;C:\Users\Playdata\Downloads\mongosh-2.2.9-win32-x64\mongosh-2.2.9-win32-x64\bin;C:\Program Files\Java\jdk-21\bin;C:\Program Files\MySQL\MySQL Server 8.0\bin;C:\WINDOWS\system32;C:\WINDOWS;C:\WINDOWS\System32\Wbem;C:\WINDOWS\System32\WindowsPowerShell\v1.0\;C:\WINDOWS\System32\OpenSSH\;C:\Program Files\MySQL\MySQL Server 8.0\bin;C:\WINDOWS\system32;C:\WINDOWS;C:\WINDOWS\System32\Wbem;C:\WINDOWS\System32\WindowsPowerShell\v1.0\;C:\WINDOWS\System32\OpenSSH\;C:\Users\Playdata\AppData\Local\Microsoft\WindowsApps;C:\Users\Playdata\AppData\Local\Programs\Microsoft VS Code\bin;C:\Program Files\JetBrains\IntelliJ IDEA 2024.1.1\bin;;C:\Program Files\nodejs\;C:\Program Files\JetBrains\PyCharm 2024.1.3\bin;;C:\Users\Playdata\AppData\Local\Programs\mongosh\
USERNAME=Playdata
OS=Windows_NT
PROCESSOR_IDENTIFIER=Intel64 Family 6 Model 140 Stepping 1, GenuineIntel
TMP=C:\Users\Playdata\AppData\Local\Temp
TEMP=C:\Users\Playdata\AppData\Local\Temp




Periodic native trim disabled

---------------  S Y S T E M  ---------------

OS:
 Windows 11 , 64 bit Build 22621 (10.0.22621.3672)
OS uptime: 3 days 3:57 hours
Hyper-V role detected

CPU: total 8 (initial active 8) (4 cores per cpu, 2 threads per core) family 6 model 140 stepping 1 microcode 0x8a, cx8, cmov, fxsr, ht, mmx, 3dnowpref, sse, sse2, sse3, ssse3, sse4.1, sse4.2, popcnt, lzcnt, tsc, tscinvbit, avx, avx2, aes, erms, clmul, bmi1, bmi2, adx, avx512f, avx512dq, avx512cd, avx512bw, avx512vl, sha, fma, vzeroupper, avx512_vpopcntdq, avx512_vpclmulqdq, avx512_vaes, avx512_vnni, clflush, clflushopt, clwb, avx512_vbmi2, avx512_vbmi, hv, rdtscp, rdpid, fsrm, gfni, avx512_bitalg, f16c, cet_ibt, cet_ss, avx512_ifma
Processor Information for all 8 processors :
  Max Mhz: 2419, Current Mhz: 2419, Mhz Limit: 2419

Memory: 4k page, system-wide physical 16107M (608M free)
TotalPageFile size 38256M (AvailPageFile size 764M)
current process WorkingSet (physical memory assigned to process): 168M, peak: 168M
current process commit charge ("private bytes"): 636M, peak: 888M

vm_info: Java HotSpot(TM) 64-Bit Server VM (21.0.3+7-LTS-152) for windows-amd64 JRE (21.0.3+7-LTS-152), built on 2024-03-11T17:42:26Z by "mach5one" with MS VC++ 17.6 (VS2022)

END.
